2025-11-26 07:18:58,206 - INFO - PyTorch version 2.6.0 available.
2025-11-26 07:19:01,625 - DEBUG - Registering a new Serializable subclass: <class 'simple_parsing.helpers.serialization.serializable.Serializable'>
2025-11-26 07:19:01,625 - DEBUG - parents: [<class 'simple_parsing.helpers.serialization.serializable.SerializableMixin'>]
2025-11-26 07:19:01,625 - DEBUG - Registering a new Serializable subclass: <class 'simple_parsing.helpers.serialization.serializable.FrozenSerializable'>
2025-11-26 07:19:01,625 - DEBUG - parents: [<class 'simple_parsing.helpers.serialization.serializable.SerializableMixin'>]
2025-11-26 07:19:01,626 - DEBUG - Registering a new Serializable subclass: <class 'simple_parsing.helpers.serialization.serializable.SimpleSerializable'>
2025-11-26 07:19:01,626 - DEBUG - Registering a new Serializable subclass: <class 'simple_parsing.helpers.serialization.yaml_serialization.YamlSerializable'>
2025-11-26 07:19:01,626 - DEBUG - parents: [<class 'simple_parsing.helpers.serialization.serializable.Serializable'>, <class 'simple_parsing.helpers.serialization.serializable.SerializableMixin'>]
2025-11-26 07:19:01,626 - DEBUG - Parent class <class 'simple_parsing.helpers.serialization.serializable.Serializable'> has decode_into_subclasses = False
2025-11-26 07:19:01,626 - DEBUG - Registering a new Serializable subclass: <class 'simple_parsing.helpers.hparams.hyperparameters.BoundInfo'>
2025-11-26 07:19:01,626 - DEBUG - parents: [<class 'simple_parsing.helpers.serialization.serializable.Serializable'>, <class 'simple_parsing.helpers.serialization.serializable.SerializableMixin'>]
2025-11-26 07:19:01,627 - DEBUG - Parent class <class 'simple_parsing.helpers.serialization.serializable.Serializable'> has decode_into_subclasses = False
2025-11-26 07:19:01,627 - DEBUG - Registering a new Serializable subclass: <class 'simple_parsing.helpers.hparams.hyperparameters.HyperParameters'>
2025-11-26 07:19:03,459 - INFO - Use pytorch device_name: cuda:0
2025-11-26 07:19:03,459 - INFO - Load pretrained SentenceTransformer: all-MiniLM-L6-v2
2025-11-26 07:19:03,461 - DEBUG - Starting new HTTPS connection (1): huggingface.co:443
2025-11-26 07:19:03,810 - DEBUG - https://huggingface.co:443 "HEAD /sentence-transformers/all-MiniLM-L6-v2/resolve/main/modules.json HTTP/1.1" 307 0
2025-11-26 07:19:03,833 - DEBUG - https://huggingface.co:443 "HEAD /api/resolve-cache/models/sentence-transformers/all-MiniLM-L6-v2/c9745ed1d9f207416be6d2e6f8de32d1f16199bf/modules.json HTTP/1.1" 200 0
2025-11-26 07:19:03,983 - DEBUG - https://huggingface.co:443 "HEAD /sentence-transformers/all-MiniLM-L6-v2/resolve/main/config_sentence_transformers.json HTTP/1.1" 307 0
2025-11-26 07:19:04,006 - DEBUG - https://huggingface.co:443 "HEAD /api/resolve-cache/models/sentence-transformers/all-MiniLM-L6-v2/c9745ed1d9f207416be6d2e6f8de32d1f16199bf/config_sentence_transformers.json HTTP/1.1" 200 0
2025-11-26 07:19:04,153 - DEBUG - https://huggingface.co:443 "HEAD /sentence-transformers/all-MiniLM-L6-v2/resolve/main/config_sentence_transformers.json HTTP/1.1" 307 0
2025-11-26 07:19:04,176 - DEBUG - https://huggingface.co:443 "HEAD /api/resolve-cache/models/sentence-transformers/all-MiniLM-L6-v2/c9745ed1d9f207416be6d2e6f8de32d1f16199bf/config_sentence_transformers.json HTTP/1.1" 200 0
2025-11-26 07:19:04,327 - DEBUG - https://huggingface.co:443 "HEAD /sentence-transformers/all-MiniLM-L6-v2/resolve/main/README.md HTTP/1.1" 307 0
2025-11-26 07:19:04,350 - DEBUG - https://huggingface.co:443 "HEAD /api/resolve-cache/models/sentence-transformers/all-MiniLM-L6-v2/c9745ed1d9f207416be6d2e6f8de32d1f16199bf/README.md HTTP/1.1" 200 0
2025-11-26 07:19:04,499 - DEBUG - https://huggingface.co:443 "HEAD /sentence-transformers/all-MiniLM-L6-v2/resolve/main/modules.json HTTP/1.1" 307 0
2025-11-26 07:19:04,522 - DEBUG - https://huggingface.co:443 "HEAD /api/resolve-cache/models/sentence-transformers/all-MiniLM-L6-v2/c9745ed1d9f207416be6d2e6f8de32d1f16199bf/modules.json HTTP/1.1" 200 0
2025-11-26 07:19:04,669 - DEBUG - https://huggingface.co:443 "HEAD /sentence-transformers/all-MiniLM-L6-v2/resolve/main/sentence_bert_config.json HTTP/1.1" 307 0
2025-11-26 07:19:04,691 - DEBUG - https://huggingface.co:443 "HEAD /api/resolve-cache/models/sentence-transformers/all-MiniLM-L6-v2/c9745ed1d9f207416be6d2e6f8de32d1f16199bf/sentence_bert_config.json HTTP/1.1" 200 0
2025-11-26 07:19:04,845 - DEBUG - https://huggingface.co:443 "HEAD /sentence-transformers/all-MiniLM-L6-v2/resolve/main/adapter_config.json HTTP/1.1" 404 0
2025-11-26 07:19:05,010 - DEBUG - https://huggingface.co:443 "HEAD /sentence-transformers/all-MiniLM-L6-v2/resolve/main/config.json HTTP/1.1" 307 0
2025-11-26 07:19:05,032 - DEBUG - https://huggingface.co:443 "HEAD /api/resolve-cache/models/sentence-transformers/all-MiniLM-L6-v2/c9745ed1d9f207416be6d2e6f8de32d1f16199bf/config.json HTTP/1.1" 200 0
2025-11-26 07:19:05,217 - DEBUG - https://huggingface.co:443 "HEAD /sentence-transformers/all-MiniLM-L6-v2/resolve/main/tokenizer_config.json HTTP/1.1" 307 0
2025-11-26 07:19:05,239 - DEBUG - https://huggingface.co:443 "HEAD /api/resolve-cache/models/sentence-transformers/all-MiniLM-L6-v2/c9745ed1d9f207416be6d2e6f8de32d1f16199bf/tokenizer_config.json HTTP/1.1" 200 0
2025-11-26 07:19:05,406 - DEBUG - https://huggingface.co:443 "GET /api/models/sentence-transformers/all-MiniLM-L6-v2/tree/main/additional_chat_templates?recursive=False&expand=False HTTP/1.1" 404 64
2025-11-26 07:19:05,647 - DEBUG - https://huggingface.co:443 "HEAD /sentence-transformers/all-MiniLM-L6-v2/resolve/main/1_Pooling/config.json HTTP/1.1" 307 0
2025-11-26 07:19:05,669 - DEBUG - https://huggingface.co:443 "HEAD /api/resolve-cache/models/sentence-transformers/all-MiniLM-L6-v2/c9745ed1d9f207416be6d2e6f8de32d1f16199bf/1_Pooling%2Fconfig.json HTTP/1.1" 200 0
2025-11-26 07:19:05,831 - DEBUG - https://huggingface.co:443 "GET /api/models/sentence-transformers/all-MiniLM-L6-v2 HTTP/1.1" 200 6961
2025-11-26 07:19:07,678 - WARNING - You tried to specify center_unembed=True for a model using logit softcap, but this can't be done! Softcapping is not invariant upon adding a constant Setting center_unembed=False instead.
2025-11-26 07:19:07,970 - DEBUG - https://huggingface.co:443 "HEAD /google/gemma-2-9b-it/resolve/main/config.json HTTP/1.1" 200 0
2025-11-26 07:19:12,487 - DEBUG - https://huggingface.co:443 "HEAD /google/gemma-2-9b-it/resolve/main/generation_config.json HTTP/1.1" 200 0
2025-11-26 07:19:12,655 - DEBUG - https://huggingface.co:443 "HEAD /google/gemma-2-9b-it/resolve/main/custom_generate/generate.py HTTP/1.1" 404 0
2025-11-26 07:19:13,087 - DEBUG - https://huggingface.co:443 "HEAD /google/gemma-2-9b-it/resolve/main/tokenizer_config.json HTTP/1.1" 200 0
2025-11-26 07:19:13,264 - DEBUG - https://huggingface.co:443 "GET /api/models/google/gemma-2-9b-it/tree/main/additional_chat_templates?recursive=False&expand=False HTTP/1.1" 404 64
2025-11-26 07:19:24,615 - WARNING - You are not using LayerNorm, so the writing weights can't be centered! Skipping
2025-11-26 07:57:43,677 - INFO - PyTorch version 2.6.0 available.
2025-11-26 07:57:46,963 - DEBUG - Registering a new Serializable subclass: <class 'simple_parsing.helpers.serialization.serializable.Serializable'>
2025-11-26 07:57:46,964 - DEBUG - parents: [<class 'simple_parsing.helpers.serialization.serializable.SerializableMixin'>]
2025-11-26 07:57:46,964 - DEBUG - Registering a new Serializable subclass: <class 'simple_parsing.helpers.serialization.serializable.FrozenSerializable'>
2025-11-26 07:57:46,964 - DEBUG - parents: [<class 'simple_parsing.helpers.serialization.serializable.SerializableMixin'>]
2025-11-26 07:57:46,964 - DEBUG - Registering a new Serializable subclass: <class 'simple_parsing.helpers.serialization.serializable.SimpleSerializable'>
2025-11-26 07:57:46,965 - DEBUG - Registering a new Serializable subclass: <class 'simple_parsing.helpers.serialization.yaml_serialization.YamlSerializable'>
2025-11-26 07:57:46,965 - DEBUG - parents: [<class 'simple_parsing.helpers.serialization.serializable.Serializable'>, <class 'simple_parsing.helpers.serialization.serializable.SerializableMixin'>]
2025-11-26 07:57:46,965 - DEBUG - Parent class <class 'simple_parsing.helpers.serialization.serializable.Serializable'> has decode_into_subclasses = False
2025-11-26 07:57:46,965 - DEBUG - Registering a new Serializable subclass: <class 'simple_parsing.helpers.hparams.hyperparameters.BoundInfo'>
2025-11-26 07:57:46,965 - DEBUG - parents: [<class 'simple_parsing.helpers.serialization.serializable.Serializable'>, <class 'simple_parsing.helpers.serialization.serializable.SerializableMixin'>]
2025-11-26 07:57:46,965 - DEBUG - Parent class <class 'simple_parsing.helpers.serialization.serializable.Serializable'> has decode_into_subclasses = False
2025-11-26 07:57:46,966 - DEBUG - Registering a new Serializable subclass: <class 'simple_parsing.helpers.hparams.hyperparameters.HyperParameters'>
2025-11-26 07:57:48,837 - INFO - Use pytorch device_name: cuda:0
2025-11-26 07:57:48,837 - INFO - Load pretrained SentenceTransformer: all-MiniLM-L6-v2
2025-11-26 07:57:48,844 - DEBUG - Starting new HTTPS connection (1): huggingface.co:443
2025-11-26 07:57:49,062 - DEBUG - https://huggingface.co:443 "HEAD /sentence-transformers/all-MiniLM-L6-v2/resolve/main/modules.json HTTP/1.1" 307 0
2025-11-26 07:57:49,085 - DEBUG - https://huggingface.co:443 "HEAD /api/resolve-cache/models/sentence-transformers/all-MiniLM-L6-v2/c9745ed1d9f207416be6d2e6f8de32d1f16199bf/modules.json HTTP/1.1" 200 0
2025-11-26 07:57:49,233 - DEBUG - https://huggingface.co:443 "HEAD /sentence-transformers/all-MiniLM-L6-v2/resolve/main/config_sentence_transformers.json HTTP/1.1" 307 0
2025-11-26 07:57:49,255 - DEBUG - https://huggingface.co:443 "HEAD /api/resolve-cache/models/sentence-transformers/all-MiniLM-L6-v2/c9745ed1d9f207416be6d2e6f8de32d1f16199bf/config_sentence_transformers.json HTTP/1.1" 200 0
2025-11-26 07:57:49,406 - DEBUG - https://huggingface.co:443 "HEAD /sentence-transformers/all-MiniLM-L6-v2/resolve/main/config_sentence_transformers.json HTTP/1.1" 307 0
2025-11-26 07:57:49,429 - DEBUG - https://huggingface.co:443 "HEAD /api/resolve-cache/models/sentence-transformers/all-MiniLM-L6-v2/c9745ed1d9f207416be6d2e6f8de32d1f16199bf/config_sentence_transformers.json HTTP/1.1" 200 0
2025-11-26 07:57:49,578 - DEBUG - https://huggingface.co:443 "HEAD /sentence-transformers/all-MiniLM-L6-v2/resolve/main/README.md HTTP/1.1" 307 0
2025-11-26 07:57:49,601 - DEBUG - https://huggingface.co:443 "HEAD /api/resolve-cache/models/sentence-transformers/all-MiniLM-L6-v2/c9745ed1d9f207416be6d2e6f8de32d1f16199bf/README.md HTTP/1.1" 200 0
2025-11-26 07:57:49,750 - DEBUG - https://huggingface.co:443 "HEAD /sentence-transformers/all-MiniLM-L6-v2/resolve/main/modules.json HTTP/1.1" 307 0
2025-11-26 07:57:49,773 - DEBUG - https://huggingface.co:443 "HEAD /api/resolve-cache/models/sentence-transformers/all-MiniLM-L6-v2/c9745ed1d9f207416be6d2e6f8de32d1f16199bf/modules.json HTTP/1.1" 200 0
2025-11-26 07:57:49,921 - DEBUG - https://huggingface.co:443 "HEAD /sentence-transformers/all-MiniLM-L6-v2/resolve/main/sentence_bert_config.json HTTP/1.1" 307 0
2025-11-26 07:57:49,943 - DEBUG - https://huggingface.co:443 "HEAD /api/resolve-cache/models/sentence-transformers/all-MiniLM-L6-v2/c9745ed1d9f207416be6d2e6f8de32d1f16199bf/sentence_bert_config.json HTTP/1.1" 200 0
2025-11-26 07:57:50,093 - DEBUG - https://huggingface.co:443 "HEAD /sentence-transformers/all-MiniLM-L6-v2/resolve/main/adapter_config.json HTTP/1.1" 404 0
2025-11-26 07:57:50,267 - DEBUG - https://huggingface.co:443 "HEAD /sentence-transformers/all-MiniLM-L6-v2/resolve/main/config.json HTTP/1.1" 307 0
2025-11-26 07:57:50,288 - DEBUG - https://huggingface.co:443 "HEAD /api/resolve-cache/models/sentence-transformers/all-MiniLM-L6-v2/c9745ed1d9f207416be6d2e6f8de32d1f16199bf/config.json HTTP/1.1" 200 0
2025-11-26 07:57:50,471 - DEBUG - https://huggingface.co:443 "HEAD /sentence-transformers/all-MiniLM-L6-v2/resolve/main/tokenizer_config.json HTTP/1.1" 307 0
2025-11-26 07:57:50,493 - DEBUG - https://huggingface.co:443 "HEAD /api/resolve-cache/models/sentence-transformers/all-MiniLM-L6-v2/c9745ed1d9f207416be6d2e6f8de32d1f16199bf/tokenizer_config.json HTTP/1.1" 200 0
2025-11-26 07:57:50,646 - DEBUG - https://huggingface.co:443 "GET /api/models/sentence-transformers/all-MiniLM-L6-v2/tree/main/additional_chat_templates?recursive=False&expand=False HTTP/1.1" 404 64
2025-11-26 07:57:50,836 - DEBUG - https://huggingface.co:443 "HEAD /sentence-transformers/all-MiniLM-L6-v2/resolve/main/1_Pooling/config.json HTTP/1.1" 307 0
2025-11-26 07:57:50,858 - DEBUG - https://huggingface.co:443 "HEAD /api/resolve-cache/models/sentence-transformers/all-MiniLM-L6-v2/c9745ed1d9f207416be6d2e6f8de32d1f16199bf/1_Pooling%2Fconfig.json HTTP/1.1" 200 0
2025-11-26 07:57:51,012 - DEBUG - https://huggingface.co:443 "GET /api/models/sentence-transformers/all-MiniLM-L6-v2 HTTP/1.1" 200 6968
2025-11-26 07:57:52,867 - WARNING - You tried to specify center_unembed=True for a model using logit softcap, but this can't be done! Softcapping is not invariant upon adding a constant Setting center_unembed=False instead.
2025-11-26 07:57:53,024 - DEBUG - https://huggingface.co:443 "HEAD /google/gemma-2-9b-it/resolve/main/config.json HTTP/1.1" 200 0
2025-11-26 07:57:56,035 - DEBUG - https://huggingface.co:443 "HEAD /google/gemma-2-9b-it/resolve/main/generation_config.json HTTP/1.1" 200 0
2025-11-26 07:57:56,192 - DEBUG - https://huggingface.co:443 "HEAD /google/gemma-2-9b-it/resolve/main/custom_generate/generate.py HTTP/1.1" 404 0
2025-11-26 07:57:56,500 - DEBUG - https://huggingface.co:443 "HEAD /google/gemma-2-9b-it/resolve/main/tokenizer_config.json HTTP/1.1" 200 0
2025-11-26 07:57:56,660 - DEBUG - https://huggingface.co:443 "GET /api/models/google/gemma-2-9b-it/tree/main/additional_chat_templates?recursive=False&expand=False HTTP/1.1" 404 64
2025-11-26 07:57:59,914 - WARNING - With reduced precision, it is advised to use `from_pretrained_no_processing` instead of `from_pretrained`.
2025-11-26 07:58:07,426 - WARNING - You are not using LayerNorm, so the writing weights can't be centered! Skipping
2025-11-26 07:58:50,488 - DEBUG - https://huggingface.co:443 "HEAD /google/gemma-scope-9b-it-res/resolve/main/layer_20/width_16k/average_l0_91/params.npz HTTP/1.1" 302 0
2025-11-26 07:58:50,494 - DEBUG - Attempting to acquire lock 140526324266320 on /home/petrova_am/.cache/huggingface/hub/.locks/models--google--gemma-scope-9b-it-res/bbd770b6f8b92a2fe7498e05bd6274c6cfa89ebc08fb972c0e842840737f1a82.lock
2025-11-26 07:58:50,494 - DEBUG - Lock 140526324266320 acquired on /home/petrova_am/.cache/huggingface/hub/.locks/models--google--gemma-scope-9b-it-res/bbd770b6f8b92a2fe7498e05bd6274c6cfa89ebc08fb972c0e842840737f1a82.lock
2025-11-26 07:58:50,649 - DEBUG - https://huggingface.co:443 "GET /api/models/google/gemma-scope-9b-it-res/xet-read-token/e86af97a5b6fbbccca28ab654f2fda1b0768f770 HTTP/1.1" 200 405
2025-11-26 07:58:53,055 - DEBUG - Attempting to release lock 140526324266320 on /home/petrova_am/.cache/huggingface/hub/.locks/models--google--gemma-scope-9b-it-res/bbd770b6f8b92a2fe7498e05bd6274c6cfa89ebc08fb972c0e842840737f1a82.lock
2025-11-26 07:58:53,055 - DEBUG - Lock 140526324266320 released on /home/petrova_am/.cache/huggingface/hub/.locks/models--google--gemma-scope-9b-it-res/bbd770b6f8b92a2fe7498e05bd6274c6cfa89ebc08fb972c0e842840737f1a82.lock
2025-11-26 08:20:59,654 - INFO - PyTorch version 2.6.0 available.
2025-11-26 08:21:02,982 - DEBUG - Registering a new Serializable subclass: <class 'simple_parsing.helpers.serialization.serializable.Serializable'>
2025-11-26 08:21:02,982 - DEBUG - parents: [<class 'simple_parsing.helpers.serialization.serializable.SerializableMixin'>]
2025-11-26 08:21:02,982 - DEBUG - Registering a new Serializable subclass: <class 'simple_parsing.helpers.serialization.serializable.FrozenSerializable'>
2025-11-26 08:21:02,982 - DEBUG - parents: [<class 'simple_parsing.helpers.serialization.serializable.SerializableMixin'>]
2025-11-26 08:21:02,983 - DEBUG - Registering a new Serializable subclass: <class 'simple_parsing.helpers.serialization.serializable.SimpleSerializable'>
2025-11-26 08:21:02,983 - DEBUG - Registering a new Serializable subclass: <class 'simple_parsing.helpers.serialization.yaml_serialization.YamlSerializable'>
2025-11-26 08:21:02,983 - DEBUG - parents: [<class 'simple_parsing.helpers.serialization.serializable.Serializable'>, <class 'simple_parsing.helpers.serialization.serializable.SerializableMixin'>]
2025-11-26 08:21:02,983 - DEBUG - Parent class <class 'simple_parsing.helpers.serialization.serializable.Serializable'> has decode_into_subclasses = False
2025-11-26 08:21:02,984 - DEBUG - Registering a new Serializable subclass: <class 'simple_parsing.helpers.hparams.hyperparameters.BoundInfo'>
2025-11-26 08:21:02,984 - DEBUG - parents: [<class 'simple_parsing.helpers.serialization.serializable.Serializable'>, <class 'simple_parsing.helpers.serialization.serializable.SerializableMixin'>]
2025-11-26 08:21:02,984 - DEBUG - Parent class <class 'simple_parsing.helpers.serialization.serializable.Serializable'> has decode_into_subclasses = False
2025-11-26 08:21:02,984 - DEBUG - Registering a new Serializable subclass: <class 'simple_parsing.helpers.hparams.hyperparameters.HyperParameters'>
2025-11-26 08:21:04,861 - INFO - Use pytorch device_name: cuda:0
2025-11-26 08:21:04,862 - INFO - Load pretrained SentenceTransformer: all-MiniLM-L6-v2
2025-11-26 08:21:04,864 - DEBUG - Starting new HTTPS connection (1): huggingface.co:443
2025-11-26 08:21:05,081 - DEBUG - https://huggingface.co:443 "HEAD /sentence-transformers/all-MiniLM-L6-v2/resolve/main/modules.json HTTP/1.1" 307 0
2025-11-26 08:21:05,103 - DEBUG - https://huggingface.co:443 "HEAD /api/resolve-cache/models/sentence-transformers/all-MiniLM-L6-v2/c9745ed1d9f207416be6d2e6f8de32d1f16199bf/modules.json HTTP/1.1" 200 0
2025-11-26 08:21:05,255 - DEBUG - https://huggingface.co:443 "HEAD /sentence-transformers/all-MiniLM-L6-v2/resolve/main/config_sentence_transformers.json HTTP/1.1" 307 0
2025-11-26 08:21:05,277 - DEBUG - https://huggingface.co:443 "HEAD /api/resolve-cache/models/sentence-transformers/all-MiniLM-L6-v2/c9745ed1d9f207416be6d2e6f8de32d1f16199bf/config_sentence_transformers.json HTTP/1.1" 200 0
2025-11-26 08:21:05,429 - DEBUG - https://huggingface.co:443 "HEAD /sentence-transformers/all-MiniLM-L6-v2/resolve/main/config_sentence_transformers.json HTTP/1.1" 307 0
2025-11-26 08:21:05,451 - DEBUG - https://huggingface.co:443 "HEAD /api/resolve-cache/models/sentence-transformers/all-MiniLM-L6-v2/c9745ed1d9f207416be6d2e6f8de32d1f16199bf/config_sentence_transformers.json HTTP/1.1" 200 0
2025-11-26 08:21:05,604 - DEBUG - https://huggingface.co:443 "HEAD /sentence-transformers/all-MiniLM-L6-v2/resolve/main/README.md HTTP/1.1" 307 0
2025-11-26 08:21:05,626 - DEBUG - https://huggingface.co:443 "HEAD /api/resolve-cache/models/sentence-transformers/all-MiniLM-L6-v2/c9745ed1d9f207416be6d2e6f8de32d1f16199bf/README.md HTTP/1.1" 200 0
2025-11-26 08:21:05,777 - DEBUG - https://huggingface.co:443 "HEAD /sentence-transformers/all-MiniLM-L6-v2/resolve/main/modules.json HTTP/1.1" 307 0
2025-11-26 08:21:05,800 - DEBUG - https://huggingface.co:443 "HEAD /api/resolve-cache/models/sentence-transformers/all-MiniLM-L6-v2/c9745ed1d9f207416be6d2e6f8de32d1f16199bf/modules.json HTTP/1.1" 200 0
2025-11-26 08:21:05,951 - DEBUG - https://huggingface.co:443 "HEAD /sentence-transformers/all-MiniLM-L6-v2/resolve/main/sentence_bert_config.json HTTP/1.1" 307 0
2025-11-26 08:21:05,973 - DEBUG - https://huggingface.co:443 "HEAD /api/resolve-cache/models/sentence-transformers/all-MiniLM-L6-v2/c9745ed1d9f207416be6d2e6f8de32d1f16199bf/sentence_bert_config.json HTTP/1.1" 200 0
2025-11-26 08:21:06,127 - DEBUG - https://huggingface.co:443 "HEAD /sentence-transformers/all-MiniLM-L6-v2/resolve/main/adapter_config.json HTTP/1.1" 404 0
2025-11-26 08:21:06,298 - DEBUG - https://huggingface.co:443 "HEAD /sentence-transformers/all-MiniLM-L6-v2/resolve/main/config.json HTTP/1.1" 307 0
2025-11-26 08:21:06,320 - DEBUG - https://huggingface.co:443 "HEAD /api/resolve-cache/models/sentence-transformers/all-MiniLM-L6-v2/c9745ed1d9f207416be6d2e6f8de32d1f16199bf/config.json HTTP/1.1" 200 0
2025-11-26 08:21:06,502 - DEBUG - https://huggingface.co:443 "HEAD /sentence-transformers/all-MiniLM-L6-v2/resolve/main/tokenizer_config.json HTTP/1.1" 307 0
2025-11-26 08:21:06,524 - DEBUG - https://huggingface.co:443 "HEAD /api/resolve-cache/models/sentence-transformers/all-MiniLM-L6-v2/c9745ed1d9f207416be6d2e6f8de32d1f16199bf/tokenizer_config.json HTTP/1.1" 200 0
2025-11-26 08:21:06,706 - DEBUG - https://huggingface.co:443 "GET /api/models/sentence-transformers/all-MiniLM-L6-v2/tree/main/additional_chat_templates?recursive=False&expand=False HTTP/1.1" 404 64
2025-11-26 08:21:06,902 - DEBUG - https://huggingface.co:443 "HEAD /sentence-transformers/all-MiniLM-L6-v2/resolve/main/1_Pooling/config.json HTTP/1.1" 307 0
2025-11-26 08:21:06,923 - DEBUG - https://huggingface.co:443 "HEAD /api/resolve-cache/models/sentence-transformers/all-MiniLM-L6-v2/c9745ed1d9f207416be6d2e6f8de32d1f16199bf/1_Pooling%2Fconfig.json HTTP/1.1" 200 0
2025-11-26 08:21:07,086 - DEBUG - https://huggingface.co:443 "GET /api/models/sentence-transformers/all-MiniLM-L6-v2 HTTP/1.1" 200 6968
2025-11-26 08:21:08,882 - WARNING - You tried to specify center_unembed=True for a model using logit softcap, but this can't be done! Softcapping is not invariant upon adding a constant Setting center_unembed=False instead.
2025-11-26 08:21:09,038 - DEBUG - https://huggingface.co:443 "HEAD /google/gemma-2-9b-it/resolve/main/config.json HTTP/1.1" 200 0
2025-11-26 08:21:12,023 - DEBUG - https://huggingface.co:443 "HEAD /google/gemma-2-9b-it/resolve/main/generation_config.json HTTP/1.1" 200 0
2025-11-26 08:21:12,177 - DEBUG - https://huggingface.co:443 "HEAD /google/gemma-2-9b-it/resolve/main/custom_generate/generate.py HTTP/1.1" 404 0
2025-11-26 08:21:12,497 - DEBUG - https://huggingface.co:443 "HEAD /google/gemma-2-9b-it/resolve/main/tokenizer_config.json HTTP/1.1" 200 0
2025-11-26 08:21:12,655 - DEBUG - https://huggingface.co:443 "GET /api/models/google/gemma-2-9b-it/tree/main/additional_chat_templates?recursive=False&expand=False HTTP/1.1" 404 64
2025-11-26 08:21:15,983 - WARNING - With reduced precision, it is advised to use `from_pretrained_no_processing` instead of `from_pretrained`.
2025-11-26 08:21:23,269 - WARNING - You are not using LayerNorm, so the writing weights can't be centered! Skipping
2025-11-26 08:22:12,456 - DEBUG - https://huggingface.co:443 "HEAD /google/gemma-scope-9b-it-res/resolve/main/layer_20/width_16k/average_l0_91/params.npz HTTP/1.1" 302 0
