2026-02-09 07:17:53,928 - INFO - PyTorch version 2.6.0 available.
2026-02-09 07:17:57,315 - DEBUG - Registering a new Serializable subclass: <class 'simple_parsing.helpers.serialization.serializable.Serializable'>
2026-02-09 07:17:57,315 - DEBUG - parents: [<class 'simple_parsing.helpers.serialization.serializable.SerializableMixin'>]
2026-02-09 07:17:57,316 - DEBUG - Registering a new Serializable subclass: <class 'simple_parsing.helpers.serialization.serializable.FrozenSerializable'>
2026-02-09 07:17:57,316 - DEBUG - parents: [<class 'simple_parsing.helpers.serialization.serializable.SerializableMixin'>]
2026-02-09 07:17:57,316 - DEBUG - Registering a new Serializable subclass: <class 'simple_parsing.helpers.serialization.serializable.SimpleSerializable'>
2026-02-09 07:17:57,317 - DEBUG - Registering a new Serializable subclass: <class 'simple_parsing.helpers.serialization.yaml_serialization.YamlSerializable'>
2026-02-09 07:17:57,317 - DEBUG - parents: [<class 'simple_parsing.helpers.serialization.serializable.Serializable'>, <class 'simple_parsing.helpers.serialization.serializable.SerializableMixin'>]
2026-02-09 07:17:57,317 - DEBUG - Parent class <class 'simple_parsing.helpers.serialization.serializable.Serializable'> has decode_into_subclasses = False
2026-02-09 07:17:57,317 - DEBUG - Registering a new Serializable subclass: <class 'simple_parsing.helpers.hparams.hyperparameters.BoundInfo'>
2026-02-09 07:17:57,317 - DEBUG - parents: [<class 'simple_parsing.helpers.serialization.serializable.Serializable'>, <class 'simple_parsing.helpers.serialization.serializable.SerializableMixin'>]
2026-02-09 07:17:57,317 - DEBUG - Parent class <class 'simple_parsing.helpers.serialization.serializable.Serializable'> has decode_into_subclasses = False
2026-02-09 07:17:57,317 - DEBUG - Registering a new Serializable subclass: <class 'simple_parsing.helpers.hparams.hyperparameters.HyperParameters'>
2026-02-09 07:17:58,913 - DEBUG - Starting new HTTPS connection (1): huggingface.co:443
2026-02-09 07:17:59,204 - DEBUG - https://huggingface.co:443 "HEAD /roberta-large-mnli/resolve/main/tokenizer_config.json HTTP/1.1" 200 0
2026-02-09 07:17:59,366 - DEBUG - https://huggingface.co:443 "GET /api/models/roberta-large-mnli/tree/main/additional_chat_templates?recursive=False&expand=False HTTP/1.1" 307 141
2026-02-09 07:17:59,515 - DEBUG - https://huggingface.co:443 "GET /api/models/FacebookAI/roberta-large-mnli/tree/main/additional_chat_templates?recursive=False&expand=False HTTP/1.1" 404 64
2026-02-09 07:17:59,813 - DEBUG - https://huggingface.co:443 "HEAD /roberta-large-mnli/resolve/main/config.json HTTP/1.1" 200 0
2026-02-09 07:18:03,606 - INFO - Use pytorch device_name: cuda:0
2026-02-09 07:18:03,606 - INFO - Load pretrained SentenceTransformer: all-MiniLM-L6-v2
2026-02-09 07:18:03,756 - DEBUG - https://huggingface.co:443 "HEAD /sentence-transformers/all-MiniLM-L6-v2/resolve/main/modules.json HTTP/1.1" 307 0
2026-02-09 07:18:03,777 - DEBUG - https://huggingface.co:443 "HEAD /api/resolve-cache/models/sentence-transformers/all-MiniLM-L6-v2/c9745ed1d9f207416be6d2e6f8de32d1f16199bf/modules.json HTTP/1.1" 200 0
2026-02-09 07:18:03,925 - DEBUG - https://huggingface.co:443 "HEAD /sentence-transformers/all-MiniLM-L6-v2/resolve/main/config_sentence_transformers.json HTTP/1.1" 307 0
2026-02-09 07:18:03,947 - DEBUG - https://huggingface.co:443 "HEAD /api/resolve-cache/models/sentence-transformers/all-MiniLM-L6-v2/c9745ed1d9f207416be6d2e6f8de32d1f16199bf/config_sentence_transformers.json HTTP/1.1" 200 0
2026-02-09 07:18:04,096 - DEBUG - https://huggingface.co:443 "HEAD /sentence-transformers/all-MiniLM-L6-v2/resolve/main/config_sentence_transformers.json HTTP/1.1" 307 0
2026-02-09 07:18:04,118 - DEBUG - https://huggingface.co:443 "HEAD /api/resolve-cache/models/sentence-transformers/all-MiniLM-L6-v2/c9745ed1d9f207416be6d2e6f8de32d1f16199bf/config_sentence_transformers.json HTTP/1.1" 200 0
2026-02-09 07:18:04,265 - DEBUG - https://huggingface.co:443 "HEAD /sentence-transformers/all-MiniLM-L6-v2/resolve/main/README.md HTTP/1.1" 307 0
2026-02-09 07:18:04,285 - DEBUG - https://huggingface.co:443 "HEAD /api/resolve-cache/models/sentence-transformers/all-MiniLM-L6-v2/c9745ed1d9f207416be6d2e6f8de32d1f16199bf/README.md HTTP/1.1" 200 0
2026-02-09 07:18:04,438 - DEBUG - https://huggingface.co:443 "HEAD /sentence-transformers/all-MiniLM-L6-v2/resolve/main/modules.json HTTP/1.1" 307 0
2026-02-09 07:18:04,459 - DEBUG - https://huggingface.co:443 "HEAD /api/resolve-cache/models/sentence-transformers/all-MiniLM-L6-v2/c9745ed1d9f207416be6d2e6f8de32d1f16199bf/modules.json HTTP/1.1" 200 0
2026-02-09 07:18:04,607 - DEBUG - https://huggingface.co:443 "HEAD /sentence-transformers/all-MiniLM-L6-v2/resolve/main/sentence_bert_config.json HTTP/1.1" 307 0
2026-02-09 07:18:04,628 - DEBUG - https://huggingface.co:443 "HEAD /api/resolve-cache/models/sentence-transformers/all-MiniLM-L6-v2/c9745ed1d9f207416be6d2e6f8de32d1f16199bf/sentence_bert_config.json HTTP/1.1" 200 0
2026-02-09 07:18:04,779 - DEBUG - https://huggingface.co:443 "HEAD /sentence-transformers/all-MiniLM-L6-v2/resolve/main/adapter_config.json HTTP/1.1" 404 0
2026-02-09 07:18:04,925 - DEBUG - https://huggingface.co:443 "HEAD /sentence-transformers/all-MiniLM-L6-v2/resolve/main/config.json HTTP/1.1" 307 0
2026-02-09 07:18:04,947 - DEBUG - https://huggingface.co:443 "HEAD /api/resolve-cache/models/sentence-transformers/all-MiniLM-L6-v2/c9745ed1d9f207416be6d2e6f8de32d1f16199bf/config.json HTTP/1.1" 200 0
2026-02-09 07:18:05,122 - DEBUG - https://huggingface.co:443 "HEAD /sentence-transformers/all-MiniLM-L6-v2/resolve/main/tokenizer_config.json HTTP/1.1" 307 0
2026-02-09 07:18:05,143 - DEBUG - https://huggingface.co:443 "HEAD /api/resolve-cache/models/sentence-transformers/all-MiniLM-L6-v2/c9745ed1d9f207416be6d2e6f8de32d1f16199bf/tokenizer_config.json HTTP/1.1" 200 0
2026-02-09 07:18:05,293 - DEBUG - https://huggingface.co:443 "GET /api/models/sentence-transformers/all-MiniLM-L6-v2/tree/main/additional_chat_templates?recursive=False&expand=False HTTP/1.1" 404 64
2026-02-09 07:18:05,485 - DEBUG - https://huggingface.co:443 "HEAD /sentence-transformers/all-MiniLM-L6-v2/resolve/main/1_Pooling/config.json HTTP/1.1" 307 0
2026-02-09 07:18:05,507 - DEBUG - https://huggingface.co:443 "HEAD /api/resolve-cache/models/sentence-transformers/all-MiniLM-L6-v2/c9745ed1d9f207416be6d2e6f8de32d1f16199bf/1_Pooling%2Fconfig.json HTTP/1.1" 200 0
2026-02-09 07:18:05,662 - DEBUG - https://huggingface.co:443 "GET /api/models/sentence-transformers/all-MiniLM-L6-v2 HTTP/1.1" 200 6884
2026-02-09 07:18:05,719 - WARNING - You tried to specify center_unembed=True for a model using logit softcap, but this can't be done! Softcapping is not invariant upon adding a constant Setting center_unembed=False instead.
2026-02-09 07:18:05,872 - DEBUG - https://huggingface.co:443 "HEAD /google/gemma-2-9b-it/resolve/main/config.json HTTP/1.1" 200 0
2026-02-09 07:18:08,831 - DEBUG - https://huggingface.co:443 "HEAD /google/gemma-2-9b-it/resolve/main/generation_config.json HTTP/1.1" 200 0
2026-02-09 07:18:08,985 - DEBUG - https://huggingface.co:443 "HEAD /google/gemma-2-9b-it/resolve/main/custom_generate/generate.py HTTP/1.1" 404 0
2026-02-09 07:18:09,313 - DEBUG - https://huggingface.co:443 "HEAD /google/gemma-2-9b-it/resolve/main/tokenizer_config.json HTTP/1.1" 200 0
2026-02-09 07:18:09,473 - DEBUG - https://huggingface.co:443 "GET /api/models/google/gemma-2-9b-it/tree/main/additional_chat_templates?recursive=False&expand=False HTTP/1.1" 404 64
2026-02-09 07:18:13,343 - WARNING - With reduced precision, it is advised to use `from_pretrained_no_processing` instead of `from_pretrained`.
2026-02-09 07:18:25,300 - WARNING - You are not using LayerNorm, so the writing weights can't be centered! Skipping
2026-02-09 07:19:17,988 - DEBUG - https://huggingface.co:443 "HEAD /google/gemma-scope-9b-it-res/resolve/main/layer_20/width_16k/average_l0_91/params.npz HTTP/1.1" 302 0
2026-02-09 07:52:45,129 - INFO - PyTorch version 2.6.0 available.
2026-02-09 07:52:48,415 - DEBUG - Registering a new Serializable subclass: <class 'simple_parsing.helpers.serialization.serializable.Serializable'>
2026-02-09 07:52:48,415 - DEBUG - parents: [<class 'simple_parsing.helpers.serialization.serializable.SerializableMixin'>]
2026-02-09 07:52:48,416 - DEBUG - Registering a new Serializable subclass: <class 'simple_parsing.helpers.serialization.serializable.FrozenSerializable'>
2026-02-09 07:52:48,416 - DEBUG - parents: [<class 'simple_parsing.helpers.serialization.serializable.SerializableMixin'>]
2026-02-09 07:52:48,416 - DEBUG - Registering a new Serializable subclass: <class 'simple_parsing.helpers.serialization.serializable.SimpleSerializable'>
2026-02-09 07:52:48,417 - DEBUG - Registering a new Serializable subclass: <class 'simple_parsing.helpers.serialization.yaml_serialization.YamlSerializable'>
2026-02-09 07:52:48,417 - DEBUG - parents: [<class 'simple_parsing.helpers.serialization.serializable.Serializable'>, <class 'simple_parsing.helpers.serialization.serializable.SerializableMixin'>]
2026-02-09 07:52:48,417 - DEBUG - Parent class <class 'simple_parsing.helpers.serialization.serializable.Serializable'> has decode_into_subclasses = False
2026-02-09 07:52:48,417 - DEBUG - Registering a new Serializable subclass: <class 'simple_parsing.helpers.hparams.hyperparameters.BoundInfo'>
2026-02-09 07:52:48,417 - DEBUG - parents: [<class 'simple_parsing.helpers.serialization.serializable.Serializable'>, <class 'simple_parsing.helpers.serialization.serializable.SerializableMixin'>]
2026-02-09 07:52:48,417 - DEBUG - Parent class <class 'simple_parsing.helpers.serialization.serializable.Serializable'> has decode_into_subclasses = False
2026-02-09 07:52:48,417 - DEBUG - Registering a new Serializable subclass: <class 'simple_parsing.helpers.hparams.hyperparameters.HyperParameters'>
2026-02-09 07:52:50,027 - DEBUG - Starting new HTTPS connection (1): huggingface.co:443
2026-02-09 07:52:50,273 - DEBUG - https://huggingface.co:443 "HEAD /roberta-large-mnli/resolve/main/tokenizer_config.json HTTP/1.1" 200 0
2026-02-09 07:52:50,425 - DEBUG - https://huggingface.co:443 "GET /api/models/roberta-large-mnli/tree/main/additional_chat_templates?recursive=False&expand=False HTTP/1.1" 307 141
2026-02-09 07:52:50,574 - DEBUG - https://huggingface.co:443 "GET /api/models/FacebookAI/roberta-large-mnli/tree/main/additional_chat_templates?recursive=False&expand=False HTTP/1.1" 404 64
2026-02-09 07:52:50,843 - DEBUG - https://huggingface.co:443 "HEAD /roberta-large-mnli/resolve/main/config.json HTTP/1.1" 200 0
2026-02-09 07:52:53,557 - INFO - Use pytorch device_name: cuda:0
2026-02-09 07:52:53,557 - INFO - Load pretrained SentenceTransformer: all-MiniLM-L6-v2
2026-02-09 07:52:53,705 - DEBUG - https://huggingface.co:443 "HEAD /sentence-transformers/all-MiniLM-L6-v2/resolve/main/modules.json HTTP/1.1" 307 0
2026-02-09 07:52:53,725 - DEBUG - https://huggingface.co:443 "HEAD /api/resolve-cache/models/sentence-transformers/all-MiniLM-L6-v2/c9745ed1d9f207416be6d2e6f8de32d1f16199bf/modules.json HTTP/1.1" 200 0
2026-02-09 07:52:53,872 - DEBUG - https://huggingface.co:443 "HEAD /sentence-transformers/all-MiniLM-L6-v2/resolve/main/config_sentence_transformers.json HTTP/1.1" 307 0
2026-02-09 07:52:53,892 - DEBUG - https://huggingface.co:443 "HEAD /api/resolve-cache/models/sentence-transformers/all-MiniLM-L6-v2/c9745ed1d9f207416be6d2e6f8de32d1f16199bf/config_sentence_transformers.json HTTP/1.1" 200 0
2026-02-09 07:52:54,039 - DEBUG - https://huggingface.co:443 "HEAD /sentence-transformers/all-MiniLM-L6-v2/resolve/main/config_sentence_transformers.json HTTP/1.1" 307 0
2026-02-09 07:52:54,060 - DEBUG - https://huggingface.co:443 "HEAD /api/resolve-cache/models/sentence-transformers/all-MiniLM-L6-v2/c9745ed1d9f207416be6d2e6f8de32d1f16199bf/config_sentence_transformers.json HTTP/1.1" 200 0
2026-02-09 07:52:54,208 - DEBUG - https://huggingface.co:443 "HEAD /sentence-transformers/all-MiniLM-L6-v2/resolve/main/README.md HTTP/1.1" 307 0
2026-02-09 07:52:54,229 - DEBUG - https://huggingface.co:443 "HEAD /api/resolve-cache/models/sentence-transformers/all-MiniLM-L6-v2/c9745ed1d9f207416be6d2e6f8de32d1f16199bf/README.md HTTP/1.1" 200 0
2026-02-09 07:52:54,379 - DEBUG - https://huggingface.co:443 "HEAD /sentence-transformers/all-MiniLM-L6-v2/resolve/main/modules.json HTTP/1.1" 307 0
2026-02-09 07:52:54,400 - DEBUG - https://huggingface.co:443 "HEAD /api/resolve-cache/models/sentence-transformers/all-MiniLM-L6-v2/c9745ed1d9f207416be6d2e6f8de32d1f16199bf/modules.json HTTP/1.1" 200 0
2026-02-09 07:52:54,550 - DEBUG - https://huggingface.co:443 "HEAD /sentence-transformers/all-MiniLM-L6-v2/resolve/main/sentence_bert_config.json HTTP/1.1" 307 0
2026-02-09 07:52:54,571 - DEBUG - https://huggingface.co:443 "HEAD /api/resolve-cache/models/sentence-transformers/all-MiniLM-L6-v2/c9745ed1d9f207416be6d2e6f8de32d1f16199bf/sentence_bert_config.json HTTP/1.1" 200 0
2026-02-09 07:52:54,719 - DEBUG - https://huggingface.co:443 "HEAD /sentence-transformers/all-MiniLM-L6-v2/resolve/main/adapter_config.json HTTP/1.1" 404 0
2026-02-09 07:52:54,866 - DEBUG - https://huggingface.co:443 "HEAD /sentence-transformers/all-MiniLM-L6-v2/resolve/main/config.json HTTP/1.1" 307 0
2026-02-09 07:52:54,886 - DEBUG - https://huggingface.co:443 "HEAD /api/resolve-cache/models/sentence-transformers/all-MiniLM-L6-v2/c9745ed1d9f207416be6d2e6f8de32d1f16199bf/config.json HTTP/1.1" 200 0
2026-02-09 07:52:55,068 - DEBUG - https://huggingface.co:443 "HEAD /sentence-transformers/all-MiniLM-L6-v2/resolve/main/tokenizer_config.json HTTP/1.1" 307 0
2026-02-09 07:52:55,088 - DEBUG - https://huggingface.co:443 "HEAD /api/resolve-cache/models/sentence-transformers/all-MiniLM-L6-v2/c9745ed1d9f207416be6d2e6f8de32d1f16199bf/tokenizer_config.json HTTP/1.1" 200 0
2026-02-09 07:52:55,242 - DEBUG - https://huggingface.co:443 "GET /api/models/sentence-transformers/all-MiniLM-L6-v2/tree/main/additional_chat_templates?recursive=False&expand=False HTTP/1.1" 404 64
2026-02-09 07:52:55,431 - DEBUG - https://huggingface.co:443 "HEAD /sentence-transformers/all-MiniLM-L6-v2/resolve/main/1_Pooling/config.json HTTP/1.1" 307 0
2026-02-09 07:52:55,451 - DEBUG - https://huggingface.co:443 "HEAD /api/resolve-cache/models/sentence-transformers/all-MiniLM-L6-v2/c9745ed1d9f207416be6d2e6f8de32d1f16199bf/1_Pooling%2Fconfig.json HTTP/1.1" 200 0
2026-02-09 07:52:55,602 - DEBUG - https://huggingface.co:443 "GET /api/models/sentence-transformers/all-MiniLM-L6-v2 HTTP/1.1" 200 6884
2026-02-09 07:52:55,651 - WARNING - You tried to specify center_unembed=True for a model using logit softcap, but this can't be done! Softcapping is not invariant upon adding a constant Setting center_unembed=False instead.
2026-02-09 07:52:55,817 - DEBUG - https://huggingface.co:443 "HEAD /google/gemma-2-9b-it/resolve/main/config.json HTTP/1.1" 200 0
2026-02-09 07:52:58,498 - DEBUG - https://huggingface.co:443 "HEAD /google/gemma-2-9b-it/resolve/main/generation_config.json HTTP/1.1" 200 0
2026-02-09 07:52:58,666 - DEBUG - https://huggingface.co:443 "HEAD /google/gemma-2-9b-it/resolve/main/custom_generate/generate.py HTTP/1.1" 404 0
2026-02-09 07:52:59,003 - DEBUG - https://huggingface.co:443 "HEAD /google/gemma-2-9b-it/resolve/main/tokenizer_config.json HTTP/1.1" 200 0
2026-02-09 07:52:59,160 - DEBUG - https://huggingface.co:443 "GET /api/models/google/gemma-2-9b-it/tree/main/additional_chat_templates?recursive=False&expand=False HTTP/1.1" 404 64
2026-02-09 07:53:03,259 - WARNING - With reduced precision, it is advised to use `from_pretrained_no_processing` instead of `from_pretrained`.
2026-02-09 07:53:09,903 - WARNING - You are not using LayerNorm, so the writing weights can't be centered! Skipping
2026-02-09 07:53:52,080 - DEBUG - https://huggingface.co:443 "HEAD /google/gemma-scope-9b-it-res/resolve/main/layer_31/width_16k/average_l0_76/params.npz HTTP/1.1" 302 0
2026-02-09 08:00:01,114 - INFO - PyTorch version 2.6.0 available.
2026-02-09 08:00:04,447 - DEBUG - Registering a new Serializable subclass: <class 'simple_parsing.helpers.serialization.serializable.Serializable'>
2026-02-09 08:00:04,447 - DEBUG - parents: [<class 'simple_parsing.helpers.serialization.serializable.SerializableMixin'>]
2026-02-09 08:00:04,447 - DEBUG - Registering a new Serializable subclass: <class 'simple_parsing.helpers.serialization.serializable.FrozenSerializable'>
2026-02-09 08:00:04,447 - DEBUG - parents: [<class 'simple_parsing.helpers.serialization.serializable.SerializableMixin'>]
2026-02-09 08:00:04,448 - DEBUG - Registering a new Serializable subclass: <class 'simple_parsing.helpers.serialization.serializable.SimpleSerializable'>
2026-02-09 08:00:04,448 - DEBUG - Registering a new Serializable subclass: <class 'simple_parsing.helpers.serialization.yaml_serialization.YamlSerializable'>
2026-02-09 08:00:04,448 - DEBUG - parents: [<class 'simple_parsing.helpers.serialization.serializable.Serializable'>, <class 'simple_parsing.helpers.serialization.serializable.SerializableMixin'>]
2026-02-09 08:00:04,448 - DEBUG - Parent class <class 'simple_parsing.helpers.serialization.serializable.Serializable'> has decode_into_subclasses = False
2026-02-09 08:00:04,449 - DEBUG - Registering a new Serializable subclass: <class 'simple_parsing.helpers.hparams.hyperparameters.BoundInfo'>
2026-02-09 08:00:04,449 - DEBUG - parents: [<class 'simple_parsing.helpers.serialization.serializable.Serializable'>, <class 'simple_parsing.helpers.serialization.serializable.SerializableMixin'>]
2026-02-09 08:00:04,449 - DEBUG - Parent class <class 'simple_parsing.helpers.serialization.serializable.Serializable'> has decode_into_subclasses = False
2026-02-09 08:00:04,449 - DEBUG - Registering a new Serializable subclass: <class 'simple_parsing.helpers.hparams.hyperparameters.HyperParameters'>
2026-02-09 08:00:06,034 - DEBUG - Starting new HTTPS connection (1): huggingface.co:443
2026-02-09 08:00:06,275 - DEBUG - https://huggingface.co:443 "HEAD /roberta-large-mnli/resolve/main/tokenizer_config.json HTTP/1.1" 200 0
2026-02-09 08:00:06,427 - DEBUG - https://huggingface.co:443 "GET /api/models/roberta-large-mnli/tree/main/additional_chat_templates?recursive=False&expand=False HTTP/1.1" 307 141
2026-02-09 08:00:06,576 - DEBUG - https://huggingface.co:443 "GET /api/models/FacebookAI/roberta-large-mnli/tree/main/additional_chat_templates?recursive=False&expand=False HTTP/1.1" 404 64
2026-02-09 08:00:06,855 - DEBUG - https://huggingface.co:443 "HEAD /roberta-large-mnli/resolve/main/config.json HTTP/1.1" 200 0
2026-02-09 08:00:09,413 - INFO - Use pytorch device_name: cuda:0
2026-02-09 08:00:09,413 - INFO - Load pretrained SentenceTransformer: all-MiniLM-L6-v2
2026-02-09 08:00:09,561 - DEBUG - https://huggingface.co:443 "HEAD /sentence-transformers/all-MiniLM-L6-v2/resolve/main/modules.json HTTP/1.1" 307 0
2026-02-09 08:00:09,581 - DEBUG - https://huggingface.co:443 "HEAD /api/resolve-cache/models/sentence-transformers/all-MiniLM-L6-v2/c9745ed1d9f207416be6d2e6f8de32d1f16199bf/modules.json HTTP/1.1" 200 0
2026-02-09 08:00:09,739 - DEBUG - https://huggingface.co:443 "HEAD /sentence-transformers/all-MiniLM-L6-v2/resolve/main/config_sentence_transformers.json HTTP/1.1" 307 0
2026-02-09 08:00:09,760 - DEBUG - https://huggingface.co:443 "HEAD /api/resolve-cache/models/sentence-transformers/all-MiniLM-L6-v2/c9745ed1d9f207416be6d2e6f8de32d1f16199bf/config_sentence_transformers.json HTTP/1.1" 200 0
2026-02-09 08:00:09,906 - DEBUG - https://huggingface.co:443 "HEAD /sentence-transformers/all-MiniLM-L6-v2/resolve/main/config_sentence_transformers.json HTTP/1.1" 307 0
2026-02-09 08:00:09,927 - DEBUG - https://huggingface.co:443 "HEAD /api/resolve-cache/models/sentence-transformers/all-MiniLM-L6-v2/c9745ed1d9f207416be6d2e6f8de32d1f16199bf/config_sentence_transformers.json HTTP/1.1" 200 0
2026-02-09 08:00:10,077 - DEBUG - https://huggingface.co:443 "HEAD /sentence-transformers/all-MiniLM-L6-v2/resolve/main/README.md HTTP/1.1" 307 0
2026-02-09 08:00:10,098 - DEBUG - https://huggingface.co:443 "HEAD /api/resolve-cache/models/sentence-transformers/all-MiniLM-L6-v2/c9745ed1d9f207416be6d2e6f8de32d1f16199bf/README.md HTTP/1.1" 200 0
2026-02-09 08:00:10,257 - DEBUG - https://huggingface.co:443 "HEAD /sentence-transformers/all-MiniLM-L6-v2/resolve/main/modules.json HTTP/1.1" 307 0
2026-02-09 08:00:10,282 - DEBUG - https://huggingface.co:443 "HEAD /api/resolve-cache/models/sentence-transformers/all-MiniLM-L6-v2/c9745ed1d9f207416be6d2e6f8de32d1f16199bf/modules.json HTTP/1.1" 200 0
2026-02-09 08:00:10,448 - DEBUG - https://huggingface.co:443 "HEAD /sentence-transformers/all-MiniLM-L6-v2/resolve/main/sentence_bert_config.json HTTP/1.1" 307 0
2026-02-09 08:00:10,469 - DEBUG - https://huggingface.co:443 "HEAD /api/resolve-cache/models/sentence-transformers/all-MiniLM-L6-v2/c9745ed1d9f207416be6d2e6f8de32d1f16199bf/sentence_bert_config.json HTTP/1.1" 200 0
2026-02-09 08:00:10,621 - DEBUG - https://huggingface.co:443 "HEAD /sentence-transformers/all-MiniLM-L6-v2/resolve/main/adapter_config.json HTTP/1.1" 404 0
2026-02-09 08:00:10,769 - DEBUG - https://huggingface.co:443 "HEAD /sentence-transformers/all-MiniLM-L6-v2/resolve/main/config.json HTTP/1.1" 307 0
2026-02-09 08:00:10,789 - DEBUG - https://huggingface.co:443 "HEAD /api/resolve-cache/models/sentence-transformers/all-MiniLM-L6-v2/c9745ed1d9f207416be6d2e6f8de32d1f16199bf/config.json HTTP/1.1" 200 0
2026-02-09 08:00:10,969 - DEBUG - https://huggingface.co:443 "HEAD /sentence-transformers/all-MiniLM-L6-v2/resolve/main/tokenizer_config.json HTTP/1.1" 307 0
2026-02-09 08:00:10,989 - DEBUG - https://huggingface.co:443 "HEAD /api/resolve-cache/models/sentence-transformers/all-MiniLM-L6-v2/c9745ed1d9f207416be6d2e6f8de32d1f16199bf/tokenizer_config.json HTTP/1.1" 200 0
2026-02-09 08:00:11,142 - DEBUG - https://huggingface.co:443 "GET /api/models/sentence-transformers/all-MiniLM-L6-v2/tree/main/additional_chat_templates?recursive=False&expand=False HTTP/1.1" 404 64
2026-02-09 08:00:11,329 - DEBUG - https://huggingface.co:443 "HEAD /sentence-transformers/all-MiniLM-L6-v2/resolve/main/1_Pooling/config.json HTTP/1.1" 307 0
2026-02-09 08:00:11,351 - DEBUG - https://huggingface.co:443 "HEAD /api/resolve-cache/models/sentence-transformers/all-MiniLM-L6-v2/c9745ed1d9f207416be6d2e6f8de32d1f16199bf/1_Pooling%2Fconfig.json HTTP/1.1" 200 0
2026-02-09 08:00:11,506 - DEBUG - https://huggingface.co:443 "GET /api/models/sentence-transformers/all-MiniLM-L6-v2 HTTP/1.1" 200 6884
2026-02-09 08:00:11,550 - WARNING - You tried to specify center_unembed=True for a model using logit softcap, but this can't be done! Softcapping is not invariant upon adding a constant Setting center_unembed=False instead.
2026-02-09 08:00:11,704 - DEBUG - https://huggingface.co:443 "HEAD /google/gemma-2-9b-it/resolve/main/config.json HTTP/1.1" 200 0
2026-02-09 08:00:14,245 - DEBUG - https://huggingface.co:443 "HEAD /google/gemma-2-9b-it/resolve/main/generation_config.json HTTP/1.1" 200 0
2026-02-09 08:00:14,405 - DEBUG - https://huggingface.co:443 "HEAD /google/gemma-2-9b-it/resolve/main/custom_generate/generate.py HTTP/1.1" 404 0
2026-02-09 08:00:14,715 - DEBUG - https://huggingface.co:443 "HEAD /google/gemma-2-9b-it/resolve/main/tokenizer_config.json HTTP/1.1" 200 0
2026-02-09 08:00:14,873 - DEBUG - https://huggingface.co:443 "GET /api/models/google/gemma-2-9b-it/tree/main/additional_chat_templates?recursive=False&expand=False HTTP/1.1" 404 64
2026-02-09 08:00:18,479 - WARNING - With reduced precision, it is advised to use `from_pretrained_no_processing` instead of `from_pretrained`.
2026-02-09 08:00:25,180 - WARNING - You are not using LayerNorm, so the writing weights can't be centered! Skipping
2026-02-09 08:01:10,396 - DEBUG - https://huggingface.co:443 "HEAD /google/gemma-scope-9b-it-res/resolve/main/layer_31/width_16k/average_l0_76/params.npz HTTP/1.1" 302 0
2026-02-09 08:08:35,967 - INFO - PyTorch version 2.6.0 available.
2026-02-09 08:08:39,252 - DEBUG - Registering a new Serializable subclass: <class 'simple_parsing.helpers.serialization.serializable.Serializable'>
2026-02-09 08:08:39,252 - DEBUG - parents: [<class 'simple_parsing.helpers.serialization.serializable.SerializableMixin'>]
2026-02-09 08:08:39,252 - DEBUG - Registering a new Serializable subclass: <class 'simple_parsing.helpers.serialization.serializable.FrozenSerializable'>
2026-02-09 08:08:39,252 - DEBUG - parents: [<class 'simple_parsing.helpers.serialization.serializable.SerializableMixin'>]
2026-02-09 08:08:39,253 - DEBUG - Registering a new Serializable subclass: <class 'simple_parsing.helpers.serialization.serializable.SimpleSerializable'>
2026-02-09 08:08:39,253 - DEBUG - Registering a new Serializable subclass: <class 'simple_parsing.helpers.serialization.yaml_serialization.YamlSerializable'>
2026-02-09 08:08:39,253 - DEBUG - parents: [<class 'simple_parsing.helpers.serialization.serializable.Serializable'>, <class 'simple_parsing.helpers.serialization.serializable.SerializableMixin'>]
2026-02-09 08:08:39,253 - DEBUG - Parent class <class 'simple_parsing.helpers.serialization.serializable.Serializable'> has decode_into_subclasses = False
2026-02-09 08:08:39,253 - DEBUG - Registering a new Serializable subclass: <class 'simple_parsing.helpers.hparams.hyperparameters.BoundInfo'>
2026-02-09 08:08:39,253 - DEBUG - parents: [<class 'simple_parsing.helpers.serialization.serializable.Serializable'>, <class 'simple_parsing.helpers.serialization.serializable.SerializableMixin'>]
2026-02-09 08:08:39,253 - DEBUG - Parent class <class 'simple_parsing.helpers.serialization.serializable.Serializable'> has decode_into_subclasses = False
2026-02-09 08:08:39,254 - DEBUG - Registering a new Serializable subclass: <class 'simple_parsing.helpers.hparams.hyperparameters.HyperParameters'>
2026-02-09 08:08:41,019 - DEBUG - Starting new HTTPS connection (1): huggingface.co:443
2026-02-09 08:08:41,265 - DEBUG - https://huggingface.co:443 "HEAD /roberta-large-mnli/resolve/main/tokenizer_config.json HTTP/1.1" 200 0
2026-02-09 08:08:41,420 - DEBUG - https://huggingface.co:443 "GET /api/models/roberta-large-mnli/tree/main/additional_chat_templates?recursive=False&expand=False HTTP/1.1" 307 141
2026-02-09 08:08:41,571 - DEBUG - https://huggingface.co:443 "GET /api/models/FacebookAI/roberta-large-mnli/tree/main/additional_chat_templates?recursive=False&expand=False HTTP/1.1" 404 64
2026-02-09 08:08:41,909 - DEBUG - https://huggingface.co:443 "HEAD /roberta-large-mnli/resolve/main/config.json HTTP/1.1" 200 0
2026-02-09 08:08:45,278 - INFO - Use pytorch device_name: cuda:0
2026-02-09 08:08:45,278 - INFO - Load pretrained SentenceTransformer: all-MiniLM-L6-v2
2026-02-09 08:08:45,425 - DEBUG - https://huggingface.co:443 "HEAD /sentence-transformers/all-MiniLM-L6-v2/resolve/main/modules.json HTTP/1.1" 307 0
2026-02-09 08:08:45,445 - DEBUG - https://huggingface.co:443 "HEAD /api/resolve-cache/models/sentence-transformers/all-MiniLM-L6-v2/c9745ed1d9f207416be6d2e6f8de32d1f16199bf/modules.json HTTP/1.1" 200 0
2026-02-09 08:08:45,596 - DEBUG - https://huggingface.co:443 "HEAD /sentence-transformers/all-MiniLM-L6-v2/resolve/main/config_sentence_transformers.json HTTP/1.1" 307 0
2026-02-09 08:08:45,616 - DEBUG - https://huggingface.co:443 "HEAD /api/resolve-cache/models/sentence-transformers/all-MiniLM-L6-v2/c9745ed1d9f207416be6d2e6f8de32d1f16199bf/config_sentence_transformers.json HTTP/1.1" 200 0
2026-02-09 08:08:45,765 - DEBUG - https://huggingface.co:443 "HEAD /sentence-transformers/all-MiniLM-L6-v2/resolve/main/config_sentence_transformers.json HTTP/1.1" 307 0
2026-02-09 08:08:45,785 - DEBUG - https://huggingface.co:443 "HEAD /api/resolve-cache/models/sentence-transformers/all-MiniLM-L6-v2/c9745ed1d9f207416be6d2e6f8de32d1f16199bf/config_sentence_transformers.json HTTP/1.1" 200 0
2026-02-09 08:08:45,950 - DEBUG - https://huggingface.co:443 "HEAD /sentence-transformers/all-MiniLM-L6-v2/resolve/main/README.md HTTP/1.1" 307 0
2026-02-09 08:08:45,971 - DEBUG - https://huggingface.co:443 "HEAD /api/resolve-cache/models/sentence-transformers/all-MiniLM-L6-v2/c9745ed1d9f207416be6d2e6f8de32d1f16199bf/README.md HTTP/1.1" 200 0
2026-02-09 08:08:46,117 - DEBUG - https://huggingface.co:443 "HEAD /sentence-transformers/all-MiniLM-L6-v2/resolve/main/modules.json HTTP/1.1" 307 0
2026-02-09 08:08:46,137 - DEBUG - https://huggingface.co:443 "HEAD /api/resolve-cache/models/sentence-transformers/all-MiniLM-L6-v2/c9745ed1d9f207416be6d2e6f8de32d1f16199bf/modules.json HTTP/1.1" 200 0
2026-02-09 08:08:46,285 - DEBUG - https://huggingface.co:443 "HEAD /sentence-transformers/all-MiniLM-L6-v2/resolve/main/sentence_bert_config.json HTTP/1.1" 307 0
2026-02-09 08:08:46,305 - DEBUG - https://huggingface.co:443 "HEAD /api/resolve-cache/models/sentence-transformers/all-MiniLM-L6-v2/c9745ed1d9f207416be6d2e6f8de32d1f16199bf/sentence_bert_config.json HTTP/1.1" 200 0
2026-02-09 08:08:46,457 - DEBUG - https://huggingface.co:443 "HEAD /sentence-transformers/all-MiniLM-L6-v2/resolve/main/adapter_config.json HTTP/1.1" 404 0
2026-02-09 08:08:46,616 - DEBUG - https://huggingface.co:443 "HEAD /sentence-transformers/all-MiniLM-L6-v2/resolve/main/config.json HTTP/1.1" 307 0
2026-02-09 08:08:46,636 - DEBUG - https://huggingface.co:443 "HEAD /api/resolve-cache/models/sentence-transformers/all-MiniLM-L6-v2/c9745ed1d9f207416be6d2e6f8de32d1f16199bf/config.json HTTP/1.1" 200 0
2026-02-09 08:08:46,830 - DEBUG - https://huggingface.co:443 "HEAD /sentence-transformers/all-MiniLM-L6-v2/resolve/main/tokenizer_config.json HTTP/1.1" 307 0
2026-02-09 08:08:46,850 - DEBUG - https://huggingface.co:443 "HEAD /api/resolve-cache/models/sentence-transformers/all-MiniLM-L6-v2/c9745ed1d9f207416be6d2e6f8de32d1f16199bf/tokenizer_config.json HTTP/1.1" 200 0
2026-02-09 08:08:47,005 - DEBUG - https://huggingface.co:443 "GET /api/models/sentence-transformers/all-MiniLM-L6-v2/tree/main/additional_chat_templates?recursive=False&expand=False HTTP/1.1" 404 64
2026-02-09 08:08:47,212 - DEBUG - https://huggingface.co:443 "HEAD /sentence-transformers/all-MiniLM-L6-v2/resolve/main/1_Pooling/config.json HTTP/1.1" 307 0
2026-02-09 08:08:47,234 - DEBUG - https://huggingface.co:443 "HEAD /api/resolve-cache/models/sentence-transformers/all-MiniLM-L6-v2/c9745ed1d9f207416be6d2e6f8de32d1f16199bf/1_Pooling%2Fconfig.json HTTP/1.1" 200 0
2026-02-09 08:08:47,386 - DEBUG - https://huggingface.co:443 "GET /api/models/sentence-transformers/all-MiniLM-L6-v2 HTTP/1.1" 200 6884
2026-02-09 08:08:47,431 - WARNING - You tried to specify center_unembed=True for a model using logit softcap, but this can't be done! Softcapping is not invariant upon adding a constant Setting center_unembed=False instead.
2026-02-09 08:08:47,595 - DEBUG - https://huggingface.co:443 "HEAD /google/gemma-2-9b-it/resolve/main/config.json HTTP/1.1" 200 0
2026-02-09 08:08:50,577 - DEBUG - https://huggingface.co:443 "HEAD /google/gemma-2-9b-it/resolve/main/generation_config.json HTTP/1.1" 200 0
2026-02-09 08:08:50,736 - DEBUG - https://huggingface.co:443 "HEAD /google/gemma-2-9b-it/resolve/main/custom_generate/generate.py HTTP/1.1" 404 0
2026-02-09 08:08:51,077 - DEBUG - https://huggingface.co:443 "HEAD /google/gemma-2-9b-it/resolve/main/tokenizer_config.json HTTP/1.1" 200 0
2026-02-09 08:08:51,240 - DEBUG - https://huggingface.co:443 "GET /api/models/google/gemma-2-9b-it/tree/main/additional_chat_templates?recursive=False&expand=False HTTP/1.1" 404 64
2026-02-09 08:08:54,871 - WARNING - With reduced precision, it is advised to use `from_pretrained_no_processing` instead of `from_pretrained`.
2026-02-09 08:09:04,275 - WARNING - You are not using LayerNorm, so the writing weights can't be centered! Skipping
2026-02-09 08:09:54,557 - DEBUG - https://huggingface.co:443 "HEAD /google/gemma-scope-9b-it-res/resolve/main/layer_31/width_16k/average_l0_76/params.npz HTTP/1.1" 302 0
2026-02-09 08:27:17,597 - INFO - PyTorch version 2.6.0 available.
2026-02-09 08:27:21,063 - DEBUG - Registering a new Serializable subclass: <class 'simple_parsing.helpers.serialization.serializable.Serializable'>
2026-02-09 08:27:21,063 - DEBUG - parents: [<class 'simple_parsing.helpers.serialization.serializable.SerializableMixin'>]
2026-02-09 08:27:21,063 - DEBUG - Registering a new Serializable subclass: <class 'simple_parsing.helpers.serialization.serializable.FrozenSerializable'>
2026-02-09 08:27:21,063 - DEBUG - parents: [<class 'simple_parsing.helpers.serialization.serializable.SerializableMixin'>]
2026-02-09 08:27:21,063 - DEBUG - Registering a new Serializable subclass: <class 'simple_parsing.helpers.serialization.serializable.SimpleSerializable'>
2026-02-09 08:27:21,064 - DEBUG - Registering a new Serializable subclass: <class 'simple_parsing.helpers.serialization.yaml_serialization.YamlSerializable'>
2026-02-09 08:27:21,064 - DEBUG - parents: [<class 'simple_parsing.helpers.serialization.serializable.Serializable'>, <class 'simple_parsing.helpers.serialization.serializable.SerializableMixin'>]
2026-02-09 08:27:21,064 - DEBUG - Parent class <class 'simple_parsing.helpers.serialization.serializable.Serializable'> has decode_into_subclasses = False
2026-02-09 08:27:21,064 - DEBUG - Registering a new Serializable subclass: <class 'simple_parsing.helpers.hparams.hyperparameters.BoundInfo'>
2026-02-09 08:27:21,064 - DEBUG - parents: [<class 'simple_parsing.helpers.serialization.serializable.Serializable'>, <class 'simple_parsing.helpers.serialization.serializable.SerializableMixin'>]
2026-02-09 08:27:21,064 - DEBUG - Parent class <class 'simple_parsing.helpers.serialization.serializable.Serializable'> has decode_into_subclasses = False
2026-02-09 08:27:21,065 - DEBUG - Registering a new Serializable subclass: <class 'simple_parsing.helpers.hparams.hyperparameters.HyperParameters'>
2026-02-09 08:27:22,796 - DEBUG - Starting new HTTPS connection (1): huggingface.co:443
2026-02-09 08:27:23,048 - DEBUG - https://huggingface.co:443 "HEAD /roberta-large-mnli/resolve/main/tokenizer_config.json HTTP/1.1" 200 0
2026-02-09 08:27:23,205 - DEBUG - https://huggingface.co:443 "GET /api/models/roberta-large-mnli/tree/main/additional_chat_templates?recursive=False&expand=False HTTP/1.1" 307 141
2026-02-09 08:27:23,356 - DEBUG - https://huggingface.co:443 "GET /api/models/FacebookAI/roberta-large-mnli/tree/main/additional_chat_templates?recursive=False&expand=False HTTP/1.1" 404 64
2026-02-09 08:27:23,675 - DEBUG - https://huggingface.co:443 "HEAD /roberta-large-mnli/resolve/main/config.json HTTP/1.1" 200 0
2026-02-09 08:27:27,028 - INFO - Use pytorch device_name: cuda:0
2026-02-09 08:27:27,028 - INFO - Load pretrained SentenceTransformer: all-MiniLM-L6-v2
2026-02-09 08:27:27,182 - DEBUG - https://huggingface.co:443 "HEAD /sentence-transformers/all-MiniLM-L6-v2/resolve/main/modules.json HTTP/1.1" 307 0
2026-02-09 08:27:27,202 - DEBUG - https://huggingface.co:443 "HEAD /api/resolve-cache/models/sentence-transformers/all-MiniLM-L6-v2/c9745ed1d9f207416be6d2e6f8de32d1f16199bf/modules.json HTTP/1.1" 200 0
2026-02-09 08:27:27,349 - DEBUG - https://huggingface.co:443 "HEAD /sentence-transformers/all-MiniLM-L6-v2/resolve/main/config_sentence_transformers.json HTTP/1.1" 307 0
2026-02-09 08:27:27,370 - DEBUG - https://huggingface.co:443 "HEAD /api/resolve-cache/models/sentence-transformers/all-MiniLM-L6-v2/c9745ed1d9f207416be6d2e6f8de32d1f16199bf/config_sentence_transformers.json HTTP/1.1" 200 0
2026-02-09 08:27:27,528 - DEBUG - https://huggingface.co:443 "HEAD /sentence-transformers/all-MiniLM-L6-v2/resolve/main/config_sentence_transformers.json HTTP/1.1" 307 0
2026-02-09 08:27:27,550 - DEBUG - https://huggingface.co:443 "HEAD /api/resolve-cache/models/sentence-transformers/all-MiniLM-L6-v2/c9745ed1d9f207416be6d2e6f8de32d1f16199bf/config_sentence_transformers.json HTTP/1.1" 200 0
2026-02-09 08:27:27,698 - DEBUG - https://huggingface.co:443 "HEAD /sentence-transformers/all-MiniLM-L6-v2/resolve/main/README.md HTTP/1.1" 307 0
2026-02-09 08:27:27,719 - DEBUG - https://huggingface.co:443 "HEAD /api/resolve-cache/models/sentence-transformers/all-MiniLM-L6-v2/c9745ed1d9f207416be6d2e6f8de32d1f16199bf/README.md HTTP/1.1" 200 0
2026-02-09 08:27:27,869 - DEBUG - https://huggingface.co:443 "HEAD /sentence-transformers/all-MiniLM-L6-v2/resolve/main/modules.json HTTP/1.1" 307 0
2026-02-09 08:27:27,890 - DEBUG - https://huggingface.co:443 "HEAD /api/resolve-cache/models/sentence-transformers/all-MiniLM-L6-v2/c9745ed1d9f207416be6d2e6f8de32d1f16199bf/modules.json HTTP/1.1" 200 0
2026-02-09 08:27:28,039 - DEBUG - https://huggingface.co:443 "HEAD /sentence-transformers/all-MiniLM-L6-v2/resolve/main/sentence_bert_config.json HTTP/1.1" 307 0
2026-02-09 08:27:28,064 - DEBUG - https://huggingface.co:443 "HEAD /api/resolve-cache/models/sentence-transformers/all-MiniLM-L6-v2/c9745ed1d9f207416be6d2e6f8de32d1f16199bf/sentence_bert_config.json HTTP/1.1" 200 0
2026-02-09 08:27:28,212 - DEBUG - https://huggingface.co:443 "HEAD /sentence-transformers/all-MiniLM-L6-v2/resolve/main/adapter_config.json HTTP/1.1" 404 0
2026-02-09 08:27:28,361 - DEBUG - https://huggingface.co:443 "HEAD /sentence-transformers/all-MiniLM-L6-v2/resolve/main/config.json HTTP/1.1" 307 0
2026-02-09 08:27:28,382 - DEBUG - https://huggingface.co:443 "HEAD /api/resolve-cache/models/sentence-transformers/all-MiniLM-L6-v2/c9745ed1d9f207416be6d2e6f8de32d1f16199bf/config.json HTTP/1.1" 200 0
2026-02-09 08:27:28,557 - DEBUG - https://huggingface.co:443 "HEAD /sentence-transformers/all-MiniLM-L6-v2/resolve/main/tokenizer_config.json HTTP/1.1" 307 0
2026-02-09 08:27:28,578 - DEBUG - https://huggingface.co:443 "HEAD /api/resolve-cache/models/sentence-transformers/all-MiniLM-L6-v2/c9745ed1d9f207416be6d2e6f8de32d1f16199bf/tokenizer_config.json HTTP/1.1" 200 0
2026-02-09 08:27:28,732 - DEBUG - https://huggingface.co:443 "GET /api/models/sentence-transformers/all-MiniLM-L6-v2/tree/main/additional_chat_templates?recursive=False&expand=False HTTP/1.1" 404 64
2026-02-09 08:27:28,923 - DEBUG - https://huggingface.co:443 "HEAD /sentence-transformers/all-MiniLM-L6-v2/resolve/main/1_Pooling/config.json HTTP/1.1" 307 0
2026-02-09 08:27:28,946 - DEBUG - https://huggingface.co:443 "HEAD /api/resolve-cache/models/sentence-transformers/all-MiniLM-L6-v2/c9745ed1d9f207416be6d2e6f8de32d1f16199bf/1_Pooling%2Fconfig.json HTTP/1.1" 200 0
2026-02-09 08:27:29,095 - DEBUG - https://huggingface.co:443 "GET /api/models/sentence-transformers/all-MiniLM-L6-v2 HTTP/1.1" 200 6884
2026-02-09 08:27:29,145 - WARNING - You tried to specify center_unembed=True for a model using logit softcap, but this can't be done! Softcapping is not invariant upon adding a constant Setting center_unembed=False instead.
2026-02-09 08:27:29,331 - DEBUG - https://huggingface.co:443 "HEAD /google/gemma-2-9b-it/resolve/main/config.json HTTP/1.1" 200 0
2026-02-09 08:27:32,218 - DEBUG - https://huggingface.co:443 "HEAD /google/gemma-2-9b-it/resolve/main/generation_config.json HTTP/1.1" 200 0
2026-02-09 08:27:32,379 - DEBUG - https://huggingface.co:443 "HEAD /google/gemma-2-9b-it/resolve/main/custom_generate/generate.py HTTP/1.1" 404 0
2026-02-09 08:27:32,697 - DEBUG - https://huggingface.co:443 "HEAD /google/gemma-2-9b-it/resolve/main/tokenizer_config.json HTTP/1.1" 200 0
2026-02-09 08:27:32,858 - DEBUG - https://huggingface.co:443 "GET /api/models/google/gemma-2-9b-it/tree/main/additional_chat_templates?recursive=False&expand=False HTTP/1.1" 404 64
2026-02-09 08:27:36,701 - WARNING - With reduced precision, it is advised to use `from_pretrained_no_processing` instead of `from_pretrained`.
2026-02-09 08:27:43,473 - WARNING - You are not using LayerNorm, so the writing weights can't be centered! Skipping
2026-02-09 08:28:33,930 - DEBUG - https://huggingface.co:443 "HEAD /google/gemma-scope-9b-it-res/resolve/main/layer_31/width_16k/average_l0_76/params.npz HTTP/1.1" 302 0
2026-02-09 14:13:30,340 - INFO - PyTorch version 2.6.0 available.
2026-02-09 14:13:33,853 - DEBUG - Registering a new Serializable subclass: <class 'simple_parsing.helpers.serialization.serializable.Serializable'>
2026-02-09 14:13:33,853 - DEBUG - parents: [<class 'simple_parsing.helpers.serialization.serializable.SerializableMixin'>]
2026-02-09 14:13:33,853 - DEBUG - Registering a new Serializable subclass: <class 'simple_parsing.helpers.serialization.serializable.FrozenSerializable'>
2026-02-09 14:13:33,854 - DEBUG - parents: [<class 'simple_parsing.helpers.serialization.serializable.SerializableMixin'>]
2026-02-09 14:13:33,854 - DEBUG - Registering a new Serializable subclass: <class 'simple_parsing.helpers.serialization.serializable.SimpleSerializable'>
2026-02-09 14:13:33,854 - DEBUG - Registering a new Serializable subclass: <class 'simple_parsing.helpers.serialization.yaml_serialization.YamlSerializable'>
2026-02-09 14:13:33,855 - DEBUG - parents: [<class 'simple_parsing.helpers.serialization.serializable.Serializable'>, <class 'simple_parsing.helpers.serialization.serializable.SerializableMixin'>]
2026-02-09 14:13:33,855 - DEBUG - Parent class <class 'simple_parsing.helpers.serialization.serializable.Serializable'> has decode_into_subclasses = False
2026-02-09 14:13:33,855 - DEBUG - Registering a new Serializable subclass: <class 'simple_parsing.helpers.hparams.hyperparameters.BoundInfo'>
2026-02-09 14:13:33,855 - DEBUG - parents: [<class 'simple_parsing.helpers.serialization.serializable.Serializable'>, <class 'simple_parsing.helpers.serialization.serializable.SerializableMixin'>]
2026-02-09 14:13:33,855 - DEBUG - Parent class <class 'simple_parsing.helpers.serialization.serializable.Serializable'> has decode_into_subclasses = False
2026-02-09 14:13:33,855 - DEBUG - Registering a new Serializable subclass: <class 'simple_parsing.helpers.hparams.hyperparameters.HyperParameters'>
2026-02-09 14:13:35,411 - DEBUG - Starting new HTTPS connection (1): huggingface.co:443
2026-02-09 14:13:35,654 - DEBUG - https://huggingface.co:443 "HEAD /roberta-large-mnli/resolve/main/tokenizer_config.json HTTP/1.1" 200 0
2026-02-09 14:13:35,807 - DEBUG - https://huggingface.co:443 "GET /api/models/roberta-large-mnli/tree/main/additional_chat_templates?recursive=False&expand=False HTTP/1.1" 307 141
2026-02-09 14:13:35,961 - DEBUG - https://huggingface.co:443 "GET /api/models/FacebookAI/roberta-large-mnli/tree/main/additional_chat_templates?recursive=False&expand=False HTTP/1.1" 404 64
2026-02-09 14:13:36,227 - DEBUG - https://huggingface.co:443 "HEAD /roberta-large-mnli/resolve/main/config.json HTTP/1.1" 200 0
2026-02-09 14:13:38,905 - INFO - Use pytorch device_name: cuda:0
2026-02-09 14:13:38,905 - INFO - Load pretrained SentenceTransformer: all-MiniLM-L6-v2
2026-02-09 14:13:39,056 - DEBUG - https://huggingface.co:443 "HEAD /sentence-transformers/all-MiniLM-L6-v2/resolve/main/modules.json HTTP/1.1" 307 0
2026-02-09 14:13:39,077 - DEBUG - https://huggingface.co:443 "HEAD /api/resolve-cache/models/sentence-transformers/all-MiniLM-L6-v2/c9745ed1d9f207416be6d2e6f8de32d1f16199bf/modules.json HTTP/1.1" 200 0
2026-02-09 14:13:39,228 - DEBUG - https://huggingface.co:443 "HEAD /sentence-transformers/all-MiniLM-L6-v2/resolve/main/config_sentence_transformers.json HTTP/1.1" 307 0
2026-02-09 14:13:39,250 - DEBUG - https://huggingface.co:443 "HEAD /api/resolve-cache/models/sentence-transformers/all-MiniLM-L6-v2/c9745ed1d9f207416be6d2e6f8de32d1f16199bf/config_sentence_transformers.json HTTP/1.1" 200 0
2026-02-09 14:13:39,399 - DEBUG - https://huggingface.co:443 "HEAD /sentence-transformers/all-MiniLM-L6-v2/resolve/main/config_sentence_transformers.json HTTP/1.1" 307 0
2026-02-09 14:13:39,422 - DEBUG - https://huggingface.co:443 "HEAD /api/resolve-cache/models/sentence-transformers/all-MiniLM-L6-v2/c9745ed1d9f207416be6d2e6f8de32d1f16199bf/config_sentence_transformers.json HTTP/1.1" 200 0
2026-02-09 14:13:39,590 - DEBUG - https://huggingface.co:443 "HEAD /sentence-transformers/all-MiniLM-L6-v2/resolve/main/README.md HTTP/1.1" 307 0
2026-02-09 14:13:39,611 - DEBUG - https://huggingface.co:443 "HEAD /api/resolve-cache/models/sentence-transformers/all-MiniLM-L6-v2/c9745ed1d9f207416be6d2e6f8de32d1f16199bf/README.md HTTP/1.1" 200 0
2026-02-09 14:13:39,758 - DEBUG - https://huggingface.co:443 "HEAD /sentence-transformers/all-MiniLM-L6-v2/resolve/main/modules.json HTTP/1.1" 307 0
2026-02-09 14:13:39,779 - DEBUG - https://huggingface.co:443 "HEAD /api/resolve-cache/models/sentence-transformers/all-MiniLM-L6-v2/c9745ed1d9f207416be6d2e6f8de32d1f16199bf/modules.json HTTP/1.1" 200 0
2026-02-09 14:13:39,933 - DEBUG - https://huggingface.co:443 "HEAD /sentence-transformers/all-MiniLM-L6-v2/resolve/main/sentence_bert_config.json HTTP/1.1" 307 0
2026-02-09 14:13:39,954 - DEBUG - https://huggingface.co:443 "HEAD /api/resolve-cache/models/sentence-transformers/all-MiniLM-L6-v2/c9745ed1d9f207416be6d2e6f8de32d1f16199bf/sentence_bert_config.json HTTP/1.1" 200 0
2026-02-09 14:13:40,102 - DEBUG - https://huggingface.co:443 "HEAD /sentence-transformers/all-MiniLM-L6-v2/resolve/main/adapter_config.json HTTP/1.1" 404 0
2026-02-09 14:13:40,249 - DEBUG - https://huggingface.co:443 "HEAD /sentence-transformers/all-MiniLM-L6-v2/resolve/main/config.json HTTP/1.1" 307 0
2026-02-09 14:13:40,271 - DEBUG - https://huggingface.co:443 "HEAD /api/resolve-cache/models/sentence-transformers/all-MiniLM-L6-v2/c9745ed1d9f207416be6d2e6f8de32d1f16199bf/config.json HTTP/1.1" 200 0
2026-02-09 14:13:40,448 - DEBUG - https://huggingface.co:443 "HEAD /sentence-transformers/all-MiniLM-L6-v2/resolve/main/tokenizer_config.json HTTP/1.1" 307 0
2026-02-09 14:13:40,469 - DEBUG - https://huggingface.co:443 "HEAD /api/resolve-cache/models/sentence-transformers/all-MiniLM-L6-v2/c9745ed1d9f207416be6d2e6f8de32d1f16199bf/tokenizer_config.json HTTP/1.1" 200 0
2026-02-09 14:13:40,629 - DEBUG - https://huggingface.co:443 "GET /api/models/sentence-transformers/all-MiniLM-L6-v2/tree/main/additional_chat_templates?recursive=False&expand=False HTTP/1.1" 404 64
2026-02-09 14:13:40,830 - DEBUG - https://huggingface.co:443 "HEAD /sentence-transformers/all-MiniLM-L6-v2/resolve/main/1_Pooling/config.json HTTP/1.1" 307 0
2026-02-09 14:13:40,852 - DEBUG - https://huggingface.co:443 "HEAD /api/resolve-cache/models/sentence-transformers/all-MiniLM-L6-v2/c9745ed1d9f207416be6d2e6f8de32d1f16199bf/1_Pooling%2Fconfig.json HTTP/1.1" 200 0
2026-02-09 14:13:41,003 - DEBUG - https://huggingface.co:443 "GET /api/models/sentence-transformers/all-MiniLM-L6-v2 HTTP/1.1" 200 6867
2026-02-09 14:13:41,053 - WARNING - You tried to specify center_unembed=True for a model using logit softcap, but this can't be done! Softcapping is not invariant upon adding a constant Setting center_unembed=False instead.
2026-02-09 14:13:41,245 - DEBUG - https://huggingface.co:443 "HEAD /google/gemma-2-9b-it/resolve/main/config.json HTTP/1.1" 200 0
2026-02-09 14:13:44,219 - DEBUG - https://huggingface.co:443 "HEAD /google/gemma-2-9b-it/resolve/main/generation_config.json HTTP/1.1" 200 0
2026-02-09 14:13:44,379 - DEBUG - https://huggingface.co:443 "HEAD /google/gemma-2-9b-it/resolve/main/custom_generate/generate.py HTTP/1.1" 404 0
2026-02-09 14:13:44,703 - DEBUG - https://huggingface.co:443 "HEAD /google/gemma-2-9b-it/resolve/main/tokenizer_config.json HTTP/1.1" 200 0
2026-02-09 14:13:44,864 - DEBUG - https://huggingface.co:443 "GET /api/models/google/gemma-2-9b-it/tree/main/additional_chat_templates?recursive=False&expand=False HTTP/1.1" 404 64
2026-02-09 14:13:48,892 - WARNING - With reduced precision, it is advised to use `from_pretrained_no_processing` instead of `from_pretrained`.
2026-02-09 14:13:56,367 - WARNING - You are not using LayerNorm, so the writing weights can't be centered! Skipping
2026-02-09 14:15:11,394 - INFO - PyTorch version 2.6.0 available.
2026-02-09 14:15:15,193 - DEBUG - Registering a new Serializable subclass: <class 'simple_parsing.helpers.serialization.serializable.Serializable'>
2026-02-09 14:15:15,193 - DEBUG - parents: [<class 'simple_parsing.helpers.serialization.serializable.SerializableMixin'>]
2026-02-09 14:15:15,193 - DEBUG - Registering a new Serializable subclass: <class 'simple_parsing.helpers.serialization.serializable.FrozenSerializable'>
2026-02-09 14:15:15,193 - DEBUG - parents: [<class 'simple_parsing.helpers.serialization.serializable.SerializableMixin'>]
2026-02-09 14:15:15,194 - DEBUG - Registering a new Serializable subclass: <class 'simple_parsing.helpers.serialization.serializable.SimpleSerializable'>
2026-02-09 14:15:15,194 - DEBUG - Registering a new Serializable subclass: <class 'simple_parsing.helpers.serialization.yaml_serialization.YamlSerializable'>
2026-02-09 14:15:15,194 - DEBUG - parents: [<class 'simple_parsing.helpers.serialization.serializable.Serializable'>, <class 'simple_parsing.helpers.serialization.serializable.SerializableMixin'>]
2026-02-09 14:15:15,194 - DEBUG - Parent class <class 'simple_parsing.helpers.serialization.serializable.Serializable'> has decode_into_subclasses = False
2026-02-09 14:15:15,194 - DEBUG - Registering a new Serializable subclass: <class 'simple_parsing.helpers.hparams.hyperparameters.BoundInfo'>
2026-02-09 14:15:15,195 - DEBUG - parents: [<class 'simple_parsing.helpers.serialization.serializable.Serializable'>, <class 'simple_parsing.helpers.serialization.serializable.SerializableMixin'>]
2026-02-09 14:15:15,195 - DEBUG - Parent class <class 'simple_parsing.helpers.serialization.serializable.Serializable'> has decode_into_subclasses = False
2026-02-09 14:15:15,195 - DEBUG - Registering a new Serializable subclass: <class 'simple_parsing.helpers.hparams.hyperparameters.HyperParameters'>
2026-02-09 14:15:16,855 - DEBUG - Starting new HTTPS connection (1): huggingface.co:443
2026-02-09 14:15:17,078 - DEBUG - https://huggingface.co:443 "HEAD /roberta-large-mnli/resolve/main/tokenizer_config.json HTTP/1.1" 200 0
2026-02-09 14:15:17,234 - DEBUG - https://huggingface.co:443 "GET /api/models/roberta-large-mnli/tree/main/additional_chat_templates?recursive=False&expand=False HTTP/1.1" 307 141
2026-02-09 14:15:17,385 - DEBUG - https://huggingface.co:443 "GET /api/models/FacebookAI/roberta-large-mnli/tree/main/additional_chat_templates?recursive=False&expand=False HTTP/1.1" 404 64
2026-02-09 14:15:17,651 - DEBUG - https://huggingface.co:443 "HEAD /roberta-large-mnli/resolve/main/config.json HTTP/1.1" 200 0
2026-02-09 14:15:20,254 - INFO - Use pytorch device_name: cuda:0
2026-02-09 14:15:20,254 - INFO - Load pretrained SentenceTransformer: all-MiniLM-L6-v2
2026-02-09 14:15:20,404 - DEBUG - https://huggingface.co:443 "HEAD /sentence-transformers/all-MiniLM-L6-v2/resolve/main/modules.json HTTP/1.1" 307 0
2026-02-09 14:15:20,425 - DEBUG - https://huggingface.co:443 "HEAD /api/resolve-cache/models/sentence-transformers/all-MiniLM-L6-v2/c9745ed1d9f207416be6d2e6f8de32d1f16199bf/modules.json HTTP/1.1" 200 0
2026-02-09 14:15:20,570 - DEBUG - https://huggingface.co:443 "HEAD /sentence-transformers/all-MiniLM-L6-v2/resolve/main/config_sentence_transformers.json HTTP/1.1" 307 0
2026-02-09 14:15:20,590 - DEBUG - https://huggingface.co:443 "HEAD /api/resolve-cache/models/sentence-transformers/all-MiniLM-L6-v2/c9745ed1d9f207416be6d2e6f8de32d1f16199bf/config_sentence_transformers.json HTTP/1.1" 200 0
2026-02-09 14:15:20,773 - DEBUG - https://huggingface.co:443 "HEAD /sentence-transformers/all-MiniLM-L6-v2/resolve/main/config_sentence_transformers.json HTTP/1.1" 307 0
2026-02-09 14:15:20,794 - DEBUG - https://huggingface.co:443 "HEAD /api/resolve-cache/models/sentence-transformers/all-MiniLM-L6-v2/c9745ed1d9f207416be6d2e6f8de32d1f16199bf/config_sentence_transformers.json HTTP/1.1" 200 0
2026-02-09 14:15:20,949 - DEBUG - https://huggingface.co:443 "HEAD /sentence-transformers/all-MiniLM-L6-v2/resolve/main/README.md HTTP/1.1" 307 0
2026-02-09 14:15:20,970 - DEBUG - https://huggingface.co:443 "HEAD /api/resolve-cache/models/sentence-transformers/all-MiniLM-L6-v2/c9745ed1d9f207416be6d2e6f8de32d1f16199bf/README.md HTTP/1.1" 200 0
2026-02-09 14:15:21,115 - DEBUG - https://huggingface.co:443 "HEAD /sentence-transformers/all-MiniLM-L6-v2/resolve/main/modules.json HTTP/1.1" 307 0
2026-02-09 14:15:21,138 - DEBUG - https://huggingface.co:443 "HEAD /api/resolve-cache/models/sentence-transformers/all-MiniLM-L6-v2/c9745ed1d9f207416be6d2e6f8de32d1f16199bf/modules.json HTTP/1.1" 200 0
2026-02-09 14:15:21,288 - DEBUG - https://huggingface.co:443 "HEAD /sentence-transformers/all-MiniLM-L6-v2/resolve/main/sentence_bert_config.json HTTP/1.1" 307 0
2026-02-09 14:15:21,310 - DEBUG - https://huggingface.co:443 "HEAD /api/resolve-cache/models/sentence-transformers/all-MiniLM-L6-v2/c9745ed1d9f207416be6d2e6f8de32d1f16199bf/sentence_bert_config.json HTTP/1.1" 200 0
2026-02-09 14:15:21,459 - DEBUG - https://huggingface.co:443 "HEAD /sentence-transformers/all-MiniLM-L6-v2/resolve/main/adapter_config.json HTTP/1.1" 404 0
2026-02-09 14:15:21,608 - DEBUG - https://huggingface.co:443 "HEAD /sentence-transformers/all-MiniLM-L6-v2/resolve/main/config.json HTTP/1.1" 307 0
2026-02-09 14:15:21,629 - DEBUG - https://huggingface.co:443 "HEAD /api/resolve-cache/models/sentence-transformers/all-MiniLM-L6-v2/c9745ed1d9f207416be6d2e6f8de32d1f16199bf/config.json HTTP/1.1" 200 0
2026-02-09 14:15:21,852 - DEBUG - https://huggingface.co:443 "HEAD /sentence-transformers/all-MiniLM-L6-v2/resolve/main/tokenizer_config.json HTTP/1.1" 307 0
2026-02-09 14:15:21,873 - DEBUG - https://huggingface.co:443 "HEAD /api/resolve-cache/models/sentence-transformers/all-MiniLM-L6-v2/c9745ed1d9f207416be6d2e6f8de32d1f16199bf/tokenizer_config.json HTTP/1.1" 200 0
2026-02-09 14:15:22,025 - DEBUG - https://huggingface.co:443 "GET /api/models/sentence-transformers/all-MiniLM-L6-v2/tree/main/additional_chat_templates?recursive=False&expand=False HTTP/1.1" 404 64
2026-02-09 14:15:22,215 - DEBUG - https://huggingface.co:443 "HEAD /sentence-transformers/all-MiniLM-L6-v2/resolve/main/1_Pooling/config.json HTTP/1.1" 307 0
2026-02-09 14:15:22,236 - DEBUG - https://huggingface.co:443 "HEAD /api/resolve-cache/models/sentence-transformers/all-MiniLM-L6-v2/c9745ed1d9f207416be6d2e6f8de32d1f16199bf/1_Pooling%2Fconfig.json HTTP/1.1" 200 0
2026-02-09 14:15:22,389 - DEBUG - https://huggingface.co:443 "GET /api/models/sentence-transformers/all-MiniLM-L6-v2 HTTP/1.1" 200 6867
2026-02-09 14:15:22,436 - WARNING - You tried to specify center_unembed=True for a model using logit softcap, but this can't be done! Softcapping is not invariant upon adding a constant Setting center_unembed=False instead.
2026-02-09 14:15:22,593 - DEBUG - https://huggingface.co:443 "HEAD /google/gemma-2-9b-it/resolve/main/config.json HTTP/1.1" 200 0
2026-02-09 14:15:25,331 - DEBUG - https://huggingface.co:443 "HEAD /google/gemma-2-9b-it/resolve/main/generation_config.json HTTP/1.1" 200 0
2026-02-09 14:15:25,494 - DEBUG - https://huggingface.co:443 "HEAD /google/gemma-2-9b-it/resolve/main/custom_generate/generate.py HTTP/1.1" 404 0
2026-02-09 14:15:25,800 - DEBUG - https://huggingface.co:443 "HEAD /google/gemma-2-9b-it/resolve/main/tokenizer_config.json HTTP/1.1" 200 0
2026-02-09 14:15:25,959 - DEBUG - https://huggingface.co:443 "GET /api/models/google/gemma-2-9b-it/tree/main/additional_chat_templates?recursive=False&expand=False HTTP/1.1" 404 64
2026-02-09 14:15:29,499 - WARNING - With reduced precision, it is advised to use `from_pretrained_no_processing` instead of `from_pretrained`.
2026-02-09 14:15:36,218 - WARNING - You are not using LayerNorm, so the writing weights can't be centered! Skipping
2026-02-09 15:12:32,543 - INFO - PyTorch version 2.6.0 available.
2026-02-09 15:12:36,094 - DEBUG - Registering a new Serializable subclass: <class 'simple_parsing.helpers.serialization.serializable.Serializable'>
2026-02-09 15:12:36,094 - DEBUG - parents: [<class 'simple_parsing.helpers.serialization.serializable.SerializableMixin'>]
2026-02-09 15:12:36,094 - DEBUG - Registering a new Serializable subclass: <class 'simple_parsing.helpers.serialization.serializable.FrozenSerializable'>
2026-02-09 15:12:36,094 - DEBUG - parents: [<class 'simple_parsing.helpers.serialization.serializable.SerializableMixin'>]
2026-02-09 15:12:36,095 - DEBUG - Registering a new Serializable subclass: <class 'simple_parsing.helpers.serialization.serializable.SimpleSerializable'>
2026-02-09 15:12:36,095 - DEBUG - Registering a new Serializable subclass: <class 'simple_parsing.helpers.serialization.yaml_serialization.YamlSerializable'>
2026-02-09 15:12:36,095 - DEBUG - parents: [<class 'simple_parsing.helpers.serialization.serializable.Serializable'>, <class 'simple_parsing.helpers.serialization.serializable.SerializableMixin'>]
2026-02-09 15:12:36,095 - DEBUG - Parent class <class 'simple_parsing.helpers.serialization.serializable.Serializable'> has decode_into_subclasses = False
2026-02-09 15:12:36,095 - DEBUG - Registering a new Serializable subclass: <class 'simple_parsing.helpers.hparams.hyperparameters.BoundInfo'>
2026-02-09 15:12:36,095 - DEBUG - parents: [<class 'simple_parsing.helpers.serialization.serializable.Serializable'>, <class 'simple_parsing.helpers.serialization.serializable.SerializableMixin'>]
2026-02-09 15:12:36,095 - DEBUG - Parent class <class 'simple_parsing.helpers.serialization.serializable.Serializable'> has decode_into_subclasses = False
2026-02-09 15:12:36,096 - DEBUG - Registering a new Serializable subclass: <class 'simple_parsing.helpers.hparams.hyperparameters.HyperParameters'>
2026-02-09 15:12:37,776 - DEBUG - Starting new HTTPS connection (1): huggingface.co:443
2026-02-09 15:12:37,995 - DEBUG - https://huggingface.co:443 "HEAD /roberta-large-mnli/resolve/main/tokenizer_config.json HTTP/1.1" 200 0
2026-02-09 15:12:38,149 - DEBUG - https://huggingface.co:443 "GET /api/models/roberta-large-mnli/tree/main/additional_chat_templates?recursive=False&expand=False HTTP/1.1" 307 141
2026-02-09 15:12:38,299 - DEBUG - https://huggingface.co:443 "GET /api/models/FacebookAI/roberta-large-mnli/tree/main/additional_chat_templates?recursive=False&expand=False HTTP/1.1" 404 64
2026-02-09 15:12:38,570 - DEBUG - https://huggingface.co:443 "HEAD /roberta-large-mnli/resolve/main/config.json HTTP/1.1" 200 0
2026-02-09 15:12:41,705 - INFO - Use pytorch device_name: cuda:0
2026-02-09 15:12:41,705 - INFO - Load pretrained SentenceTransformer: all-MiniLM-L6-v2
2026-02-09 15:12:41,855 - DEBUG - https://huggingface.co:443 "HEAD /sentence-transformers/all-MiniLM-L6-v2/resolve/main/modules.json HTTP/1.1" 307 0
2026-02-09 15:12:41,875 - DEBUG - https://huggingface.co:443 "HEAD /api/resolve-cache/models/sentence-transformers/all-MiniLM-L6-v2/c9745ed1d9f207416be6d2e6f8de32d1f16199bf/modules.json HTTP/1.1" 200 0
2026-02-09 15:12:42,024 - DEBUG - https://huggingface.co:443 "HEAD /sentence-transformers/all-MiniLM-L6-v2/resolve/main/config_sentence_transformers.json HTTP/1.1" 307 0
2026-02-09 15:12:42,047 - DEBUG - https://huggingface.co:443 "HEAD /api/resolve-cache/models/sentence-transformers/all-MiniLM-L6-v2/c9745ed1d9f207416be6d2e6f8de32d1f16199bf/config_sentence_transformers.json HTTP/1.1" 200 0
2026-02-09 15:12:42,198 - DEBUG - https://huggingface.co:443 "HEAD /sentence-transformers/all-MiniLM-L6-v2/resolve/main/config_sentence_transformers.json HTTP/1.1" 307 0
2026-02-09 15:12:42,220 - DEBUG - https://huggingface.co:443 "HEAD /api/resolve-cache/models/sentence-transformers/all-MiniLM-L6-v2/c9745ed1d9f207416be6d2e6f8de32d1f16199bf/config_sentence_transformers.json HTTP/1.1" 200 0
2026-02-09 15:12:42,369 - DEBUG - https://huggingface.co:443 "HEAD /sentence-transformers/all-MiniLM-L6-v2/resolve/main/README.md HTTP/1.1" 307 0
2026-02-09 15:12:42,391 - DEBUG - https://huggingface.co:443 "HEAD /api/resolve-cache/models/sentence-transformers/all-MiniLM-L6-v2/c9745ed1d9f207416be6d2e6f8de32d1f16199bf/README.md HTTP/1.1" 200 0
2026-02-09 15:12:42,538 - DEBUG - https://huggingface.co:443 "HEAD /sentence-transformers/all-MiniLM-L6-v2/resolve/main/modules.json HTTP/1.1" 307 0
2026-02-09 15:12:42,560 - DEBUG - https://huggingface.co:443 "HEAD /api/resolve-cache/models/sentence-transformers/all-MiniLM-L6-v2/c9745ed1d9f207416be6d2e6f8de32d1f16199bf/modules.json HTTP/1.1" 200 0
2026-02-09 15:12:42,713 - DEBUG - https://huggingface.co:443 "HEAD /sentence-transformers/all-MiniLM-L6-v2/resolve/main/sentence_bert_config.json HTTP/1.1" 307 0
2026-02-09 15:12:42,736 - DEBUG - https://huggingface.co:443 "HEAD /api/resolve-cache/models/sentence-transformers/all-MiniLM-L6-v2/c9745ed1d9f207416be6d2e6f8de32d1f16199bf/sentence_bert_config.json HTTP/1.1" 200 0
2026-02-09 15:12:42,884 - DEBUG - https://huggingface.co:443 "HEAD /sentence-transformers/all-MiniLM-L6-v2/resolve/main/adapter_config.json HTTP/1.1" 404 0
2026-02-09 15:12:43,064 - DEBUG - https://huggingface.co:443 "HEAD /sentence-transformers/all-MiniLM-L6-v2/resolve/main/config.json HTTP/1.1" 307 0
2026-02-09 15:12:43,085 - DEBUG - https://huggingface.co:443 "HEAD /api/resolve-cache/models/sentence-transformers/all-MiniLM-L6-v2/c9745ed1d9f207416be6d2e6f8de32d1f16199bf/config.json HTTP/1.1" 200 0
2026-02-09 15:12:43,261 - DEBUG - https://huggingface.co:443 "HEAD /sentence-transformers/all-MiniLM-L6-v2/resolve/main/tokenizer_config.json HTTP/1.1" 307 0
2026-02-09 15:12:43,282 - DEBUG - https://huggingface.co:443 "HEAD /api/resolve-cache/models/sentence-transformers/all-MiniLM-L6-v2/c9745ed1d9f207416be6d2e6f8de32d1f16199bf/tokenizer_config.json HTTP/1.1" 200 0
2026-02-09 15:12:43,434 - DEBUG - https://huggingface.co:443 "GET /api/models/sentence-transformers/all-MiniLM-L6-v2/tree/main/additional_chat_templates?recursive=False&expand=False HTTP/1.1" 404 64
2026-02-09 15:12:43,622 - DEBUG - https://huggingface.co:443 "HEAD /sentence-transformers/all-MiniLM-L6-v2/resolve/main/1_Pooling/config.json HTTP/1.1" 307 0
2026-02-09 15:12:43,643 - DEBUG - https://huggingface.co:443 "HEAD /api/resolve-cache/models/sentence-transformers/all-MiniLM-L6-v2/c9745ed1d9f207416be6d2e6f8de32d1f16199bf/1_Pooling%2Fconfig.json HTTP/1.1" 200 0
2026-02-09 15:12:43,794 - DEBUG - https://huggingface.co:443 "GET /api/models/sentence-transformers/all-MiniLM-L6-v2 HTTP/1.1" 200 6848
2026-02-09 15:12:43,882 - WARNING - You tried to specify center_unembed=True for a model using logit softcap, but this can't be done! Softcapping is not invariant upon adding a constant Setting center_unembed=False instead.
2026-02-09 15:12:44,052 - DEBUG - https://huggingface.co:443 "HEAD /google/gemma-2-9b-it/resolve/main/config.json HTTP/1.1" 200 0
2026-02-09 15:12:48,252 - DEBUG - https://huggingface.co:443 "HEAD /google/gemma-2-9b-it/resolve/main/generation_config.json HTTP/1.1" 200 0
2026-02-09 15:12:48,432 - DEBUG - https://huggingface.co:443 "HEAD /google/gemma-2-9b-it/resolve/main/custom_generate/generate.py HTTP/1.1" 404 0
2026-02-09 15:12:48,778 - DEBUG - https://huggingface.co:443 "HEAD /google/gemma-2-9b-it/resolve/main/tokenizer_config.json HTTP/1.1" 200 0
2026-02-09 15:12:48,947 - DEBUG - https://huggingface.co:443 "GET /api/models/google/gemma-2-9b-it/tree/main/additional_chat_templates?recursive=False&expand=False HTTP/1.1" 404 64
2026-02-09 15:12:53,724 - WARNING - With reduced precision, it is advised to use `from_pretrained_no_processing` instead of `from_pretrained`.
2026-02-09 15:13:04,738 - WARNING - You are not using LayerNorm, so the writing weights can't be centered! Skipping
