2026-01-31 09:30:20,532 - INFO - PyTorch version 2.6.0 available.
2026-01-31 09:30:24,517 - DEBUG - Registering a new Serializable subclass: <class 'simple_parsing.helpers.serialization.serializable.Serializable'>
2026-01-31 09:30:24,517 - DEBUG - parents: [<class 'simple_parsing.helpers.serialization.serializable.SerializableMixin'>]
2026-01-31 09:30:24,518 - DEBUG - Registering a new Serializable subclass: <class 'simple_parsing.helpers.serialization.serializable.FrozenSerializable'>
2026-01-31 09:30:24,518 - DEBUG - parents: [<class 'simple_parsing.helpers.serialization.serializable.SerializableMixin'>]
2026-01-31 09:30:24,518 - DEBUG - Registering a new Serializable subclass: <class 'simple_parsing.helpers.serialization.serializable.SimpleSerializable'>
2026-01-31 09:30:24,519 - DEBUG - Registering a new Serializable subclass: <class 'simple_parsing.helpers.serialization.yaml_serialization.YamlSerializable'>
2026-01-31 09:30:24,519 - DEBUG - parents: [<class 'simple_parsing.helpers.serialization.serializable.Serializable'>, <class 'simple_parsing.helpers.serialization.serializable.SerializableMixin'>]
2026-01-31 09:30:24,519 - DEBUG - Parent class <class 'simple_parsing.helpers.serialization.serializable.Serializable'> has decode_into_subclasses = False
2026-01-31 09:30:24,519 - DEBUG - Registering a new Serializable subclass: <class 'simple_parsing.helpers.hparams.hyperparameters.BoundInfo'>
2026-01-31 09:30:24,519 - DEBUG - parents: [<class 'simple_parsing.helpers.serialization.serializable.Serializable'>, <class 'simple_parsing.helpers.serialization.serializable.SerializableMixin'>]
2026-01-31 09:30:24,519 - DEBUG - Parent class <class 'simple_parsing.helpers.serialization.serializable.Serializable'> has decode_into_subclasses = False
2026-01-31 09:30:24,519 - DEBUG - Registering a new Serializable subclass: <class 'simple_parsing.helpers.hparams.hyperparameters.HyperParameters'>
2026-01-31 09:30:26,805 - DEBUG - Starting new HTTPS connection (1): huggingface.co:443
2026-01-31 09:30:27,054 - DEBUG - https://huggingface.co:443 "HEAD /roberta-large-mnli/resolve/main/tokenizer_config.json HTTP/1.1" 200 0
2026-01-31 09:30:27,207 - DEBUG - https://huggingface.co:443 "GET /api/models/roberta-large-mnli/tree/main/additional_chat_templates?recursive=False&expand=False HTTP/1.1" 307 141
2026-01-31 09:30:27,364 - DEBUG - https://huggingface.co:443 "GET /api/models/FacebookAI/roberta-large-mnli/tree/main/additional_chat_templates?recursive=False&expand=False HTTP/1.1" 404 64
2026-01-31 09:30:27,637 - DEBUG - https://huggingface.co:443 "HEAD /roberta-large-mnli/resolve/main/config.json HTTP/1.1" 200 0
2026-01-31 09:30:30,413 - INFO - Use pytorch device_name: cuda:0
2026-01-31 09:30:30,413 - INFO - Load pretrained SentenceTransformer: all-MiniLM-L6-v2
2026-01-31 09:30:30,561 - DEBUG - https://huggingface.co:443 "HEAD /sentence-transformers/all-MiniLM-L6-v2/resolve/main/modules.json HTTP/1.1" 307 0
2026-01-31 09:30:30,583 - DEBUG - https://huggingface.co:443 "HEAD /api/resolve-cache/models/sentence-transformers/all-MiniLM-L6-v2/c9745ed1d9f207416be6d2e6f8de32d1f16199bf/modules.json HTTP/1.1" 200 0
2026-01-31 09:30:30,732 - DEBUG - https://huggingface.co:443 "HEAD /sentence-transformers/all-MiniLM-L6-v2/resolve/main/config_sentence_transformers.json HTTP/1.1" 307 0
2026-01-31 09:30:30,754 - DEBUG - https://huggingface.co:443 "HEAD /api/resolve-cache/models/sentence-transformers/all-MiniLM-L6-v2/c9745ed1d9f207416be6d2e6f8de32d1f16199bf/config_sentence_transformers.json HTTP/1.1" 200 0
2026-01-31 09:30:30,903 - DEBUG - https://huggingface.co:443 "HEAD /sentence-transformers/all-MiniLM-L6-v2/resolve/main/config_sentence_transformers.json HTTP/1.1" 307 0
2026-01-31 09:30:30,925 - DEBUG - https://huggingface.co:443 "HEAD /api/resolve-cache/models/sentence-transformers/all-MiniLM-L6-v2/c9745ed1d9f207416be6d2e6f8de32d1f16199bf/config_sentence_transformers.json HTTP/1.1" 200 0
2026-01-31 09:30:31,076 - DEBUG - https://huggingface.co:443 "HEAD /sentence-transformers/all-MiniLM-L6-v2/resolve/main/README.md HTTP/1.1" 307 0
2026-01-31 09:30:31,099 - DEBUG - https://huggingface.co:443 "HEAD /api/resolve-cache/models/sentence-transformers/all-MiniLM-L6-v2/c9745ed1d9f207416be6d2e6f8de32d1f16199bf/README.md HTTP/1.1" 200 0
2026-01-31 09:30:31,248 - DEBUG - https://huggingface.co:443 "HEAD /sentence-transformers/all-MiniLM-L6-v2/resolve/main/modules.json HTTP/1.1" 307 0
2026-01-31 09:30:31,270 - DEBUG - https://huggingface.co:443 "HEAD /api/resolve-cache/models/sentence-transformers/all-MiniLM-L6-v2/c9745ed1d9f207416be6d2e6f8de32d1f16199bf/modules.json HTTP/1.1" 200 0
2026-01-31 09:30:31,424 - DEBUG - https://huggingface.co:443 "HEAD /sentence-transformers/all-MiniLM-L6-v2/resolve/main/sentence_bert_config.json HTTP/1.1" 307 0
2026-01-31 09:30:31,447 - DEBUG - https://huggingface.co:443 "HEAD /api/resolve-cache/models/sentence-transformers/all-MiniLM-L6-v2/c9745ed1d9f207416be6d2e6f8de32d1f16199bf/sentence_bert_config.json HTTP/1.1" 200 0
2026-01-31 09:30:31,660 - DEBUG - https://huggingface.co:443 "HEAD /sentence-transformers/all-MiniLM-L6-v2/resolve/main/adapter_config.json HTTP/1.1" 404 0
2026-01-31 09:30:31,809 - DEBUG - https://huggingface.co:443 "HEAD /sentence-transformers/all-MiniLM-L6-v2/resolve/main/config.json HTTP/1.1" 307 0
2026-01-31 09:30:31,831 - DEBUG - https://huggingface.co:443 "HEAD /api/resolve-cache/models/sentence-transformers/all-MiniLM-L6-v2/c9745ed1d9f207416be6d2e6f8de32d1f16199bf/config.json HTTP/1.1" 200 0
2026-01-31 09:30:32,008 - DEBUG - https://huggingface.co:443 "HEAD /sentence-transformers/all-MiniLM-L6-v2/resolve/main/tokenizer_config.json HTTP/1.1" 307 0
2026-01-31 09:30:32,030 - DEBUG - https://huggingface.co:443 "HEAD /api/resolve-cache/models/sentence-transformers/all-MiniLM-L6-v2/c9745ed1d9f207416be6d2e6f8de32d1f16199bf/tokenizer_config.json HTTP/1.1" 200 0
2026-01-31 09:30:32,184 - DEBUG - https://huggingface.co:443 "GET /api/models/sentence-transformers/all-MiniLM-L6-v2/tree/main/additional_chat_templates?recursive=False&expand=False HTTP/1.1" 404 64
2026-01-31 09:30:32,376 - DEBUG - https://huggingface.co:443 "HEAD /sentence-transformers/all-MiniLM-L6-v2/resolve/main/1_Pooling/config.json HTTP/1.1" 307 0
2026-01-31 09:30:32,398 - DEBUG - https://huggingface.co:443 "HEAD /api/resolve-cache/models/sentence-transformers/all-MiniLM-L6-v2/c9745ed1d9f207416be6d2e6f8de32d1f16199bf/1_Pooling%2Fconfig.json HTTP/1.1" 200 0
2026-01-31 09:30:32,564 - DEBUG - https://huggingface.co:443 "GET /api/models/sentence-transformers/all-MiniLM-L6-v2 HTTP/1.1" 200 6996
2026-01-31 09:30:32,611 - WARNING - You tried to specify center_unembed=True for a model using logit softcap, but this can't be done! Softcapping is not invariant upon adding a constant Setting center_unembed=False instead.
2026-01-31 09:30:32,769 - DEBUG - https://huggingface.co:443 "HEAD /google/gemma-2-9b-it/resolve/main/config.json HTTP/1.1" 200 0
2026-01-31 09:30:35,990 - DEBUG - https://huggingface.co:443 "HEAD /google/gemma-2-9b-it/resolve/main/generation_config.json HTTP/1.1" 200 0
2026-01-31 09:30:36,143 - DEBUG - https://huggingface.co:443 "HEAD /google/gemma-2-9b-it/resolve/main/custom_generate/generate.py HTTP/1.1" 404 0
2026-01-31 09:30:36,454 - DEBUG - https://huggingface.co:443 "HEAD /google/gemma-2-9b-it/resolve/main/tokenizer_config.json HTTP/1.1" 200 0
2026-01-31 09:30:36,617 - DEBUG - https://huggingface.co:443 "GET /api/models/google/gemma-2-9b-it/tree/main/additional_chat_templates?recursive=False&expand=False HTTP/1.1" 404 64
2026-01-31 09:30:40,250 - WARNING - With reduced precision, it is advised to use `from_pretrained_no_processing` instead of `from_pretrained`.
2026-01-31 09:30:47,314 - WARNING - You are not using LayerNorm, so the writing weights can't be centered! Skipping
2026-01-31 09:31:33,691 - DEBUG - https://huggingface.co:443 "HEAD /google/gemma-scope-9b-it-res/resolve/main/layer_20/width_16k/average_l0_91/params.npz HTTP/1.1" 302 0
2026-01-31 09:38:01,768 - INFO - PyTorch version 2.6.0 available.
2026-01-31 09:38:05,702 - DEBUG - Registering a new Serializable subclass: <class 'simple_parsing.helpers.serialization.serializable.Serializable'>
2026-01-31 09:38:05,703 - DEBUG - parents: [<class 'simple_parsing.helpers.serialization.serializable.SerializableMixin'>]
2026-01-31 09:38:05,703 - DEBUG - Registering a new Serializable subclass: <class 'simple_parsing.helpers.serialization.serializable.FrozenSerializable'>
2026-01-31 09:38:05,703 - DEBUG - parents: [<class 'simple_parsing.helpers.serialization.serializable.SerializableMixin'>]
2026-01-31 09:38:05,704 - DEBUG - Registering a new Serializable subclass: <class 'simple_parsing.helpers.serialization.serializable.SimpleSerializable'>
2026-01-31 09:38:05,704 - DEBUG - Registering a new Serializable subclass: <class 'simple_parsing.helpers.serialization.yaml_serialization.YamlSerializable'>
2026-01-31 09:38:05,704 - DEBUG - parents: [<class 'simple_parsing.helpers.serialization.serializable.Serializable'>, <class 'simple_parsing.helpers.serialization.serializable.SerializableMixin'>]
2026-01-31 09:38:05,704 - DEBUG - Parent class <class 'simple_parsing.helpers.serialization.serializable.Serializable'> has decode_into_subclasses = False
2026-01-31 09:38:05,704 - DEBUG - Registering a new Serializable subclass: <class 'simple_parsing.helpers.hparams.hyperparameters.BoundInfo'>
2026-01-31 09:38:05,704 - DEBUG - parents: [<class 'simple_parsing.helpers.serialization.serializable.Serializable'>, <class 'simple_parsing.helpers.serialization.serializable.SerializableMixin'>]
2026-01-31 09:38:05,704 - DEBUG - Parent class <class 'simple_parsing.helpers.serialization.serializable.Serializable'> has decode_into_subclasses = False
2026-01-31 09:38:05,705 - DEBUG - Registering a new Serializable subclass: <class 'simple_parsing.helpers.hparams.hyperparameters.HyperParameters'>
2026-01-31 09:38:07,693 - DEBUG - Starting new HTTPS connection (1): huggingface.co:443
2026-01-31 09:38:07,945 - DEBUG - https://huggingface.co:443 "HEAD /roberta-large-mnli/resolve/main/tokenizer_config.json HTTP/1.1" 200 0
2026-01-31 09:38:08,099 - DEBUG - https://huggingface.co:443 "GET /api/models/roberta-large-mnli/tree/main/additional_chat_templates?recursive=False&expand=False HTTP/1.1" 307 141
2026-01-31 09:38:08,249 - DEBUG - https://huggingface.co:443 "GET /api/models/FacebookAI/roberta-large-mnli/tree/main/additional_chat_templates?recursive=False&expand=False HTTP/1.1" 404 64
2026-01-31 09:38:08,534 - DEBUG - https://huggingface.co:443 "HEAD /roberta-large-mnli/resolve/main/config.json HTTP/1.1" 200 0
2026-01-31 09:38:11,452 - INFO - Use pytorch device_name: cuda:0
2026-01-31 09:38:11,452 - INFO - Load pretrained SentenceTransformer: all-MiniLM-L6-v2
2026-01-31 09:38:11,599 - DEBUG - https://huggingface.co:443 "HEAD /sentence-transformers/all-MiniLM-L6-v2/resolve/main/modules.json HTTP/1.1" 307 0
2026-01-31 09:38:11,620 - DEBUG - https://huggingface.co:443 "HEAD /api/resolve-cache/models/sentence-transformers/all-MiniLM-L6-v2/c9745ed1d9f207416be6d2e6f8de32d1f16199bf/modules.json HTTP/1.1" 200 0
2026-01-31 09:38:11,771 - DEBUG - https://huggingface.co:443 "HEAD /sentence-transformers/all-MiniLM-L6-v2/resolve/main/config_sentence_transformers.json HTTP/1.1" 307 0
2026-01-31 09:38:11,793 - DEBUG - https://huggingface.co:443 "HEAD /api/resolve-cache/models/sentence-transformers/all-MiniLM-L6-v2/c9745ed1d9f207416be6d2e6f8de32d1f16199bf/config_sentence_transformers.json HTTP/1.1" 200 0
2026-01-31 09:38:11,943 - DEBUG - https://huggingface.co:443 "HEAD /sentence-transformers/all-MiniLM-L6-v2/resolve/main/config_sentence_transformers.json HTTP/1.1" 307 0
2026-01-31 09:38:11,965 - DEBUG - https://huggingface.co:443 "HEAD /api/resolve-cache/models/sentence-transformers/all-MiniLM-L6-v2/c9745ed1d9f207416be6d2e6f8de32d1f16199bf/config_sentence_transformers.json HTTP/1.1" 200 0
2026-01-31 09:38:12,120 - DEBUG - https://huggingface.co:443 "HEAD /sentence-transformers/all-MiniLM-L6-v2/resolve/main/README.md HTTP/1.1" 307 0
2026-01-31 09:38:12,142 - DEBUG - https://huggingface.co:443 "HEAD /api/resolve-cache/models/sentence-transformers/all-MiniLM-L6-v2/c9745ed1d9f207416be6d2e6f8de32d1f16199bf/README.md HTTP/1.1" 200 0
2026-01-31 09:38:12,289 - DEBUG - https://huggingface.co:443 "HEAD /sentence-transformers/all-MiniLM-L6-v2/resolve/main/modules.json HTTP/1.1" 307 0
2026-01-31 09:38:12,311 - DEBUG - https://huggingface.co:443 "HEAD /api/resolve-cache/models/sentence-transformers/all-MiniLM-L6-v2/c9745ed1d9f207416be6d2e6f8de32d1f16199bf/modules.json HTTP/1.1" 200 0
2026-01-31 09:38:12,460 - DEBUG - https://huggingface.co:443 "HEAD /sentence-transformers/all-MiniLM-L6-v2/resolve/main/sentence_bert_config.json HTTP/1.1" 307 0
2026-01-31 09:38:12,482 - DEBUG - https://huggingface.co:443 "HEAD /api/resolve-cache/models/sentence-transformers/all-MiniLM-L6-v2/c9745ed1d9f207416be6d2e6f8de32d1f16199bf/sentence_bert_config.json HTTP/1.1" 200 0
2026-01-31 09:38:12,642 - DEBUG - https://huggingface.co:443 "HEAD /sentence-transformers/all-MiniLM-L6-v2/resolve/main/adapter_config.json HTTP/1.1" 404 0
2026-01-31 09:38:12,794 - DEBUG - https://huggingface.co:443 "HEAD /sentence-transformers/all-MiniLM-L6-v2/resolve/main/config.json HTTP/1.1" 307 0
2026-01-31 09:38:12,816 - DEBUG - https://huggingface.co:443 "HEAD /api/resolve-cache/models/sentence-transformers/all-MiniLM-L6-v2/c9745ed1d9f207416be6d2e6f8de32d1f16199bf/config.json HTTP/1.1" 200 0
2026-01-31 09:38:12,995 - DEBUG - https://huggingface.co:443 "HEAD /sentence-transformers/all-MiniLM-L6-v2/resolve/main/tokenizer_config.json HTTP/1.1" 307 0
2026-01-31 09:38:13,017 - DEBUG - https://huggingface.co:443 "HEAD /api/resolve-cache/models/sentence-transformers/all-MiniLM-L6-v2/c9745ed1d9f207416be6d2e6f8de32d1f16199bf/tokenizer_config.json HTTP/1.1" 200 0
2026-01-31 09:38:13,169 - DEBUG - https://huggingface.co:443 "GET /api/models/sentence-transformers/all-MiniLM-L6-v2/tree/main/additional_chat_templates?recursive=False&expand=False HTTP/1.1" 404 64
2026-01-31 09:38:13,357 - DEBUG - https://huggingface.co:443 "HEAD /sentence-transformers/all-MiniLM-L6-v2/resolve/main/1_Pooling/config.json HTTP/1.1" 307 0
2026-01-31 09:38:13,378 - DEBUG - https://huggingface.co:443 "HEAD /api/resolve-cache/models/sentence-transformers/all-MiniLM-L6-v2/c9745ed1d9f207416be6d2e6f8de32d1f16199bf/1_Pooling%2Fconfig.json HTTP/1.1" 200 0
2026-01-31 09:38:13,531 - DEBUG - https://huggingface.co:443 "GET /api/models/sentence-transformers/all-MiniLM-L6-v2 HTTP/1.1" 200 6996
2026-01-31 09:38:13,576 - WARNING - You tried to specify center_unembed=True for a model using logit softcap, but this can't be done! Softcapping is not invariant upon adding a constant Setting center_unembed=False instead.
2026-01-31 09:38:13,729 - DEBUG - https://huggingface.co:443 "HEAD /google/gemma-2-9b-it/resolve/main/config.json HTTP/1.1" 200 0
2026-01-31 09:38:16,446 - DEBUG - https://huggingface.co:443 "HEAD /google/gemma-2-9b-it/resolve/main/generation_config.json HTTP/1.1" 200 0
2026-01-31 09:38:16,597 - DEBUG - https://huggingface.co:443 "HEAD /google/gemma-2-9b-it/resolve/main/custom_generate/generate.py HTTP/1.1" 404 0
2026-01-31 09:38:16,923 - DEBUG - https://huggingface.co:443 "HEAD /google/gemma-2-9b-it/resolve/main/tokenizer_config.json HTTP/1.1" 200 0
2026-01-31 09:38:17,089 - DEBUG - https://huggingface.co:443 "GET /api/models/google/gemma-2-9b-it/tree/main/additional_chat_templates?recursive=False&expand=False HTTP/1.1" 404 64
2026-01-31 09:38:21,391 - WARNING - With reduced precision, it is advised to use `from_pretrained_no_processing` instead of `from_pretrained`.
2026-01-31 09:38:31,025 - WARNING - You are not using LayerNorm, so the writing weights can't be centered! Skipping
2026-01-31 09:39:27,971 - DEBUG - https://huggingface.co:443 "HEAD /google/gemma-scope-9b-it-res/resolve/main/layer_20/width_16k/average_l0_91/params.npz HTTP/1.1" 302 0
2026-01-31 09:47:58,075 - INFO - PyTorch version 2.6.0 available.
2026-01-31 09:48:01,461 - DEBUG - Registering a new Serializable subclass: <class 'simple_parsing.helpers.serialization.serializable.Serializable'>
2026-01-31 09:48:01,462 - DEBUG - parents: [<class 'simple_parsing.helpers.serialization.serializable.SerializableMixin'>]
2026-01-31 09:48:01,462 - DEBUG - Registering a new Serializable subclass: <class 'simple_parsing.helpers.serialization.serializable.FrozenSerializable'>
2026-01-31 09:48:01,462 - DEBUG - parents: [<class 'simple_parsing.helpers.serialization.serializable.SerializableMixin'>]
2026-01-31 09:48:01,462 - DEBUG - Registering a new Serializable subclass: <class 'simple_parsing.helpers.serialization.serializable.SimpleSerializable'>
2026-01-31 09:48:01,463 - DEBUG - Registering a new Serializable subclass: <class 'simple_parsing.helpers.serialization.yaml_serialization.YamlSerializable'>
2026-01-31 09:48:01,463 - DEBUG - parents: [<class 'simple_parsing.helpers.serialization.serializable.Serializable'>, <class 'simple_parsing.helpers.serialization.serializable.SerializableMixin'>]
2026-01-31 09:48:01,463 - DEBUG - Parent class <class 'simple_parsing.helpers.serialization.serializable.Serializable'> has decode_into_subclasses = False
2026-01-31 09:48:01,463 - DEBUG - Registering a new Serializable subclass: <class 'simple_parsing.helpers.hparams.hyperparameters.BoundInfo'>
2026-01-31 09:48:01,463 - DEBUG - parents: [<class 'simple_parsing.helpers.serialization.serializable.Serializable'>, <class 'simple_parsing.helpers.serialization.serializable.SerializableMixin'>]
2026-01-31 09:48:01,463 - DEBUG - Parent class <class 'simple_parsing.helpers.serialization.serializable.Serializable'> has decode_into_subclasses = False
2026-01-31 09:48:01,463 - DEBUG - Registering a new Serializable subclass: <class 'simple_parsing.helpers.hparams.hyperparameters.HyperParameters'>
2026-01-31 09:48:03,091 - DEBUG - Starting new HTTPS connection (1): huggingface.co:443
2026-01-31 09:48:03,337 - DEBUG - https://huggingface.co:443 "HEAD /roberta-large-mnli/resolve/main/tokenizer_config.json HTTP/1.1" 200 0
2026-01-31 09:48:03,491 - DEBUG - https://huggingface.co:443 "GET /api/models/roberta-large-mnli/tree/main/additional_chat_templates?recursive=False&expand=False HTTP/1.1" 307 141
2026-01-31 09:48:03,644 - DEBUG - https://huggingface.co:443 "GET /api/models/FacebookAI/roberta-large-mnli/tree/main/additional_chat_templates?recursive=False&expand=False HTTP/1.1" 404 64
2026-01-31 09:48:03,922 - DEBUG - https://huggingface.co:443 "HEAD /roberta-large-mnli/resolve/main/config.json HTTP/1.1" 200 0
2026-01-31 09:48:06,674 - INFO - Use pytorch device_name: cuda:0
2026-01-31 09:48:06,674 - INFO - Load pretrained SentenceTransformer: all-MiniLM-L6-v2
2026-01-31 09:48:06,822 - DEBUG - https://huggingface.co:443 "HEAD /sentence-transformers/all-MiniLM-L6-v2/resolve/main/modules.json HTTP/1.1" 307 0
2026-01-31 09:48:06,844 - DEBUG - https://huggingface.co:443 "HEAD /api/resolve-cache/models/sentence-transformers/all-MiniLM-L6-v2/c9745ed1d9f207416be6d2e6f8de32d1f16199bf/modules.json HTTP/1.1" 200 0
2026-01-31 09:48:06,991 - DEBUG - https://huggingface.co:443 "HEAD /sentence-transformers/all-MiniLM-L6-v2/resolve/main/config_sentence_transformers.json HTTP/1.1" 307 0
2026-01-31 09:48:07,021 - DEBUG - https://huggingface.co:443 "HEAD /api/resolve-cache/models/sentence-transformers/all-MiniLM-L6-v2/c9745ed1d9f207416be6d2e6f8de32d1f16199bf/config_sentence_transformers.json HTTP/1.1" 200 0
2026-01-31 09:48:07,169 - DEBUG - https://huggingface.co:443 "HEAD /sentence-transformers/all-MiniLM-L6-v2/resolve/main/config_sentence_transformers.json HTTP/1.1" 307 0
2026-01-31 09:48:07,191 - DEBUG - https://huggingface.co:443 "HEAD /api/resolve-cache/models/sentence-transformers/all-MiniLM-L6-v2/c9745ed1d9f207416be6d2e6f8de32d1f16199bf/config_sentence_transformers.json HTTP/1.1" 200 0
2026-01-31 09:48:07,348 - DEBUG - https://huggingface.co:443 "HEAD /sentence-transformers/all-MiniLM-L6-v2/resolve/main/README.md HTTP/1.1" 307 0
2026-01-31 09:48:07,370 - DEBUG - https://huggingface.co:443 "HEAD /api/resolve-cache/models/sentence-transformers/all-MiniLM-L6-v2/c9745ed1d9f207416be6d2e6f8de32d1f16199bf/README.md HTTP/1.1" 200 0
2026-01-31 09:48:07,518 - DEBUG - https://huggingface.co:443 "HEAD /sentence-transformers/all-MiniLM-L6-v2/resolve/main/modules.json HTTP/1.1" 307 0
2026-01-31 09:48:07,540 - DEBUG - https://huggingface.co:443 "HEAD /api/resolve-cache/models/sentence-transformers/all-MiniLM-L6-v2/c9745ed1d9f207416be6d2e6f8de32d1f16199bf/modules.json HTTP/1.1" 200 0
2026-01-31 09:48:07,690 - DEBUG - https://huggingface.co:443 "HEAD /sentence-transformers/all-MiniLM-L6-v2/resolve/main/sentence_bert_config.json HTTP/1.1" 307 0
2026-01-31 09:48:07,712 - DEBUG - https://huggingface.co:443 "HEAD /api/resolve-cache/models/sentence-transformers/all-MiniLM-L6-v2/c9745ed1d9f207416be6d2e6f8de32d1f16199bf/sentence_bert_config.json HTTP/1.1" 200 0
2026-01-31 09:48:07,862 - DEBUG - https://huggingface.co:443 "HEAD /sentence-transformers/all-MiniLM-L6-v2/resolve/main/adapter_config.json HTTP/1.1" 404 0
2026-01-31 09:48:08,010 - DEBUG - https://huggingface.co:443 "HEAD /sentence-transformers/all-MiniLM-L6-v2/resolve/main/config.json HTTP/1.1" 307 0
2026-01-31 09:48:08,031 - DEBUG - https://huggingface.co:443 "HEAD /api/resolve-cache/models/sentence-transformers/all-MiniLM-L6-v2/c9745ed1d9f207416be6d2e6f8de32d1f16199bf/config.json HTTP/1.1" 200 0
2026-01-31 09:48:08,212 - DEBUG - https://huggingface.co:443 "HEAD /sentence-transformers/all-MiniLM-L6-v2/resolve/main/tokenizer_config.json HTTP/1.1" 307 0
2026-01-31 09:48:08,233 - DEBUG - https://huggingface.co:443 "HEAD /api/resolve-cache/models/sentence-transformers/all-MiniLM-L6-v2/c9745ed1d9f207416be6d2e6f8de32d1f16199bf/tokenizer_config.json HTTP/1.1" 200 0
2026-01-31 09:48:08,387 - DEBUG - https://huggingface.co:443 "GET /api/models/sentence-transformers/all-MiniLM-L6-v2/tree/main/additional_chat_templates?recursive=False&expand=False HTTP/1.1" 404 64
2026-01-31 09:48:08,573 - DEBUG - https://huggingface.co:443 "HEAD /sentence-transformers/all-MiniLM-L6-v2/resolve/main/1_Pooling/config.json HTTP/1.1" 307 0
2026-01-31 09:48:08,595 - DEBUG - https://huggingface.co:443 "HEAD /api/resolve-cache/models/sentence-transformers/all-MiniLM-L6-v2/c9745ed1d9f207416be6d2e6f8de32d1f16199bf/1_Pooling%2Fconfig.json HTTP/1.1" 200 0
2026-01-31 09:48:08,748 - DEBUG - https://huggingface.co:443 "GET /api/models/sentence-transformers/all-MiniLM-L6-v2 HTTP/1.1" 200 6996
2026-01-31 09:48:08,794 - WARNING - You tried to specify center_unembed=True for a model using logit softcap, but this can't be done! Softcapping is not invariant upon adding a constant Setting center_unembed=False instead.
2026-01-31 09:48:08,959 - DEBUG - https://huggingface.co:443 "HEAD /google/gemma-2-9b-it/resolve/main/config.json HTTP/1.1" 200 0
2026-01-31 09:48:11,503 - DEBUG - https://huggingface.co:443 "HEAD /google/gemma-2-9b-it/resolve/main/generation_config.json HTTP/1.1" 200 0
2026-01-31 09:48:11,661 - DEBUG - https://huggingface.co:443 "HEAD /google/gemma-2-9b-it/resolve/main/custom_generate/generate.py HTTP/1.1" 404 0
2026-01-31 09:48:11,973 - DEBUG - https://huggingface.co:443 "HEAD /google/gemma-2-9b-it/resolve/main/tokenizer_config.json HTTP/1.1" 200 0
2026-01-31 09:48:44,525 - DEBUG - https://huggingface.co:443 "GET /api/models/google/gemma-2-9b-it/tree/main/additional_chat_templates?recursive=False&expand=False HTTP/1.1" 404 64
2026-01-31 09:48:48,011 - WARNING - With reduced precision, it is advised to use `from_pretrained_no_processing` instead of `from_pretrained`.
2026-01-31 09:48:54,462 - WARNING - You are not using LayerNorm, so the writing weights can't be centered! Skipping
2026-01-31 09:49:43,346 - DEBUG - https://huggingface.co:443 "HEAD /google/gemma-scope-9b-it-res/resolve/main/layer_20/width_16k/average_l0_91/params.npz HTTP/1.1" 302 0
2026-01-31 19:36:16,066 - INFO - PyTorch version 2.6.0 available.
2026-01-31 19:36:20,175 - DEBUG - Registering a new Serializable subclass: <class 'simple_parsing.helpers.serialization.serializable.Serializable'>
2026-01-31 19:36:20,175 - DEBUG - parents: [<class 'simple_parsing.helpers.serialization.serializable.SerializableMixin'>]
2026-01-31 19:36:20,175 - DEBUG - Registering a new Serializable subclass: <class 'simple_parsing.helpers.serialization.serializable.FrozenSerializable'>
2026-01-31 19:36:20,175 - DEBUG - parents: [<class 'simple_parsing.helpers.serialization.serializable.SerializableMixin'>]
2026-01-31 19:36:20,176 - DEBUG - Registering a new Serializable subclass: <class 'simple_parsing.helpers.serialization.serializable.SimpleSerializable'>
2026-01-31 19:36:20,176 - DEBUG - Registering a new Serializable subclass: <class 'simple_parsing.helpers.serialization.yaml_serialization.YamlSerializable'>
2026-01-31 19:36:20,176 - DEBUG - parents: [<class 'simple_parsing.helpers.serialization.serializable.Serializable'>, <class 'simple_parsing.helpers.serialization.serializable.SerializableMixin'>]
2026-01-31 19:36:20,176 - DEBUG - Parent class <class 'simple_parsing.helpers.serialization.serializable.Serializable'> has decode_into_subclasses = False
2026-01-31 19:36:20,177 - DEBUG - Registering a new Serializable subclass: <class 'simple_parsing.helpers.hparams.hyperparameters.BoundInfo'>
2026-01-31 19:36:20,177 - DEBUG - parents: [<class 'simple_parsing.helpers.serialization.serializable.Serializable'>, <class 'simple_parsing.helpers.serialization.serializable.SerializableMixin'>]
2026-01-31 19:36:20,177 - DEBUG - Parent class <class 'simple_parsing.helpers.serialization.serializable.Serializable'> has decode_into_subclasses = False
2026-01-31 19:36:20,177 - DEBUG - Registering a new Serializable subclass: <class 'simple_parsing.helpers.hparams.hyperparameters.HyperParameters'>
2026-01-31 19:36:22,558 - DEBUG - Starting new HTTPS connection (1): huggingface.co:443
2026-01-31 19:36:22,866 - DEBUG - https://huggingface.co:443 "HEAD /roberta-large-mnli/resolve/main/tokenizer_config.json HTTP/1.1" 200 0
2026-01-31 19:36:23,026 - DEBUG - https://huggingface.co:443 "GET /api/models/roberta-large-mnli/tree/main/additional_chat_templates?recursive=False&expand=False HTTP/1.1" 307 141
2026-01-31 19:36:23,176 - DEBUG - https://huggingface.co:443 "GET /api/models/FacebookAI/roberta-large-mnli/tree/main/additional_chat_templates?recursive=False&expand=False HTTP/1.1" 404 64
2026-01-31 19:36:23,490 - DEBUG - https://huggingface.co:443 "HEAD /roberta-large-mnli/resolve/main/config.json HTTP/1.1" 200 0
2026-01-31 19:36:26,963 - INFO - Use pytorch device_name: cuda:0
2026-01-31 19:36:26,963 - INFO - Load pretrained SentenceTransformer: all-MiniLM-L6-v2
2026-01-31 19:36:27,120 - DEBUG - https://huggingface.co:443 "HEAD /sentence-transformers/all-MiniLM-L6-v2/resolve/main/modules.json HTTP/1.1" 307 0
2026-01-31 19:36:27,144 - DEBUG - https://huggingface.co:443 "HEAD /api/resolve-cache/models/sentence-transformers/all-MiniLM-L6-v2/c9745ed1d9f207416be6d2e6f8de32d1f16199bf/modules.json HTTP/1.1" 200 0
2026-01-31 19:36:27,295 - DEBUG - https://huggingface.co:443 "HEAD /sentence-transformers/all-MiniLM-L6-v2/resolve/main/config_sentence_transformers.json HTTP/1.1" 307 0
2026-01-31 19:36:27,320 - DEBUG - https://huggingface.co:443 "HEAD /api/resolve-cache/models/sentence-transformers/all-MiniLM-L6-v2/c9745ed1d9f207416be6d2e6f8de32d1f16199bf/config_sentence_transformers.json HTTP/1.1" 200 0
2026-01-31 19:36:27,474 - DEBUG - https://huggingface.co:443 "HEAD /sentence-transformers/all-MiniLM-L6-v2/resolve/main/config_sentence_transformers.json HTTP/1.1" 307 0
2026-01-31 19:36:27,497 - DEBUG - https://huggingface.co:443 "HEAD /api/resolve-cache/models/sentence-transformers/all-MiniLM-L6-v2/c9745ed1d9f207416be6d2e6f8de32d1f16199bf/config_sentence_transformers.json HTTP/1.1" 200 0
2026-01-31 19:36:27,652 - DEBUG - https://huggingface.co:443 "HEAD /sentence-transformers/all-MiniLM-L6-v2/resolve/main/README.md HTTP/1.1" 307 0
2026-01-31 19:36:27,676 - DEBUG - https://huggingface.co:443 "HEAD /api/resolve-cache/models/sentence-transformers/all-MiniLM-L6-v2/c9745ed1d9f207416be6d2e6f8de32d1f16199bf/README.md HTTP/1.1" 200 0
2026-01-31 19:36:27,828 - DEBUG - https://huggingface.co:443 "HEAD /sentence-transformers/all-MiniLM-L6-v2/resolve/main/modules.json HTTP/1.1" 307 0
2026-01-31 19:36:27,852 - DEBUG - https://huggingface.co:443 "HEAD /api/resolve-cache/models/sentence-transformers/all-MiniLM-L6-v2/c9745ed1d9f207416be6d2e6f8de32d1f16199bf/modules.json HTTP/1.1" 200 0
2026-01-31 19:36:28,004 - DEBUG - https://huggingface.co:443 "HEAD /sentence-transformers/all-MiniLM-L6-v2/resolve/main/sentence_bert_config.json HTTP/1.1" 307 0
2026-01-31 19:36:28,028 - DEBUG - https://huggingface.co:443 "HEAD /api/resolve-cache/models/sentence-transformers/all-MiniLM-L6-v2/c9745ed1d9f207416be6d2e6f8de32d1f16199bf/sentence_bert_config.json HTTP/1.1" 200 0
2026-01-31 19:36:28,184 - DEBUG - https://huggingface.co:443 "HEAD /sentence-transformers/all-MiniLM-L6-v2/resolve/main/adapter_config.json HTTP/1.1" 404 0
2026-01-31 19:36:28,341 - DEBUG - https://huggingface.co:443 "HEAD /sentence-transformers/all-MiniLM-L6-v2/resolve/main/config.json HTTP/1.1" 307 0
2026-01-31 19:36:28,364 - DEBUG - https://huggingface.co:443 "HEAD /api/resolve-cache/models/sentence-transformers/all-MiniLM-L6-v2/c9745ed1d9f207416be6d2e6f8de32d1f16199bf/config.json HTTP/1.1" 200 0
2026-01-31 19:36:28,554 - DEBUG - https://huggingface.co:443 "HEAD /sentence-transformers/all-MiniLM-L6-v2/resolve/main/tokenizer_config.json HTTP/1.1" 307 0
2026-01-31 19:36:28,577 - DEBUG - https://huggingface.co:443 "HEAD /api/resolve-cache/models/sentence-transformers/all-MiniLM-L6-v2/c9745ed1d9f207416be6d2e6f8de32d1f16199bf/tokenizer_config.json HTTP/1.1" 200 0
2026-01-31 19:36:28,741 - DEBUG - https://huggingface.co:443 "GET /api/models/sentence-transformers/all-MiniLM-L6-v2/tree/main/additional_chat_templates?recursive=False&expand=False HTTP/1.1" 404 64
2026-01-31 19:36:28,947 - DEBUG - https://huggingface.co:443 "HEAD /sentence-transformers/all-MiniLM-L6-v2/resolve/main/1_Pooling/config.json HTTP/1.1" 307 0
2026-01-31 19:36:28,970 - DEBUG - https://huggingface.co:443 "HEAD /api/resolve-cache/models/sentence-transformers/all-MiniLM-L6-v2/c9745ed1d9f207416be6d2e6f8de32d1f16199bf/1_Pooling%2Fconfig.json HTTP/1.1" 200 0
2026-01-31 19:37:01,802 - DEBUG - https://huggingface.co:443 "GET /api/models/sentence-transformers/all-MiniLM-L6-v2 HTTP/1.1" 200 6998
2026-01-31 19:37:01,855 - WARNING - You tried to specify center_unembed=True for a model using logit softcap, but this can't be done! Softcapping is not invariant upon adding a constant Setting center_unembed=False instead.
2026-01-31 19:37:02,010 - DEBUG - https://huggingface.co:443 "HEAD /google/gemma-2-9b-it/resolve/main/config.json HTTP/1.1" 200 0
2026-01-31 19:37:04,884 - DEBUG - https://huggingface.co:443 "HEAD /google/gemma-2-9b-it/resolve/main/generation_config.json HTTP/1.1" 200 0
2026-01-31 19:37:05,036 - DEBUG - https://huggingface.co:443 "HEAD /google/gemma-2-9b-it/resolve/main/custom_generate/generate.py HTTP/1.1" 404 0
2026-01-31 19:37:05,436 - DEBUG - https://huggingface.co:443 "HEAD /google/gemma-2-9b-it/resolve/main/tokenizer_config.json HTTP/1.1" 200 0
2026-01-31 19:37:05,596 - DEBUG - https://huggingface.co:443 "GET /api/models/google/gemma-2-9b-it/tree/main/additional_chat_templates?recursive=False&expand=False HTTP/1.1" 404 64
2026-01-31 19:37:09,394 - WARNING - With reduced precision, it is advised to use `from_pretrained_no_processing` instead of `from_pretrained`.
2026-01-31 19:37:17,520 - WARNING - You are not using LayerNorm, so the writing weights can't be centered! Skipping
2026-01-31 19:38:12,474 - DEBUG - https://huggingface.co:443 "HEAD /google/gemma-scope-9b-it-res/resolve/main/layer_20/width_16k/average_l0_91/params.npz HTTP/1.1" 302 0
2026-01-31 19:47:02,123 - INFO - PyTorch version 2.6.0 available.
2026-01-31 19:47:05,485 - DEBUG - Registering a new Serializable subclass: <class 'simple_parsing.helpers.serialization.serializable.Serializable'>
2026-01-31 19:47:05,485 - DEBUG - parents: [<class 'simple_parsing.helpers.serialization.serializable.SerializableMixin'>]
2026-01-31 19:47:05,485 - DEBUG - Registering a new Serializable subclass: <class 'simple_parsing.helpers.serialization.serializable.FrozenSerializable'>
2026-01-31 19:47:05,486 - DEBUG - parents: [<class 'simple_parsing.helpers.serialization.serializable.SerializableMixin'>]
2026-01-31 19:47:05,486 - DEBUG - Registering a new Serializable subclass: <class 'simple_parsing.helpers.serialization.serializable.SimpleSerializable'>
2026-01-31 19:47:05,486 - DEBUG - Registering a new Serializable subclass: <class 'simple_parsing.helpers.serialization.yaml_serialization.YamlSerializable'>
2026-01-31 19:47:05,487 - DEBUG - parents: [<class 'simple_parsing.helpers.serialization.serializable.Serializable'>, <class 'simple_parsing.helpers.serialization.serializable.SerializableMixin'>]
2026-01-31 19:47:05,487 - DEBUG - Parent class <class 'simple_parsing.helpers.serialization.serializable.Serializable'> has decode_into_subclasses = False
2026-01-31 19:47:05,487 - DEBUG - Registering a new Serializable subclass: <class 'simple_parsing.helpers.hparams.hyperparameters.BoundInfo'>
2026-01-31 19:47:05,487 - DEBUG - parents: [<class 'simple_parsing.helpers.serialization.serializable.Serializable'>, <class 'simple_parsing.helpers.serialization.serializable.SerializableMixin'>]
2026-01-31 19:47:05,487 - DEBUG - Parent class <class 'simple_parsing.helpers.serialization.serializable.Serializable'> has decode_into_subclasses = False
2026-01-31 19:47:05,487 - DEBUG - Registering a new Serializable subclass: <class 'simple_parsing.helpers.hparams.hyperparameters.HyperParameters'>
2026-01-31 19:47:07,191 - DEBUG - Starting new HTTPS connection (1): huggingface.co:443
2026-01-31 19:47:08,244 - DEBUG - https://huggingface.co:443 "HEAD /roberta-large-mnli/resolve/main/tokenizer_config.json HTTP/1.1" 200 0
2026-01-31 19:47:08,411 - DEBUG - https://huggingface.co:443 "GET /api/models/roberta-large-mnli/tree/main/additional_chat_templates?recursive=False&expand=False HTTP/1.1" 307 141
2026-01-31 19:47:08,574 - DEBUG - https://huggingface.co:443 "GET /api/models/FacebookAI/roberta-large-mnli/tree/main/additional_chat_templates?recursive=False&expand=False HTTP/1.1" 404 64
2026-01-31 19:47:08,895 - DEBUG - https://huggingface.co:443 "HEAD /roberta-large-mnli/resolve/main/config.json HTTP/1.1" 200 0
2026-01-31 19:47:11,778 - INFO - Use pytorch device_name: cuda:0
2026-01-31 19:47:11,778 - INFO - Load pretrained SentenceTransformer: all-MiniLM-L6-v2
2026-01-31 19:47:11,926 - DEBUG - https://huggingface.co:443 "HEAD /sentence-transformers/all-MiniLM-L6-v2/resolve/main/modules.json HTTP/1.1" 307 0
2026-01-31 19:47:12,010 - DEBUG - https://huggingface.co:443 "HEAD /api/resolve-cache/models/sentence-transformers/all-MiniLM-L6-v2/c9745ed1d9f207416be6d2e6f8de32d1f16199bf/modules.json HTTP/1.1" 200 0
2026-01-31 19:47:12,167 - DEBUG - https://huggingface.co:443 "HEAD /sentence-transformers/all-MiniLM-L6-v2/resolve/main/config_sentence_transformers.json HTTP/1.1" 307 0
2026-01-31 19:47:12,192 - DEBUG - https://huggingface.co:443 "HEAD /api/resolve-cache/models/sentence-transformers/all-MiniLM-L6-v2/c9745ed1d9f207416be6d2e6f8de32d1f16199bf/config_sentence_transformers.json HTTP/1.1" 200 0
2026-01-31 19:47:12,346 - DEBUG - https://huggingface.co:443 "HEAD /sentence-transformers/all-MiniLM-L6-v2/resolve/main/config_sentence_transformers.json HTTP/1.1" 307 0
2026-01-31 19:47:12,369 - DEBUG - https://huggingface.co:443 "HEAD /api/resolve-cache/models/sentence-transformers/all-MiniLM-L6-v2/c9745ed1d9f207416be6d2e6f8de32d1f16199bf/config_sentence_transformers.json HTTP/1.1" 200 0
2026-01-31 19:47:12,577 - DEBUG - https://huggingface.co:443 "HEAD /sentence-transformers/all-MiniLM-L6-v2/resolve/main/README.md HTTP/1.1" 307 0
2026-01-31 19:47:12,599 - DEBUG - https://huggingface.co:443 "HEAD /api/resolve-cache/models/sentence-transformers/all-MiniLM-L6-v2/c9745ed1d9f207416be6d2e6f8de32d1f16199bf/README.md HTTP/1.1" 200 0
2026-01-31 19:47:12,748 - DEBUG - https://huggingface.co:443 "HEAD /sentence-transformers/all-MiniLM-L6-v2/resolve/main/modules.json HTTP/1.1" 307 0
2026-01-31 19:47:12,785 - DEBUG - https://huggingface.co:443 "HEAD /api/resolve-cache/models/sentence-transformers/all-MiniLM-L6-v2/c9745ed1d9f207416be6d2e6f8de32d1f16199bf/modules.json HTTP/1.1" 200 0
2026-01-31 19:47:13,040 - DEBUG - https://huggingface.co:443 "HEAD /sentence-transformers/all-MiniLM-L6-v2/resolve/main/sentence_bert_config.json HTTP/1.1" 307 0
2026-01-31 19:47:13,111 - DEBUG - https://huggingface.co:443 "HEAD /api/resolve-cache/models/sentence-transformers/all-MiniLM-L6-v2/c9745ed1d9f207416be6d2e6f8de32d1f16199bf/sentence_bert_config.json HTTP/1.1" 200 0
2026-01-31 19:47:13,281 - DEBUG - https://huggingface.co:443 "HEAD /sentence-transformers/all-MiniLM-L6-v2/resolve/main/adapter_config.json HTTP/1.1" 404 0
2026-01-31 19:47:13,433 - DEBUG - https://huggingface.co:443 "HEAD /sentence-transformers/all-MiniLM-L6-v2/resolve/main/config.json HTTP/1.1" 307 0
2026-01-31 19:47:13,459 - DEBUG - https://huggingface.co:443 "HEAD /api/resolve-cache/models/sentence-transformers/all-MiniLM-L6-v2/c9745ed1d9f207416be6d2e6f8de32d1f16199bf/config.json HTTP/1.1" 200 0
2026-01-31 19:47:13,642 - DEBUG - https://huggingface.co:443 "HEAD /sentence-transformers/all-MiniLM-L6-v2/resolve/main/tokenizer_config.json HTTP/1.1" 307 0
2026-01-31 19:47:13,665 - DEBUG - https://huggingface.co:443 "HEAD /api/resolve-cache/models/sentence-transformers/all-MiniLM-L6-v2/c9745ed1d9f207416be6d2e6f8de32d1f16199bf/tokenizer_config.json HTTP/1.1" 200 0
2026-01-31 19:47:13,819 - DEBUG - https://huggingface.co:443 "GET /api/models/sentence-transformers/all-MiniLM-L6-v2/tree/main/additional_chat_templates?recursive=False&expand=False HTTP/1.1" 404 64
2026-01-31 19:47:14,072 - DEBUG - https://huggingface.co:443 "HEAD /sentence-transformers/all-MiniLM-L6-v2/resolve/main/1_Pooling/config.json HTTP/1.1" 307 0
2026-01-31 19:47:14,095 - DEBUG - https://huggingface.co:443 "HEAD /api/resolve-cache/models/sentence-transformers/all-MiniLM-L6-v2/c9745ed1d9f207416be6d2e6f8de32d1f16199bf/1_Pooling%2Fconfig.json HTTP/1.1" 200 0
2026-01-31 19:47:14,273 - DEBUG - https://huggingface.co:443 "GET /api/models/sentence-transformers/all-MiniLM-L6-v2 HTTP/1.1" 200 6983
2026-01-31 19:47:14,321 - WARNING - You tried to specify center_unembed=True for a model using logit softcap, but this can't be done! Softcapping is not invariant upon adding a constant Setting center_unembed=False instead.
2026-01-31 19:47:14,486 - DEBUG - https://huggingface.co:443 "HEAD /google/gemma-2-9b-it/resolve/main/config.json HTTP/1.1" 200 0
2026-01-31 19:47:17,262 - DEBUG - https://huggingface.co:443 "HEAD /google/gemma-2-9b-it/resolve/main/generation_config.json HTTP/1.1" 200 0
2026-01-31 19:47:17,419 - DEBUG - https://huggingface.co:443 "HEAD /google/gemma-2-9b-it/resolve/main/custom_generate/generate.py HTTP/1.1" 404 0
2026-01-31 19:47:17,812 - DEBUG - https://huggingface.co:443 "HEAD /google/gemma-2-9b-it/resolve/main/tokenizer_config.json HTTP/1.1" 200 0
2026-01-31 19:47:17,973 - DEBUG - https://huggingface.co:443 "GET /api/models/google/gemma-2-9b-it/tree/main/additional_chat_templates?recursive=False&expand=False HTTP/1.1" 404 64
2026-01-31 19:47:21,551 - WARNING - With reduced precision, it is advised to use `from_pretrained_no_processing` instead of `from_pretrained`.
2026-01-31 19:47:28,381 - WARNING - You are not using LayerNorm, so the writing weights can't be centered! Skipping
2026-01-31 19:48:16,558 - DEBUG - https://huggingface.co:443 "HEAD /google/gemma-scope-9b-it-res/resolve/main/layer_20/width_16k/average_l0_91/params.npz HTTP/1.1" 302 0
2026-01-31 19:59:12,711 - INFO - PyTorch version 2.6.0 available.
2026-01-31 19:59:16,373 - DEBUG - Registering a new Serializable subclass: <class 'simple_parsing.helpers.serialization.serializable.Serializable'>
2026-01-31 19:59:16,373 - DEBUG - parents: [<class 'simple_parsing.helpers.serialization.serializable.SerializableMixin'>]
2026-01-31 19:59:16,373 - DEBUG - Registering a new Serializable subclass: <class 'simple_parsing.helpers.serialization.serializable.FrozenSerializable'>
2026-01-31 19:59:16,374 - DEBUG - parents: [<class 'simple_parsing.helpers.serialization.serializable.SerializableMixin'>]
2026-01-31 19:59:16,374 - DEBUG - Registering a new Serializable subclass: <class 'simple_parsing.helpers.serialization.serializable.SimpleSerializable'>
2026-01-31 19:59:16,375 - DEBUG - Registering a new Serializable subclass: <class 'simple_parsing.helpers.serialization.yaml_serialization.YamlSerializable'>
2026-01-31 19:59:16,375 - DEBUG - parents: [<class 'simple_parsing.helpers.serialization.serializable.Serializable'>, <class 'simple_parsing.helpers.serialization.serializable.SerializableMixin'>]
2026-01-31 19:59:16,375 - DEBUG - Parent class <class 'simple_parsing.helpers.serialization.serializable.Serializable'> has decode_into_subclasses = False
2026-01-31 19:59:16,375 - DEBUG - Registering a new Serializable subclass: <class 'simple_parsing.helpers.hparams.hyperparameters.BoundInfo'>
2026-01-31 19:59:16,375 - DEBUG - parents: [<class 'simple_parsing.helpers.serialization.serializable.Serializable'>, <class 'simple_parsing.helpers.serialization.serializable.SerializableMixin'>]
2026-01-31 19:59:16,375 - DEBUG - Parent class <class 'simple_parsing.helpers.serialization.serializable.Serializable'> has decode_into_subclasses = False
2026-01-31 19:59:16,375 - DEBUG - Registering a new Serializable subclass: <class 'simple_parsing.helpers.hparams.hyperparameters.HyperParameters'>
2026-01-31 19:59:18,237 - DEBUG - Starting new HTTPS connection (1): huggingface.co:443
2026-01-31 19:59:18,460 - DEBUG - https://huggingface.co:443 "HEAD /roberta-large-mnli/resolve/main/tokenizer_config.json HTTP/1.1" 200 0
2026-01-31 19:59:18,620 - DEBUG - https://huggingface.co:443 "GET /api/models/roberta-large-mnli/tree/main/additional_chat_templates?recursive=False&expand=False HTTP/1.1" 307 141
2026-01-31 19:59:18,785 - DEBUG - https://huggingface.co:443 "GET /api/models/FacebookAI/roberta-large-mnli/tree/main/additional_chat_templates?recursive=False&expand=False HTTP/1.1" 404 64
2026-01-31 19:59:19,080 - DEBUG - https://huggingface.co:443 "HEAD /roberta-large-mnli/resolve/main/config.json HTTP/1.1" 200 0
2026-01-31 19:59:21,781 - INFO - Use pytorch device_name: cuda:0
2026-01-31 19:59:21,781 - INFO - Load pretrained SentenceTransformer: all-MiniLM-L6-v2
2026-01-31 19:59:21,934 - DEBUG - https://huggingface.co:443 "HEAD /sentence-transformers/all-MiniLM-L6-v2/resolve/main/modules.json HTTP/1.1" 307 0
2026-01-31 19:59:21,956 - DEBUG - https://huggingface.co:443 "HEAD /api/resolve-cache/models/sentence-transformers/all-MiniLM-L6-v2/c9745ed1d9f207416be6d2e6f8de32d1f16199bf/modules.json HTTP/1.1" 200 0
2026-01-31 19:59:22,110 - DEBUG - https://huggingface.co:443 "HEAD /sentence-transformers/all-MiniLM-L6-v2/resolve/main/config_sentence_transformers.json HTTP/1.1" 307 0
2026-01-31 19:59:22,133 - DEBUG - https://huggingface.co:443 "HEAD /api/resolve-cache/models/sentence-transformers/all-MiniLM-L6-v2/c9745ed1d9f207416be6d2e6f8de32d1f16199bf/config_sentence_transformers.json HTTP/1.1" 200 0
2026-01-31 19:59:22,281 - DEBUG - https://huggingface.co:443 "HEAD /sentence-transformers/all-MiniLM-L6-v2/resolve/main/config_sentence_transformers.json HTTP/1.1" 307 0
2026-01-31 19:59:22,304 - DEBUG - https://huggingface.co:443 "HEAD /api/resolve-cache/models/sentence-transformers/all-MiniLM-L6-v2/c9745ed1d9f207416be6d2e6f8de32d1f16199bf/config_sentence_transformers.json HTTP/1.1" 200 0
2026-01-31 19:59:22,454 - DEBUG - https://huggingface.co:443 "HEAD /sentence-transformers/all-MiniLM-L6-v2/resolve/main/README.md HTTP/1.1" 307 0
2026-01-31 19:59:22,478 - DEBUG - https://huggingface.co:443 "HEAD /api/resolve-cache/models/sentence-transformers/all-MiniLM-L6-v2/c9745ed1d9f207416be6d2e6f8de32d1f16199bf/README.md HTTP/1.1" 200 0
2026-01-31 19:59:22,653 - DEBUG - https://huggingface.co:443 "HEAD /sentence-transformers/all-MiniLM-L6-v2/resolve/main/modules.json HTTP/1.1" 307 0
2026-01-31 19:59:22,676 - DEBUG - https://huggingface.co:443 "HEAD /api/resolve-cache/models/sentence-transformers/all-MiniLM-L6-v2/c9745ed1d9f207416be6d2e6f8de32d1f16199bf/modules.json HTTP/1.1" 200 0
2026-01-31 19:59:22,835 - DEBUG - https://huggingface.co:443 "HEAD /sentence-transformers/all-MiniLM-L6-v2/resolve/main/sentence_bert_config.json HTTP/1.1" 307 0
2026-01-31 19:59:22,857 - DEBUG - https://huggingface.co:443 "HEAD /api/resolve-cache/models/sentence-transformers/all-MiniLM-L6-v2/c9745ed1d9f207416be6d2e6f8de32d1f16199bf/sentence_bert_config.json HTTP/1.1" 200 0
2026-01-31 19:59:23,013 - DEBUG - https://huggingface.co:443 "HEAD /sentence-transformers/all-MiniLM-L6-v2/resolve/main/adapter_config.json HTTP/1.1" 404 0
2026-01-31 19:59:23,166 - DEBUG - https://huggingface.co:443 "HEAD /sentence-transformers/all-MiniLM-L6-v2/resolve/main/config.json HTTP/1.1" 307 0
2026-01-31 19:59:23,188 - DEBUG - https://huggingface.co:443 "HEAD /api/resolve-cache/models/sentence-transformers/all-MiniLM-L6-v2/c9745ed1d9f207416be6d2e6f8de32d1f16199bf/config.json HTTP/1.1" 200 0
2026-01-31 19:59:23,366 - DEBUG - https://huggingface.co:443 "HEAD /sentence-transformers/all-MiniLM-L6-v2/resolve/main/tokenizer_config.json HTTP/1.1" 307 0
2026-01-31 19:59:23,389 - DEBUG - https://huggingface.co:443 "HEAD /api/resolve-cache/models/sentence-transformers/all-MiniLM-L6-v2/c9745ed1d9f207416be6d2e6f8de32d1f16199bf/tokenizer_config.json HTTP/1.1" 200 0
2026-01-31 19:59:23,552 - DEBUG - https://huggingface.co:443 "GET /api/models/sentence-transformers/all-MiniLM-L6-v2/tree/main/additional_chat_templates?recursive=False&expand=False HTTP/1.1" 404 64
2026-01-31 19:59:23,736 - DEBUG - https://huggingface.co:443 "HEAD /sentence-transformers/all-MiniLM-L6-v2/resolve/main/1_Pooling/config.json HTTP/1.1" 307 0
2026-01-31 19:59:23,759 - DEBUG - https://huggingface.co:443 "HEAD /api/resolve-cache/models/sentence-transformers/all-MiniLM-L6-v2/c9745ed1d9f207416be6d2e6f8de32d1f16199bf/1_Pooling%2Fconfig.json HTTP/1.1" 200 0
2026-01-31 19:59:23,914 - DEBUG - https://huggingface.co:443 "GET /api/models/sentence-transformers/all-MiniLM-L6-v2 HTTP/1.1" 200 6983
2026-01-31 19:59:23,960 - WARNING - You tried to specify center_unembed=True for a model using logit softcap, but this can't be done! Softcapping is not invariant upon adding a constant Setting center_unembed=False instead.
2026-01-31 19:59:24,112 - DEBUG - https://huggingface.co:443 "HEAD /google/gemma-2-9b-it/resolve/main/config.json HTTP/1.1" 200 0
2026-01-31 19:59:26,818 - DEBUG - https://huggingface.co:443 "HEAD /google/gemma-2-9b-it/resolve/main/generation_config.json HTTP/1.1" 200 0
2026-01-31 19:59:26,981 - DEBUG - https://huggingface.co:443 "HEAD /google/gemma-2-9b-it/resolve/main/custom_generate/generate.py HTTP/1.1" 404 0
2026-01-31 19:59:27,339 - DEBUG - https://huggingface.co:443 "HEAD /google/gemma-2-9b-it/resolve/main/tokenizer_config.json HTTP/1.1" 200 0
2026-01-31 19:59:27,500 - DEBUG - https://huggingface.co:443 "GET /api/models/google/gemma-2-9b-it/tree/main/additional_chat_templates?recursive=False&expand=False HTTP/1.1" 404 64
2026-01-31 19:59:31,465 - WARNING - With reduced precision, it is advised to use `from_pretrained_no_processing` instead of `from_pretrained`.
2026-01-31 19:59:38,171 - WARNING - You are not using LayerNorm, so the writing weights can't be centered! Skipping
2026-01-31 20:00:19,738 - DEBUG - https://huggingface.co:443 "HEAD /google/gemma-scope-9b-it-res/resolve/main/layer_20/width_16k/average_l0_91/params.npz HTTP/1.1" 302 0
2026-01-31 20:11:48,719 - INFO - PyTorch version 2.6.0 available.
2026-01-31 20:11:52,210 - DEBUG - Registering a new Serializable subclass: <class 'simple_parsing.helpers.serialization.serializable.Serializable'>
2026-01-31 20:11:52,211 - DEBUG - parents: [<class 'simple_parsing.helpers.serialization.serializable.SerializableMixin'>]
2026-01-31 20:11:52,211 - DEBUG - Registering a new Serializable subclass: <class 'simple_parsing.helpers.serialization.serializable.FrozenSerializable'>
2026-01-31 20:11:52,211 - DEBUG - parents: [<class 'simple_parsing.helpers.serialization.serializable.SerializableMixin'>]
2026-01-31 20:11:52,211 - DEBUG - Registering a new Serializable subclass: <class 'simple_parsing.helpers.serialization.serializable.SimpleSerializable'>
2026-01-31 20:11:52,212 - DEBUG - Registering a new Serializable subclass: <class 'simple_parsing.helpers.serialization.yaml_serialization.YamlSerializable'>
2026-01-31 20:11:52,212 - DEBUG - parents: [<class 'simple_parsing.helpers.serialization.serializable.Serializable'>, <class 'simple_parsing.helpers.serialization.serializable.SerializableMixin'>]
2026-01-31 20:11:52,212 - DEBUG - Parent class <class 'simple_parsing.helpers.serialization.serializable.Serializable'> has decode_into_subclasses = False
2026-01-31 20:11:52,212 - DEBUG - Registering a new Serializable subclass: <class 'simple_parsing.helpers.hparams.hyperparameters.BoundInfo'>
2026-01-31 20:11:52,212 - DEBUG - parents: [<class 'simple_parsing.helpers.serialization.serializable.Serializable'>, <class 'simple_parsing.helpers.serialization.serializable.SerializableMixin'>]
2026-01-31 20:11:52,212 - DEBUG - Parent class <class 'simple_parsing.helpers.serialization.serializable.Serializable'> has decode_into_subclasses = False
2026-01-31 20:11:52,212 - DEBUG - Registering a new Serializable subclass: <class 'simple_parsing.helpers.hparams.hyperparameters.HyperParameters'>
2026-01-31 20:11:53,890 - DEBUG - Starting new HTTPS connection (1): huggingface.co:443
2026-01-31 20:11:54,145 - DEBUG - https://huggingface.co:443 "HEAD /roberta-large-mnli/resolve/main/tokenizer_config.json HTTP/1.1" 200 0
2026-01-31 20:11:54,301 - DEBUG - https://huggingface.co:443 "GET /api/models/roberta-large-mnli/tree/main/additional_chat_templates?recursive=False&expand=False HTTP/1.1" 307 141
2026-01-31 20:11:54,456 - DEBUG - https://huggingface.co:443 "GET /api/models/FacebookAI/roberta-large-mnli/tree/main/additional_chat_templates?recursive=False&expand=False HTTP/1.1" 404 64
2026-01-31 20:11:54,831 - DEBUG - https://huggingface.co:443 "HEAD /roberta-large-mnli/resolve/main/config.json HTTP/1.1" 200 0
2026-01-31 20:11:57,700 - INFO - Use pytorch device_name: cuda:0
2026-01-31 20:11:57,700 - INFO - Load pretrained SentenceTransformer: all-MiniLM-L6-v2
2026-01-31 20:11:57,947 - DEBUG - https://huggingface.co:443 "HEAD /sentence-transformers/all-MiniLM-L6-v2/resolve/main/modules.json HTTP/1.1" 307 0
2026-01-31 20:11:57,970 - DEBUG - https://huggingface.co:443 "HEAD /api/resolve-cache/models/sentence-transformers/all-MiniLM-L6-v2/c9745ed1d9f207416be6d2e6f8de32d1f16199bf/modules.json HTTP/1.1" 200 0
2026-01-31 20:11:58,121 - DEBUG - https://huggingface.co:443 "HEAD /sentence-transformers/all-MiniLM-L6-v2/resolve/main/config_sentence_transformers.json HTTP/1.1" 307 0
2026-01-31 20:11:58,146 - DEBUG - https://huggingface.co:443 "HEAD /api/resolve-cache/models/sentence-transformers/all-MiniLM-L6-v2/c9745ed1d9f207416be6d2e6f8de32d1f16199bf/config_sentence_transformers.json HTTP/1.1" 200 0
2026-01-31 20:11:58,294 - DEBUG - https://huggingface.co:443 "HEAD /sentence-transformers/all-MiniLM-L6-v2/resolve/main/config_sentence_transformers.json HTTP/1.1" 307 0
2026-01-31 20:11:58,317 - DEBUG - https://huggingface.co:443 "HEAD /api/resolve-cache/models/sentence-transformers/all-MiniLM-L6-v2/c9745ed1d9f207416be6d2e6f8de32d1f16199bf/config_sentence_transformers.json HTTP/1.1" 200 0
2026-01-31 20:11:58,467 - DEBUG - https://huggingface.co:443 "HEAD /sentence-transformers/all-MiniLM-L6-v2/resolve/main/README.md HTTP/1.1" 307 0
2026-01-31 20:11:58,490 - DEBUG - https://huggingface.co:443 "HEAD /api/resolve-cache/models/sentence-transformers/all-MiniLM-L6-v2/c9745ed1d9f207416be6d2e6f8de32d1f16199bf/README.md HTTP/1.1" 200 0
2026-01-31 20:11:58,639 - DEBUG - https://huggingface.co:443 "HEAD /sentence-transformers/all-MiniLM-L6-v2/resolve/main/modules.json HTTP/1.1" 307 0
2026-01-31 20:11:58,668 - DEBUG - https://huggingface.co:443 "HEAD /api/resolve-cache/models/sentence-transformers/all-MiniLM-L6-v2/c9745ed1d9f207416be6d2e6f8de32d1f16199bf/modules.json HTTP/1.1" 200 0
2026-01-31 20:11:58,826 - DEBUG - https://huggingface.co:443 "HEAD /sentence-transformers/all-MiniLM-L6-v2/resolve/main/sentence_bert_config.json HTTP/1.1" 307 0
2026-01-31 20:11:58,849 - DEBUG - https://huggingface.co:443 "HEAD /api/resolve-cache/models/sentence-transformers/all-MiniLM-L6-v2/c9745ed1d9f207416be6d2e6f8de32d1f16199bf/sentence_bert_config.json HTTP/1.1" 200 0
2026-01-31 20:11:59,005 - DEBUG - https://huggingface.co:443 "HEAD /sentence-transformers/all-MiniLM-L6-v2/resolve/main/adapter_config.json HTTP/1.1" 404 0
2026-01-31 20:11:59,152 - DEBUG - https://huggingface.co:443 "HEAD /sentence-transformers/all-MiniLM-L6-v2/resolve/main/config.json HTTP/1.1" 307 0
2026-01-31 20:11:59,174 - DEBUG - https://huggingface.co:443 "HEAD /api/resolve-cache/models/sentence-transformers/all-MiniLM-L6-v2/c9745ed1d9f207416be6d2e6f8de32d1f16199bf/config.json HTTP/1.1" 200 0
2026-01-31 20:11:59,368 - DEBUG - https://huggingface.co:443 "HEAD /sentence-transformers/all-MiniLM-L6-v2/resolve/main/tokenizer_config.json HTTP/1.1" 307 0
2026-01-31 20:11:59,390 - DEBUG - https://huggingface.co:443 "HEAD /api/resolve-cache/models/sentence-transformers/all-MiniLM-L6-v2/c9745ed1d9f207416be6d2e6f8de32d1f16199bf/tokenizer_config.json HTTP/1.1" 200 0
2026-01-31 20:11:59,546 - DEBUG - https://huggingface.co:443 "GET /api/models/sentence-transformers/all-MiniLM-L6-v2/tree/main/additional_chat_templates?recursive=False&expand=False HTTP/1.1" 404 64
2026-01-31 20:11:59,738 - DEBUG - https://huggingface.co:443 "HEAD /sentence-transformers/all-MiniLM-L6-v2/resolve/main/1_Pooling/config.json HTTP/1.1" 307 0
2026-01-31 20:11:59,761 - DEBUG - https://huggingface.co:443 "HEAD /api/resolve-cache/models/sentence-transformers/all-MiniLM-L6-v2/c9745ed1d9f207416be6d2e6f8de32d1f16199bf/1_Pooling%2Fconfig.json HTTP/1.1" 200 0
2026-01-31 20:11:59,917 - DEBUG - https://huggingface.co:443 "GET /api/models/sentence-transformers/all-MiniLM-L6-v2 HTTP/1.1" 200 6983
2026-01-31 20:11:59,968 - WARNING - You tried to specify center_unembed=True for a model using logit softcap, but this can't be done! Softcapping is not invariant upon adding a constant Setting center_unembed=False instead.
2026-01-31 20:12:00,169 - DEBUG - https://huggingface.co:443 "HEAD /google/gemma-2-9b-it/resolve/main/config.json HTTP/1.1" 200 0
2026-01-31 20:12:02,860 - DEBUG - https://huggingface.co:443 "HEAD /google/gemma-2-9b-it/resolve/main/generation_config.json HTTP/1.1" 200 0
2026-01-31 20:12:03,029 - DEBUG - https://huggingface.co:443 "HEAD /google/gemma-2-9b-it/resolve/main/custom_generate/generate.py HTTP/1.1" 404 0
2026-01-31 20:12:03,371 - DEBUG - https://huggingface.co:443 "HEAD /google/gemma-2-9b-it/resolve/main/tokenizer_config.json HTTP/1.1" 200 0
2026-01-31 20:12:03,535 - DEBUG - https://huggingface.co:443 "GET /api/models/google/gemma-2-9b-it/tree/main/additional_chat_templates?recursive=False&expand=False HTTP/1.1" 404 64
2026-01-31 20:12:07,666 - WARNING - With reduced precision, it is advised to use `from_pretrained_no_processing` instead of `from_pretrained`.
2026-01-31 20:12:14,918 - WARNING - You are not using LayerNorm, so the writing weights can't be centered! Skipping
2026-01-31 20:13:01,141 - DEBUG - https://huggingface.co:443 "HEAD /google/gemma-scope-9b-it-res/resolve/main/layer_20/width_16k/average_l0_91/params.npz HTTP/1.1" 302 0
2026-01-31 20:22:33,898 - INFO - PyTorch version 2.6.0 available.
2026-01-31 20:22:38,011 - DEBUG - Registering a new Serializable subclass: <class 'simple_parsing.helpers.serialization.serializable.Serializable'>
2026-01-31 20:22:38,011 - DEBUG - parents: [<class 'simple_parsing.helpers.serialization.serializable.SerializableMixin'>]
2026-01-31 20:22:38,012 - DEBUG - Registering a new Serializable subclass: <class 'simple_parsing.helpers.serialization.serializable.FrozenSerializable'>
2026-01-31 20:22:38,012 - DEBUG - parents: [<class 'simple_parsing.helpers.serialization.serializable.SerializableMixin'>]
2026-01-31 20:22:38,012 - DEBUG - Registering a new Serializable subclass: <class 'simple_parsing.helpers.serialization.serializable.SimpleSerializable'>
2026-01-31 20:22:38,013 - DEBUG - Registering a new Serializable subclass: <class 'simple_parsing.helpers.serialization.yaml_serialization.YamlSerializable'>
2026-01-31 20:22:38,013 - DEBUG - parents: [<class 'simple_parsing.helpers.serialization.serializable.Serializable'>, <class 'simple_parsing.helpers.serialization.serializable.SerializableMixin'>]
2026-01-31 20:22:38,013 - DEBUG - Parent class <class 'simple_parsing.helpers.serialization.serializable.Serializable'> has decode_into_subclasses = False
2026-01-31 20:22:38,013 - DEBUG - Registering a new Serializable subclass: <class 'simple_parsing.helpers.hparams.hyperparameters.BoundInfo'>
2026-01-31 20:22:38,013 - DEBUG - parents: [<class 'simple_parsing.helpers.serialization.serializable.Serializable'>, <class 'simple_parsing.helpers.serialization.serializable.SerializableMixin'>]
2026-01-31 20:22:38,013 - DEBUG - Parent class <class 'simple_parsing.helpers.serialization.serializable.Serializable'> has decode_into_subclasses = False
2026-01-31 20:22:38,013 - DEBUG - Registering a new Serializable subclass: <class 'simple_parsing.helpers.hparams.hyperparameters.HyperParameters'>
2026-01-31 20:22:40,148 - DEBUG - Starting new HTTPS connection (1): huggingface.co:443
2026-01-31 20:22:40,451 - DEBUG - https://huggingface.co:443 "HEAD /roberta-large-mnli/resolve/main/tokenizer_config.json HTTP/1.1" 200 0
2026-01-31 20:22:40,618 - DEBUG - https://huggingface.co:443 "GET /api/models/roberta-large-mnli/tree/main/additional_chat_templates?recursive=False&expand=False HTTP/1.1" 307 141
2026-01-31 20:22:40,769 - DEBUG - https://huggingface.co:443 "GET /api/models/FacebookAI/roberta-large-mnli/tree/main/additional_chat_templates?recursive=False&expand=False HTTP/1.1" 404 64
2026-01-31 20:22:41,082 - DEBUG - https://huggingface.co:443 "HEAD /roberta-large-mnli/resolve/main/config.json HTTP/1.1" 200 0
2026-01-31 20:22:44,806 - INFO - Use pytorch device_name: cuda:0
2026-01-31 20:22:44,806 - INFO - Load pretrained SentenceTransformer: all-MiniLM-L6-v2
2026-01-31 20:22:44,959 - DEBUG - https://huggingface.co:443 "HEAD /sentence-transformers/all-MiniLM-L6-v2/resolve/main/modules.json HTTP/1.1" 307 0
2026-01-31 20:22:44,982 - DEBUG - https://huggingface.co:443 "HEAD /api/resolve-cache/models/sentence-transformers/all-MiniLM-L6-v2/c9745ed1d9f207416be6d2e6f8de32d1f16199bf/modules.json HTTP/1.1" 200 0
2026-01-31 20:22:45,157 - DEBUG - https://huggingface.co:443 "HEAD /sentence-transformers/all-MiniLM-L6-v2/resolve/main/config_sentence_transformers.json HTTP/1.1" 307 0
2026-01-31 20:22:45,180 - DEBUG - https://huggingface.co:443 "HEAD /api/resolve-cache/models/sentence-transformers/all-MiniLM-L6-v2/c9745ed1d9f207416be6d2e6f8de32d1f16199bf/config_sentence_transformers.json HTTP/1.1" 200 0
2026-01-31 20:22:45,332 - DEBUG - https://huggingface.co:443 "HEAD /sentence-transformers/all-MiniLM-L6-v2/resolve/main/config_sentence_transformers.json HTTP/1.1" 307 0
2026-01-31 20:22:45,363 - DEBUG - https://huggingface.co:443 "HEAD /api/resolve-cache/models/sentence-transformers/all-MiniLM-L6-v2/c9745ed1d9f207416be6d2e6f8de32d1f16199bf/config_sentence_transformers.json HTTP/1.1" 200 0
2026-01-31 20:22:45,513 - DEBUG - https://huggingface.co:443 "HEAD /sentence-transformers/all-MiniLM-L6-v2/resolve/main/README.md HTTP/1.1" 307 0
2026-01-31 20:22:45,536 - DEBUG - https://huggingface.co:443 "HEAD /api/resolve-cache/models/sentence-transformers/all-MiniLM-L6-v2/c9745ed1d9f207416be6d2e6f8de32d1f16199bf/README.md HTTP/1.1" 200 0
2026-01-31 20:22:45,701 - DEBUG - https://huggingface.co:443 "HEAD /sentence-transformers/all-MiniLM-L6-v2/resolve/main/modules.json HTTP/1.1" 307 0
2026-01-31 20:22:45,729 - DEBUG - https://huggingface.co:443 "HEAD /api/resolve-cache/models/sentence-transformers/all-MiniLM-L6-v2/c9745ed1d9f207416be6d2e6f8de32d1f16199bf/modules.json HTTP/1.1" 200 0
2026-01-31 20:22:45,883 - DEBUG - https://huggingface.co:443 "HEAD /sentence-transformers/all-MiniLM-L6-v2/resolve/main/sentence_bert_config.json HTTP/1.1" 307 0
2026-01-31 20:22:45,958 - DEBUG - https://huggingface.co:443 "HEAD /api/resolve-cache/models/sentence-transformers/all-MiniLM-L6-v2/c9745ed1d9f207416be6d2e6f8de32d1f16199bf/sentence_bert_config.json HTTP/1.1" 200 0
2026-01-31 20:22:46,303 - DEBUG - https://huggingface.co:443 "HEAD /sentence-transformers/all-MiniLM-L6-v2/resolve/main/adapter_config.json HTTP/1.1" 404 0
2026-01-31 20:22:46,455 - DEBUG - https://huggingface.co:443 "HEAD /sentence-transformers/all-MiniLM-L6-v2/resolve/main/config.json HTTP/1.1" 307 0
2026-01-31 20:22:46,477 - DEBUG - https://huggingface.co:443 "HEAD /api/resolve-cache/models/sentence-transformers/all-MiniLM-L6-v2/c9745ed1d9f207416be6d2e6f8de32d1f16199bf/config.json HTTP/1.1" 200 0
2026-01-31 20:22:46,661 - DEBUG - https://huggingface.co:443 "HEAD /sentence-transformers/all-MiniLM-L6-v2/resolve/main/tokenizer_config.json HTTP/1.1" 307 0
2026-01-31 20:22:46,683 - DEBUG - https://huggingface.co:443 "HEAD /api/resolve-cache/models/sentence-transformers/all-MiniLM-L6-v2/c9745ed1d9f207416be6d2e6f8de32d1f16199bf/tokenizer_config.json HTTP/1.1" 200 0
2026-01-31 20:22:46,838 - DEBUG - https://huggingface.co:443 "GET /api/models/sentence-transformers/all-MiniLM-L6-v2/tree/main/additional_chat_templates?recursive=False&expand=False HTTP/1.1" 404 64
2026-01-31 20:22:47,024 - DEBUG - https://huggingface.co:443 "HEAD /sentence-transformers/all-MiniLM-L6-v2/resolve/main/1_Pooling/config.json HTTP/1.1" 307 0
2026-01-31 20:22:47,047 - DEBUG - https://huggingface.co:443 "HEAD /api/resolve-cache/models/sentence-transformers/all-MiniLM-L6-v2/c9745ed1d9f207416be6d2e6f8de32d1f16199bf/1_Pooling%2Fconfig.json HTTP/1.1" 200 0
2026-01-31 20:22:47,205 - DEBUG - https://huggingface.co:443 "GET /api/models/sentence-transformers/all-MiniLM-L6-v2 HTTP/1.1" 200 6983
2026-01-31 20:22:47,265 - WARNING - You tried to specify center_unembed=True for a model using logit softcap, but this can't be done! Softcapping is not invariant upon adding a constant Setting center_unembed=False instead.
2026-01-31 20:22:47,419 - DEBUG - https://huggingface.co:443 "HEAD /google/gemma-2-9b-it/resolve/main/config.json HTTP/1.1" 200 0
2026-01-31 20:22:51,001 - DEBUG - https://huggingface.co:443 "HEAD /google/gemma-2-9b-it/resolve/main/generation_config.json HTTP/1.1" 200 0
2026-01-31 20:22:51,163 - DEBUG - https://huggingface.co:443 "HEAD /google/gemma-2-9b-it/resolve/main/custom_generate/generate.py HTTP/1.1" 404 0
2026-01-31 20:22:51,507 - DEBUG - https://huggingface.co:443 "HEAD /google/gemma-2-9b-it/resolve/main/tokenizer_config.json HTTP/1.1" 200 0
2026-01-31 20:22:51,685 - DEBUG - https://huggingface.co:443 "GET /api/models/google/gemma-2-9b-it/tree/main/additional_chat_templates?recursive=False&expand=False HTTP/1.1" 404 64
2026-01-31 20:22:55,728 - WARNING - With reduced precision, it is advised to use `from_pretrained_no_processing` instead of `from_pretrained`.
2026-01-31 20:23:02,744 - WARNING - You are not using LayerNorm, so the writing weights can't be centered! Skipping
2026-01-31 20:23:42,946 - DEBUG - https://huggingface.co:443 "HEAD /google/gemma-scope-9b-it-res/resolve/main/layer_20/width_16k/average_l0_91/params.npz HTTP/1.1" 302 0
2026-01-31 20:29:28,790 - INFO - PyTorch version 2.6.0 available.
2026-01-31 20:29:32,937 - DEBUG - Registering a new Serializable subclass: <class 'simple_parsing.helpers.serialization.serializable.Serializable'>
2026-01-31 20:29:32,937 - DEBUG - parents: [<class 'simple_parsing.helpers.serialization.serializable.SerializableMixin'>]
2026-01-31 20:29:32,937 - DEBUG - Registering a new Serializable subclass: <class 'simple_parsing.helpers.serialization.serializable.FrozenSerializable'>
2026-01-31 20:29:32,937 - DEBUG - parents: [<class 'simple_parsing.helpers.serialization.serializable.SerializableMixin'>]
2026-01-31 20:29:32,937 - DEBUG - Registering a new Serializable subclass: <class 'simple_parsing.helpers.serialization.serializable.SimpleSerializable'>
2026-01-31 20:29:32,938 - DEBUG - Registering a new Serializable subclass: <class 'simple_parsing.helpers.serialization.yaml_serialization.YamlSerializable'>
2026-01-31 20:29:32,938 - DEBUG - parents: [<class 'simple_parsing.helpers.serialization.serializable.Serializable'>, <class 'simple_parsing.helpers.serialization.serializable.SerializableMixin'>]
2026-01-31 20:29:32,938 - DEBUG - Parent class <class 'simple_parsing.helpers.serialization.serializable.Serializable'> has decode_into_subclasses = False
2026-01-31 20:29:32,938 - DEBUG - Registering a new Serializable subclass: <class 'simple_parsing.helpers.hparams.hyperparameters.BoundInfo'>
2026-01-31 20:29:32,938 - DEBUG - parents: [<class 'simple_parsing.helpers.serialization.serializable.Serializable'>, <class 'simple_parsing.helpers.serialization.serializable.SerializableMixin'>]
2026-01-31 20:29:32,938 - DEBUG - Parent class <class 'simple_parsing.helpers.serialization.serializable.Serializable'> has decode_into_subclasses = False
2026-01-31 20:29:32,939 - DEBUG - Registering a new Serializable subclass: <class 'simple_parsing.helpers.hparams.hyperparameters.HyperParameters'>
2026-01-31 20:29:35,127 - DEBUG - Starting new HTTPS connection (1): huggingface.co:443
2026-01-31 20:29:35,389 - DEBUG - https://huggingface.co:443 "HEAD /roberta-large-mnli/resolve/main/tokenizer_config.json HTTP/1.1" 200 0
2026-01-31 20:29:35,551 - DEBUG - https://huggingface.co:443 "GET /api/models/roberta-large-mnli/tree/main/additional_chat_templates?recursive=False&expand=False HTTP/1.1" 307 141
2026-01-31 20:29:35,749 - DEBUG - https://huggingface.co:443 "GET /api/models/FacebookAI/roberta-large-mnli/tree/main/additional_chat_templates?recursive=False&expand=False HTTP/1.1" 404 64
2026-01-31 20:29:36,031 - DEBUG - https://huggingface.co:443 "HEAD /roberta-large-mnli/resolve/main/config.json HTTP/1.1" 200 0
2026-01-31 20:29:38,970 - INFO - Use pytorch device_name: cuda:0
2026-01-31 20:29:38,970 - INFO - Load pretrained SentenceTransformer: all-MiniLM-L6-v2
2026-01-31 20:29:39,137 - DEBUG - https://huggingface.co:443 "HEAD /sentence-transformers/all-MiniLM-L6-v2/resolve/main/modules.json HTTP/1.1" 307 0
2026-01-31 20:29:39,161 - DEBUG - https://huggingface.co:443 "HEAD /api/resolve-cache/models/sentence-transformers/all-MiniLM-L6-v2/c9745ed1d9f207416be6d2e6f8de32d1f16199bf/modules.json HTTP/1.1" 200 0
2026-01-31 20:29:39,311 - DEBUG - https://huggingface.co:443 "HEAD /sentence-transformers/all-MiniLM-L6-v2/resolve/main/config_sentence_transformers.json HTTP/1.1" 307 0
2026-01-31 20:29:39,334 - DEBUG - https://huggingface.co:443 "HEAD /api/resolve-cache/models/sentence-transformers/all-MiniLM-L6-v2/c9745ed1d9f207416be6d2e6f8de32d1f16199bf/config_sentence_transformers.json HTTP/1.1" 200 0
2026-01-31 20:29:39,490 - DEBUG - https://huggingface.co:443 "HEAD /sentence-transformers/all-MiniLM-L6-v2/resolve/main/config_sentence_transformers.json HTTP/1.1" 307 0
2026-01-31 20:29:39,514 - DEBUG - https://huggingface.co:443 "HEAD /api/resolve-cache/models/sentence-transformers/all-MiniLM-L6-v2/c9745ed1d9f207416be6d2e6f8de32d1f16199bf/config_sentence_transformers.json HTTP/1.1" 200 0
2026-01-31 20:29:39,663 - DEBUG - https://huggingface.co:443 "HEAD /sentence-transformers/all-MiniLM-L6-v2/resolve/main/README.md HTTP/1.1" 307 0
2026-01-31 20:29:39,687 - DEBUG - https://huggingface.co:443 "HEAD /api/resolve-cache/models/sentence-transformers/all-MiniLM-L6-v2/c9745ed1d9f207416be6d2e6f8de32d1f16199bf/README.md HTTP/1.1" 200 0
2026-01-31 20:29:39,837 - DEBUG - https://huggingface.co:443 "HEAD /sentence-transformers/all-MiniLM-L6-v2/resolve/main/modules.json HTTP/1.1" 307 0
2026-01-31 20:29:39,862 - DEBUG - https://huggingface.co:443 "HEAD /api/resolve-cache/models/sentence-transformers/all-MiniLM-L6-v2/c9745ed1d9f207416be6d2e6f8de32d1f16199bf/modules.json HTTP/1.1" 200 0
2026-01-31 20:29:40,012 - DEBUG - https://huggingface.co:443 "HEAD /sentence-transformers/all-MiniLM-L6-v2/resolve/main/sentence_bert_config.json HTTP/1.1" 307 0
2026-01-31 20:29:40,037 - DEBUG - https://huggingface.co:443 "HEAD /api/resolve-cache/models/sentence-transformers/all-MiniLM-L6-v2/c9745ed1d9f207416be6d2e6f8de32d1f16199bf/sentence_bert_config.json HTTP/1.1" 200 0
2026-01-31 20:29:40,189 - DEBUG - https://huggingface.co:443 "HEAD /sentence-transformers/all-MiniLM-L6-v2/resolve/main/adapter_config.json HTTP/1.1" 404 0
2026-01-31 20:29:40,339 - DEBUG - https://huggingface.co:443 "HEAD /sentence-transformers/all-MiniLM-L6-v2/resolve/main/config.json HTTP/1.1" 307 0
2026-01-31 20:29:40,362 - DEBUG - https://huggingface.co:443 "HEAD /api/resolve-cache/models/sentence-transformers/all-MiniLM-L6-v2/c9745ed1d9f207416be6d2e6f8de32d1f16199bf/config.json HTTP/1.1" 200 0
2026-01-31 20:29:40,555 - DEBUG - https://huggingface.co:443 "HEAD /sentence-transformers/all-MiniLM-L6-v2/resolve/main/tokenizer_config.json HTTP/1.1" 307 0
2026-01-31 20:29:40,579 - DEBUG - https://huggingface.co:443 "HEAD /api/resolve-cache/models/sentence-transformers/all-MiniLM-L6-v2/c9745ed1d9f207416be6d2e6f8de32d1f16199bf/tokenizer_config.json HTTP/1.1" 200 0
2026-01-31 20:29:40,743 - DEBUG - https://huggingface.co:443 "GET /api/models/sentence-transformers/all-MiniLM-L6-v2/tree/main/additional_chat_templates?recursive=False&expand=False HTTP/1.1" 404 64
2026-01-31 20:29:40,938 - DEBUG - https://huggingface.co:443 "HEAD /sentence-transformers/all-MiniLM-L6-v2/resolve/main/1_Pooling/config.json HTTP/1.1" 307 0
2026-01-31 20:29:40,960 - DEBUG - https://huggingface.co:443 "HEAD /api/resolve-cache/models/sentence-transformers/all-MiniLM-L6-v2/c9745ed1d9f207416be6d2e6f8de32d1f16199bf/1_Pooling%2Fconfig.json HTTP/1.1" 200 0
2026-01-31 20:29:41,119 - DEBUG - https://huggingface.co:443 "GET /api/models/sentence-transformers/all-MiniLM-L6-v2 HTTP/1.1" 200 6983
2026-01-31 20:29:41,169 - WARNING - You tried to specify center_unembed=True for a model using logit softcap, but this can't be done! Softcapping is not invariant upon adding a constant Setting center_unembed=False instead.
2026-01-31 20:29:41,322 - DEBUG - https://huggingface.co:443 "HEAD /google/gemma-2-9b-it/resolve/main/config.json HTTP/1.1" 200 0
2026-01-31 20:29:44,506 - DEBUG - https://huggingface.co:443 "HEAD /google/gemma-2-9b-it/resolve/main/generation_config.json HTTP/1.1" 200 0
2026-01-31 20:29:44,663 - DEBUG - https://huggingface.co:443 "HEAD /google/gemma-2-9b-it/resolve/main/custom_generate/generate.py HTTP/1.1" 404 0
2026-01-31 20:29:44,979 - DEBUG - https://huggingface.co:443 "HEAD /google/gemma-2-9b-it/resolve/main/tokenizer_config.json HTTP/1.1" 200 0
2026-01-31 20:29:45,140 - DEBUG - https://huggingface.co:443 "GET /api/models/google/gemma-2-9b-it/tree/main/additional_chat_templates?recursive=False&expand=False HTTP/1.1" 404 64
2026-01-31 20:29:48,873 - WARNING - With reduced precision, it is advised to use `from_pretrained_no_processing` instead of `from_pretrained`.
2026-01-31 20:29:59,879 - WARNING - You are not using LayerNorm, so the writing weights can't be centered! Skipping
2026-01-31 20:30:54,816 - DEBUG - https://huggingface.co:443 "HEAD /google/gemma-scope-9b-it-res/resolve/main/layer_20/width_16k/average_l0_91/params.npz HTTP/1.1" 302 0
2026-01-31 20:57:18,863 - INFO - PyTorch version 2.6.0 available.
2026-01-31 20:57:22,509 - DEBUG - Registering a new Serializable subclass: <class 'simple_parsing.helpers.serialization.serializable.Serializable'>
2026-01-31 20:57:22,509 - DEBUG - parents: [<class 'simple_parsing.helpers.serialization.serializable.SerializableMixin'>]
2026-01-31 20:57:22,509 - DEBUG - Registering a new Serializable subclass: <class 'simple_parsing.helpers.serialization.serializable.FrozenSerializable'>
2026-01-31 20:57:22,509 - DEBUG - parents: [<class 'simple_parsing.helpers.serialization.serializable.SerializableMixin'>]
2026-01-31 20:57:22,510 - DEBUG - Registering a new Serializable subclass: <class 'simple_parsing.helpers.serialization.serializable.SimpleSerializable'>
2026-01-31 20:57:22,510 - DEBUG - Registering a new Serializable subclass: <class 'simple_parsing.helpers.serialization.yaml_serialization.YamlSerializable'>
2026-01-31 20:57:22,510 - DEBUG - parents: [<class 'simple_parsing.helpers.serialization.serializable.Serializable'>, <class 'simple_parsing.helpers.serialization.serializable.SerializableMixin'>]
2026-01-31 20:57:22,511 - DEBUG - Parent class <class 'simple_parsing.helpers.serialization.serializable.Serializable'> has decode_into_subclasses = False
2026-01-31 20:57:22,511 - DEBUG - Registering a new Serializable subclass: <class 'simple_parsing.helpers.hparams.hyperparameters.BoundInfo'>
2026-01-31 20:57:22,511 - DEBUG - parents: [<class 'simple_parsing.helpers.serialization.serializable.Serializable'>, <class 'simple_parsing.helpers.serialization.serializable.SerializableMixin'>]
2026-01-31 20:57:22,511 - DEBUG - Parent class <class 'simple_parsing.helpers.serialization.serializable.Serializable'> has decode_into_subclasses = False
2026-01-31 20:57:22,511 - DEBUG - Registering a new Serializable subclass: <class 'simple_parsing.helpers.hparams.hyperparameters.HyperParameters'>
2026-01-31 20:57:24,244 - DEBUG - Starting new HTTPS connection (1): huggingface.co:443
2026-01-31 20:57:24,498 - DEBUG - https://huggingface.co:443 "HEAD /roberta-large-mnli/resolve/main/tokenizer_config.json HTTP/1.1" 200 0
2026-01-31 20:57:24,655 - DEBUG - https://huggingface.co:443 "GET /api/models/roberta-large-mnli/tree/main/additional_chat_templates?recursive=False&expand=False HTTP/1.1" 307 141
2026-01-31 20:57:24,805 - DEBUG - https://huggingface.co:443 "GET /api/models/FacebookAI/roberta-large-mnli/tree/main/additional_chat_templates?recursive=False&expand=False HTTP/1.1" 404 64
2026-01-31 20:57:25,090 - DEBUG - https://huggingface.co:443 "HEAD /roberta-large-mnli/resolve/main/config.json HTTP/1.1" 200 0
2026-01-31 20:57:27,852 - INFO - Use pytorch device_name: cuda:0
2026-01-31 20:57:27,853 - INFO - Load pretrained SentenceTransformer: all-MiniLM-L6-v2
2026-01-31 20:57:28,003 - DEBUG - https://huggingface.co:443 "HEAD /sentence-transformers/all-MiniLM-L6-v2/resolve/main/modules.json HTTP/1.1" 307 0
2026-01-31 20:57:28,025 - DEBUG - https://huggingface.co:443 "HEAD /api/resolve-cache/models/sentence-transformers/all-MiniLM-L6-v2/c9745ed1d9f207416be6d2e6f8de32d1f16199bf/modules.json HTTP/1.1" 200 0
2026-01-31 20:57:28,175 - DEBUG - https://huggingface.co:443 "HEAD /sentence-transformers/all-MiniLM-L6-v2/resolve/main/config_sentence_transformers.json HTTP/1.1" 307 0
2026-01-31 20:57:28,197 - DEBUG - https://huggingface.co:443 "HEAD /api/resolve-cache/models/sentence-transformers/all-MiniLM-L6-v2/c9745ed1d9f207416be6d2e6f8de32d1f16199bf/config_sentence_transformers.json HTTP/1.1" 200 0
2026-01-31 20:57:28,345 - DEBUG - https://huggingface.co:443 "HEAD /sentence-transformers/all-MiniLM-L6-v2/resolve/main/config_sentence_transformers.json HTTP/1.1" 307 0
2026-01-31 20:57:28,368 - DEBUG - https://huggingface.co:443 "HEAD /api/resolve-cache/models/sentence-transformers/all-MiniLM-L6-v2/c9745ed1d9f207416be6d2e6f8de32d1f16199bf/config_sentence_transformers.json HTTP/1.1" 200 0
2026-01-31 20:57:28,520 - DEBUG - https://huggingface.co:443 "HEAD /sentence-transformers/all-MiniLM-L6-v2/resolve/main/README.md HTTP/1.1" 307 0
2026-01-31 20:57:28,544 - DEBUG - https://huggingface.co:443 "HEAD /api/resolve-cache/models/sentence-transformers/all-MiniLM-L6-v2/c9745ed1d9f207416be6d2e6f8de32d1f16199bf/README.md HTTP/1.1" 200 0
2026-01-31 20:57:28,692 - DEBUG - https://huggingface.co:443 "HEAD /sentence-transformers/all-MiniLM-L6-v2/resolve/main/modules.json HTTP/1.1" 307 0
2026-01-31 20:57:28,715 - DEBUG - https://huggingface.co:443 "HEAD /api/resolve-cache/models/sentence-transformers/all-MiniLM-L6-v2/c9745ed1d9f207416be6d2e6f8de32d1f16199bf/modules.json HTTP/1.1" 200 0
2026-01-31 20:57:28,871 - DEBUG - https://huggingface.co:443 "HEAD /sentence-transformers/all-MiniLM-L6-v2/resolve/main/sentence_bert_config.json HTTP/1.1" 307 0
2026-01-31 20:57:28,894 - DEBUG - https://huggingface.co:443 "HEAD /api/resolve-cache/models/sentence-transformers/all-MiniLM-L6-v2/c9745ed1d9f207416be6d2e6f8de32d1f16199bf/sentence_bert_config.json HTTP/1.1" 200 0
2026-01-31 20:57:29,058 - DEBUG - https://huggingface.co:443 "HEAD /sentence-transformers/all-MiniLM-L6-v2/resolve/main/adapter_config.json HTTP/1.1" 404 0
2026-01-31 20:57:29,210 - DEBUG - https://huggingface.co:443 "HEAD /sentence-transformers/all-MiniLM-L6-v2/resolve/main/config.json HTTP/1.1" 307 0
2026-01-31 20:57:29,234 - DEBUG - https://huggingface.co:443 "HEAD /api/resolve-cache/models/sentence-transformers/all-MiniLM-L6-v2/c9745ed1d9f207416be6d2e6f8de32d1f16199bf/config.json HTTP/1.1" 200 0
2026-01-31 20:57:29,414 - DEBUG - https://huggingface.co:443 "HEAD /sentence-transformers/all-MiniLM-L6-v2/resolve/main/tokenizer_config.json HTTP/1.1" 307 0
2026-01-31 20:57:29,436 - DEBUG - https://huggingface.co:443 "HEAD /api/resolve-cache/models/sentence-transformers/all-MiniLM-L6-v2/c9745ed1d9f207416be6d2e6f8de32d1f16199bf/tokenizer_config.json HTTP/1.1" 200 0
2026-01-31 20:57:29,590 - DEBUG - https://huggingface.co:443 "GET /api/models/sentence-transformers/all-MiniLM-L6-v2/tree/main/additional_chat_templates?recursive=False&expand=False HTTP/1.1" 404 64
2026-01-31 20:57:29,779 - DEBUG - https://huggingface.co:443 "HEAD /sentence-transformers/all-MiniLM-L6-v2/resolve/main/1_Pooling/config.json HTTP/1.1" 307 0
2026-01-31 20:57:29,801 - DEBUG - https://huggingface.co:443 "HEAD /api/resolve-cache/models/sentence-transformers/all-MiniLM-L6-v2/c9745ed1d9f207416be6d2e6f8de32d1f16199bf/1_Pooling%2Fconfig.json HTTP/1.1" 200 0
2026-01-31 20:57:29,956 - DEBUG - https://huggingface.co:443 "GET /api/models/sentence-transformers/all-MiniLM-L6-v2 HTTP/1.1" 200 6983
2026-01-31 20:57:30,008 - WARNING - You tried to specify center_unembed=True for a model using logit softcap, but this can't be done! Softcapping is not invariant upon adding a constant Setting center_unembed=False instead.
2026-01-31 20:57:30,169 - DEBUG - https://huggingface.co:443 "HEAD /google/gemma-2-9b-it/resolve/main/config.json HTTP/1.1" 200 0
2026-01-31 20:57:32,963 - DEBUG - https://huggingface.co:443 "HEAD /google/gemma-2-9b-it/resolve/main/generation_config.json HTTP/1.1" 200 0
2026-01-31 20:57:33,127 - DEBUG - https://huggingface.co:443 "HEAD /google/gemma-2-9b-it/resolve/main/custom_generate/generate.py HTTP/1.1" 404 0
2026-01-31 20:57:33,474 - DEBUG - https://huggingface.co:443 "HEAD /google/gemma-2-9b-it/resolve/main/tokenizer_config.json HTTP/1.1" 200 0
2026-01-31 20:57:33,641 - DEBUG - https://huggingface.co:443 "GET /api/models/google/gemma-2-9b-it/tree/main/additional_chat_templates?recursive=False&expand=False HTTP/1.1" 404 64
2026-01-31 20:57:37,286 - WARNING - With reduced precision, it is advised to use `from_pretrained_no_processing` instead of `from_pretrained`.
2026-01-31 20:57:44,039 - WARNING - You are not using LayerNorm, so the writing weights can't be centered! Skipping
2026-01-31 20:58:38,337 - DEBUG - https://huggingface.co:443 "HEAD /google/gemma-scope-9b-it-res/resolve/main/layer_20/width_16k/average_l0_91/params.npz HTTP/1.1" 302 0
2026-01-31 21:04:40,935 - INFO - PyTorch version 2.6.0 available.
2026-01-31 21:04:45,066 - DEBUG - Registering a new Serializable subclass: <class 'simple_parsing.helpers.serialization.serializable.Serializable'>
2026-01-31 21:04:45,066 - DEBUG - parents: [<class 'simple_parsing.helpers.serialization.serializable.SerializableMixin'>]
2026-01-31 21:04:45,066 - DEBUG - Registering a new Serializable subclass: <class 'simple_parsing.helpers.serialization.serializable.FrozenSerializable'>
2026-01-31 21:04:45,066 - DEBUG - parents: [<class 'simple_parsing.helpers.serialization.serializable.SerializableMixin'>]
2026-01-31 21:04:45,067 - DEBUG - Registering a new Serializable subclass: <class 'simple_parsing.helpers.serialization.serializable.SimpleSerializable'>
2026-01-31 21:04:45,067 - DEBUG - Registering a new Serializable subclass: <class 'simple_parsing.helpers.serialization.yaml_serialization.YamlSerializable'>
2026-01-31 21:04:45,068 - DEBUG - parents: [<class 'simple_parsing.helpers.serialization.serializable.Serializable'>, <class 'simple_parsing.helpers.serialization.serializable.SerializableMixin'>]
2026-01-31 21:04:45,068 - DEBUG - Parent class <class 'simple_parsing.helpers.serialization.serializable.Serializable'> has decode_into_subclasses = False
2026-01-31 21:04:45,068 - DEBUG - Registering a new Serializable subclass: <class 'simple_parsing.helpers.hparams.hyperparameters.BoundInfo'>
2026-01-31 21:04:45,068 - DEBUG - parents: [<class 'simple_parsing.helpers.serialization.serializable.Serializable'>, <class 'simple_parsing.helpers.serialization.serializable.SerializableMixin'>]
2026-01-31 21:04:45,068 - DEBUG - Parent class <class 'simple_parsing.helpers.serialization.serializable.Serializable'> has decode_into_subclasses = False
2026-01-31 21:04:45,068 - DEBUG - Registering a new Serializable subclass: <class 'simple_parsing.helpers.hparams.hyperparameters.HyperParameters'>
2026-01-31 21:04:47,366 - DEBUG - Starting new HTTPS connection (1): huggingface.co:443
2026-01-31 21:04:47,617 - DEBUG - https://huggingface.co:443 "HEAD /roberta-large-mnli/resolve/main/tokenizer_config.json HTTP/1.1" 200 0
2026-01-31 21:04:47,773 - DEBUG - https://huggingface.co:443 "GET /api/models/roberta-large-mnli/tree/main/additional_chat_templates?recursive=False&expand=False HTTP/1.1" 307 141
2026-01-31 21:04:47,942 - DEBUG - https://huggingface.co:443 "GET /api/models/FacebookAI/roberta-large-mnli/tree/main/additional_chat_templates?recursive=False&expand=False HTTP/1.1" 404 64
2026-01-31 21:04:48,263 - DEBUG - https://huggingface.co:443 "HEAD /roberta-large-mnli/resolve/main/config.json HTTP/1.1" 200 0
2026-01-31 21:04:52,323 - INFO - Use pytorch device_name: cuda:0
2026-01-31 21:04:52,323 - INFO - Load pretrained SentenceTransformer: all-MiniLM-L6-v2
2026-01-31 21:04:52,495 - DEBUG - https://huggingface.co:443 "HEAD /sentence-transformers/all-MiniLM-L6-v2/resolve/main/modules.json HTTP/1.1" 307 0
2026-01-31 21:04:52,518 - DEBUG - https://huggingface.co:443 "HEAD /api/resolve-cache/models/sentence-transformers/all-MiniLM-L6-v2/c9745ed1d9f207416be6d2e6f8de32d1f16199bf/modules.json HTTP/1.1" 200 0
2026-01-31 21:04:52,693 - DEBUG - https://huggingface.co:443 "HEAD /sentence-transformers/all-MiniLM-L6-v2/resolve/main/config_sentence_transformers.json HTTP/1.1" 307 0
2026-01-31 21:04:52,719 - DEBUG - https://huggingface.co:443 "HEAD /api/resolve-cache/models/sentence-transformers/all-MiniLM-L6-v2/c9745ed1d9f207416be6d2e6f8de32d1f16199bf/config_sentence_transformers.json HTTP/1.1" 200 0
2026-01-31 21:04:52,869 - DEBUG - https://huggingface.co:443 "HEAD /sentence-transformers/all-MiniLM-L6-v2/resolve/main/config_sentence_transformers.json HTTP/1.1" 307 0
2026-01-31 21:04:52,902 - DEBUG - https://huggingface.co:443 "HEAD /api/resolve-cache/models/sentence-transformers/all-MiniLM-L6-v2/c9745ed1d9f207416be6d2e6f8de32d1f16199bf/config_sentence_transformers.json HTTP/1.1" 200 0
2026-01-31 21:04:53,055 - DEBUG - https://huggingface.co:443 "HEAD /sentence-transformers/all-MiniLM-L6-v2/resolve/main/README.md HTTP/1.1" 307 0
2026-01-31 21:04:53,078 - DEBUG - https://huggingface.co:443 "HEAD /api/resolve-cache/models/sentence-transformers/all-MiniLM-L6-v2/c9745ed1d9f207416be6d2e6f8de32d1f16199bf/README.md HTTP/1.1" 200 0
2026-01-31 21:04:53,233 - DEBUG - https://huggingface.co:443 "HEAD /sentence-transformers/all-MiniLM-L6-v2/resolve/main/modules.json HTTP/1.1" 307 0
2026-01-31 21:04:53,257 - DEBUG - https://huggingface.co:443 "HEAD /api/resolve-cache/models/sentence-transformers/all-MiniLM-L6-v2/c9745ed1d9f207416be6d2e6f8de32d1f16199bf/modules.json HTTP/1.1" 200 0
2026-01-31 21:04:53,414 - DEBUG - https://huggingface.co:443 "HEAD /sentence-transformers/all-MiniLM-L6-v2/resolve/main/sentence_bert_config.json HTTP/1.1" 307 0
2026-01-31 21:04:53,437 - DEBUG - https://huggingface.co:443 "HEAD /api/resolve-cache/models/sentence-transformers/all-MiniLM-L6-v2/c9745ed1d9f207416be6d2e6f8de32d1f16199bf/sentence_bert_config.json HTTP/1.1" 200 0
2026-01-31 21:04:53,592 - DEBUG - https://huggingface.co:443 "HEAD /sentence-transformers/all-MiniLM-L6-v2/resolve/main/adapter_config.json HTTP/1.1" 404 0
2026-01-31 21:04:53,740 - DEBUG - https://huggingface.co:443 "HEAD /sentence-transformers/all-MiniLM-L6-v2/resolve/main/config.json HTTP/1.1" 307 0
2026-01-31 21:04:53,763 - DEBUG - https://huggingface.co:443 "HEAD /api/resolve-cache/models/sentence-transformers/all-MiniLM-L6-v2/c9745ed1d9f207416be6d2e6f8de32d1f16199bf/config.json HTTP/1.1" 200 0
2026-01-31 21:04:53,944 - DEBUG - https://huggingface.co:443 "HEAD /sentence-transformers/all-MiniLM-L6-v2/resolve/main/tokenizer_config.json HTTP/1.1" 307 0
2026-01-31 21:04:53,968 - DEBUG - https://huggingface.co:443 "HEAD /api/resolve-cache/models/sentence-transformers/all-MiniLM-L6-v2/c9745ed1d9f207416be6d2e6f8de32d1f16199bf/tokenizer_config.json HTTP/1.1" 200 0
2026-01-31 21:04:54,131 - DEBUG - https://huggingface.co:443 "GET /api/models/sentence-transformers/all-MiniLM-L6-v2/tree/main/additional_chat_templates?recursive=False&expand=False HTTP/1.1" 404 64
2026-01-31 21:04:54,340 - DEBUG - https://huggingface.co:443 "HEAD /sentence-transformers/all-MiniLM-L6-v2/resolve/main/1_Pooling/config.json HTTP/1.1" 307 0
2026-01-31 21:04:54,362 - DEBUG - https://huggingface.co:443 "HEAD /api/resolve-cache/models/sentence-transformers/all-MiniLM-L6-v2/c9745ed1d9f207416be6d2e6f8de32d1f16199bf/1_Pooling%2Fconfig.json HTTP/1.1" 200 0
2026-01-31 21:04:54,518 - DEBUG - https://huggingface.co:443 "GET /api/models/sentence-transformers/all-MiniLM-L6-v2 HTTP/1.1" 200 6983
2026-01-31 21:04:54,586 - WARNING - You tried to specify center_unembed=True for a model using logit softcap, but this can't be done! Softcapping is not invariant upon adding a constant Setting center_unembed=False instead.
2026-01-31 21:04:54,746 - DEBUG - https://huggingface.co:443 "HEAD /google/gemma-2-9b-it/resolve/main/config.json HTTP/1.1" 200 0
2026-01-31 21:04:57,708 - DEBUG - https://huggingface.co:443 "HEAD /google/gemma-2-9b-it/resolve/main/generation_config.json HTTP/1.1" 200 0
2026-01-31 21:04:57,865 - DEBUG - https://huggingface.co:443 "HEAD /google/gemma-2-9b-it/resolve/main/custom_generate/generate.py HTTP/1.1" 404 0
2026-01-31 21:04:58,207 - DEBUG - https://huggingface.co:443 "HEAD /google/gemma-2-9b-it/resolve/main/tokenizer_config.json HTTP/1.1" 200 0
2026-01-31 21:04:58,403 - DEBUG - https://huggingface.co:443 "GET /api/models/google/gemma-2-9b-it/tree/main/additional_chat_templates?recursive=False&expand=False HTTP/1.1" 404 64
2026-01-31 21:05:02,657 - WARNING - With reduced precision, it is advised to use `from_pretrained_no_processing` instead of `from_pretrained`.
2026-01-31 21:05:12,238 - WARNING - You are not using LayerNorm, so the writing weights can't be centered! Skipping
2026-01-31 21:06:03,951 - DEBUG - https://huggingface.co:443 "HEAD /google/gemma-scope-9b-it-res/resolve/main/layer_20/width_16k/average_l0_91/params.npz HTTP/1.1" 302 0
2026-01-31 21:14:03,250 - INFO - PyTorch version 2.6.0 available.
2026-01-31 21:14:07,188 - DEBUG - Registering a new Serializable subclass: <class 'simple_parsing.helpers.serialization.serializable.Serializable'>
2026-01-31 21:14:07,188 - DEBUG - parents: [<class 'simple_parsing.helpers.serialization.serializable.SerializableMixin'>]
2026-01-31 21:14:07,188 - DEBUG - Registering a new Serializable subclass: <class 'simple_parsing.helpers.serialization.serializable.FrozenSerializable'>
2026-01-31 21:14:07,188 - DEBUG - parents: [<class 'simple_parsing.helpers.serialization.serializable.SerializableMixin'>]
2026-01-31 21:14:07,188 - DEBUG - Registering a new Serializable subclass: <class 'simple_parsing.helpers.serialization.serializable.SimpleSerializable'>
2026-01-31 21:14:07,189 - DEBUG - Registering a new Serializable subclass: <class 'simple_parsing.helpers.serialization.yaml_serialization.YamlSerializable'>
2026-01-31 21:14:07,189 - DEBUG - parents: [<class 'simple_parsing.helpers.serialization.serializable.Serializable'>, <class 'simple_parsing.helpers.serialization.serializable.SerializableMixin'>]
2026-01-31 21:14:07,189 - DEBUG - Parent class <class 'simple_parsing.helpers.serialization.serializable.Serializable'> has decode_into_subclasses = False
2026-01-31 21:14:07,189 - DEBUG - Registering a new Serializable subclass: <class 'simple_parsing.helpers.hparams.hyperparameters.BoundInfo'>
2026-01-31 21:14:07,189 - DEBUG - parents: [<class 'simple_parsing.helpers.serialization.serializable.Serializable'>, <class 'simple_parsing.helpers.serialization.serializable.SerializableMixin'>]
2026-01-31 21:14:07,189 - DEBUG - Parent class <class 'simple_parsing.helpers.serialization.serializable.Serializable'> has decode_into_subclasses = False
2026-01-31 21:14:07,190 - DEBUG - Registering a new Serializable subclass: <class 'simple_parsing.helpers.hparams.hyperparameters.HyperParameters'>
2026-01-31 21:14:08,947 - DEBUG - Starting new HTTPS connection (1): huggingface.co:443
2026-01-31 21:14:09,196 - DEBUG - https://huggingface.co:443 "HEAD /roberta-large-mnli/resolve/main/tokenizer_config.json HTTP/1.1" 200 0
2026-01-31 21:14:09,353 - DEBUG - https://huggingface.co:443 "GET /api/models/roberta-large-mnli/tree/main/additional_chat_templates?recursive=False&expand=False HTTP/1.1" 307 141
2026-01-31 21:14:09,508 - DEBUG - https://huggingface.co:443 "GET /api/models/FacebookAI/roberta-large-mnli/tree/main/additional_chat_templates?recursive=False&expand=False HTTP/1.1" 404 64
2026-01-31 21:14:09,802 - DEBUG - https://huggingface.co:443 "HEAD /roberta-large-mnli/resolve/main/config.json HTTP/1.1" 200 0
2026-01-31 21:14:12,840 - INFO - Use pytorch device_name: cuda:0
2026-01-31 21:14:12,840 - INFO - Load pretrained SentenceTransformer: all-MiniLM-L6-v2
2026-01-31 21:14:12,990 - DEBUG - https://huggingface.co:443 "HEAD /sentence-transformers/all-MiniLM-L6-v2/resolve/main/modules.json HTTP/1.1" 307 0
2026-01-31 21:14:13,013 - DEBUG - https://huggingface.co:443 "HEAD /api/resolve-cache/models/sentence-transformers/all-MiniLM-L6-v2/c9745ed1d9f207416be6d2e6f8de32d1f16199bf/modules.json HTTP/1.1" 200 0
2026-01-31 21:14:13,164 - DEBUG - https://huggingface.co:443 "HEAD /sentence-transformers/all-MiniLM-L6-v2/resolve/main/config_sentence_transformers.json HTTP/1.1" 307 0
2026-01-31 21:14:13,186 - DEBUG - https://huggingface.co:443 "HEAD /api/resolve-cache/models/sentence-transformers/all-MiniLM-L6-v2/c9745ed1d9f207416be6d2e6f8de32d1f16199bf/config_sentence_transformers.json HTTP/1.1" 200 0
2026-01-31 21:14:13,337 - DEBUG - https://huggingface.co:443 "HEAD /sentence-transformers/all-MiniLM-L6-v2/resolve/main/config_sentence_transformers.json HTTP/1.1" 307 0
2026-01-31 21:14:13,360 - DEBUG - https://huggingface.co:443 "HEAD /api/resolve-cache/models/sentence-transformers/all-MiniLM-L6-v2/c9745ed1d9f207416be6d2e6f8de32d1f16199bf/config_sentence_transformers.json HTTP/1.1" 200 0
2026-01-31 21:14:13,514 - DEBUG - https://huggingface.co:443 "HEAD /sentence-transformers/all-MiniLM-L6-v2/resolve/main/README.md HTTP/1.1" 307 0
2026-01-31 21:14:13,536 - DEBUG - https://huggingface.co:443 "HEAD /api/resolve-cache/models/sentence-transformers/all-MiniLM-L6-v2/c9745ed1d9f207416be6d2e6f8de32d1f16199bf/README.md HTTP/1.1" 200 0
2026-01-31 21:14:13,707 - DEBUG - https://huggingface.co:443 "HEAD /sentence-transformers/all-MiniLM-L6-v2/resolve/main/modules.json HTTP/1.1" 307 0
2026-01-31 21:14:13,729 - DEBUG - https://huggingface.co:443 "HEAD /api/resolve-cache/models/sentence-transformers/all-MiniLM-L6-v2/c9745ed1d9f207416be6d2e6f8de32d1f16199bf/modules.json HTTP/1.1" 200 0
2026-01-31 21:14:13,879 - DEBUG - https://huggingface.co:443 "HEAD /sentence-transformers/all-MiniLM-L6-v2/resolve/main/sentence_bert_config.json HTTP/1.1" 307 0
2026-01-31 21:14:13,901 - DEBUG - https://huggingface.co:443 "HEAD /api/resolve-cache/models/sentence-transformers/all-MiniLM-L6-v2/c9745ed1d9f207416be6d2e6f8de32d1f16199bf/sentence_bert_config.json HTTP/1.1" 200 0
2026-01-31 21:14:14,052 - DEBUG - https://huggingface.co:443 "HEAD /sentence-transformers/all-MiniLM-L6-v2/resolve/main/adapter_config.json HTTP/1.1" 404 0
2026-01-31 21:14:14,202 - DEBUG - https://huggingface.co:443 "HEAD /sentence-transformers/all-MiniLM-L6-v2/resolve/main/config.json HTTP/1.1" 307 0
2026-01-31 21:14:14,231 - DEBUG - https://huggingface.co:443 "HEAD /api/resolve-cache/models/sentence-transformers/all-MiniLM-L6-v2/c9745ed1d9f207416be6d2e6f8de32d1f16199bf/config.json HTTP/1.1" 200 0
2026-01-31 21:14:14,410 - DEBUG - https://huggingface.co:443 "HEAD /sentence-transformers/all-MiniLM-L6-v2/resolve/main/tokenizer_config.json HTTP/1.1" 307 0
2026-01-31 21:14:14,432 - DEBUG - https://huggingface.co:443 "HEAD /api/resolve-cache/models/sentence-transformers/all-MiniLM-L6-v2/c9745ed1d9f207416be6d2e6f8de32d1f16199bf/tokenizer_config.json HTTP/1.1" 200 0
2026-01-31 21:14:14,587 - DEBUG - https://huggingface.co:443 "GET /api/models/sentence-transformers/all-MiniLM-L6-v2/tree/main/additional_chat_templates?recursive=False&expand=False HTTP/1.1" 404 64
2026-01-31 21:14:14,775 - DEBUG - https://huggingface.co:443 "HEAD /sentence-transformers/all-MiniLM-L6-v2/resolve/main/1_Pooling/config.json HTTP/1.1" 307 0
2026-01-31 21:14:14,797 - DEBUG - https://huggingface.co:443 "HEAD /api/resolve-cache/models/sentence-transformers/all-MiniLM-L6-v2/c9745ed1d9f207416be6d2e6f8de32d1f16199bf/1_Pooling%2Fconfig.json HTTP/1.1" 200 0
2026-01-31 21:14:14,949 - DEBUG - https://huggingface.co:443 "GET /api/models/sentence-transformers/all-MiniLM-L6-v2 HTTP/1.1" 200 6983
2026-01-31 21:14:14,994 - WARNING - You tried to specify center_unembed=True for a model using logit softcap, but this can't be done! Softcapping is not invariant upon adding a constant Setting center_unembed=False instead.
2026-01-31 21:14:15,155 - DEBUG - https://huggingface.co:443 "HEAD /google/gemma-2-9b-it/resolve/main/config.json HTTP/1.1" 200 0
2026-01-31 21:14:17,874 - DEBUG - https://huggingface.co:443 "HEAD /google/gemma-2-9b-it/resolve/main/generation_config.json HTTP/1.1" 200 0
2026-01-31 21:14:18,049 - DEBUG - https://huggingface.co:443 "HEAD /google/gemma-2-9b-it/resolve/main/custom_generate/generate.py HTTP/1.1" 404 0
2026-01-31 21:14:18,458 - DEBUG - https://huggingface.co:443 "HEAD /google/gemma-2-9b-it/resolve/main/tokenizer_config.json HTTP/1.1" 200 0
2026-01-31 21:14:18,623 - DEBUG - https://huggingface.co:443 "GET /api/models/google/gemma-2-9b-it/tree/main/additional_chat_templates?recursive=False&expand=False HTTP/1.1" 404 64
2026-01-31 21:14:22,693 - WARNING - With reduced precision, it is advised to use `from_pretrained_no_processing` instead of `from_pretrained`.
2026-01-31 21:14:29,235 - WARNING - You are not using LayerNorm, so the writing weights can't be centered! Skipping
2026-01-31 21:15:15,305 - DEBUG - https://huggingface.co:443 "HEAD /google/gemma-scope-9b-it-res/resolve/main/layer_20/width_16k/average_l0_91/params.npz HTTP/1.1" 302 0
